Log file open, 05/11/19 04:33:11
LogWindows: Failed to load 'aqProf.dll' (GetLastError=126)
LogWindows: File 'aqProf.dll' does not exist
LogWindows: Failed to load 'VtuneApi.dll' (GetLastError=126)
LogWindows: File 'VtuneApi.dll' does not exist
LogWindows: Failed to load 'VtuneApi32e.dll' (GetLastError=126)
LogWindows: File 'VtuneApi32e.dll' does not exist
LogConsoleResponse: Display: Failed to find resolution value strings in scalability ini. Falling back to default.
LogInit: Display: Running engine for game: GameJam2_2
LogPakFile: Registered encryption key '00000000000000000000000000000000': 0 pak files mounted, 0 remain pending
LogPlatformFile: Not using cached read wrapper
LogTaskGraph: Started task graph with 5 named threads and 23 total threads with 3 sets of task threads.
LogStats: Stats thread started at 0.271186
LogD3D11RHI: Loaded GFSDK_Aftermath_Lib.x64.dll
LogICUInternationalization: ICU TimeZone Detection - Raw Offset: +0:00, Platform Override: ''
LogPluginManager: Mounting plugin Paper2D
LogPluginManager: Mounting plugin AISupport
LogPluginManager: Mounting plugin LightPropagationVolume
LogPluginManager: Mounting plugin ActorLayerUtilities
LogPluginManager: Mounting plugin AnimationSharing
LogPluginManager: Mounting plugin CLionSourceCodeAccess
LogPluginManager: Mounting plugin CodeLiteSourceCodeAccess
LogPluginManager: Mounting plugin GitSourceControl
LogPluginManager: Mounting plugin KDevelopSourceCodeAccess
LogPluginManager: Mounting plugin NullSourceCodeAccess
LogPluginManager: Mounting plugin PerforceSourceControl
LogPluginManager: Mounting plugin SubversionSourceControl
LogPluginManager: Mounting plugin UObjectPlugin
LogPluginManager: Mounting plugin VisualStudioCodeSourceCodeAccess
LogPluginManager: Mounting plugin VisualStudioSourceCodeAccess
LogPluginManager: Mounting plugin XCodeSourceCodeAccess
LogPluginManager: Mounting plugin AssetManagerEditor
LogPluginManager: Mounting plugin CryptoKeys
LogPluginManager: Mounting plugin DataValidation
LogPluginManager: Mounting plugin EditorScriptingUtilities
LogPluginManager: Mounting plugin FacialAnimation
LogPluginManager: Mounting plugin GameplayTagsEditor
LogPluginManager: Mounting plugin GLTFImporter
LogPluginManager: Mounting plugin MacGraphicsSwitching
LogPluginManager: Mounting plugin MaterialAnalyzer
LogPluginManager: Mounting plugin MeshEditor
LogPluginManager: Mounting plugin MobileLauncherProfileWizard
LogPluginManager: Mounting plugin PluginBrowser
LogPluginManager: Mounting plugin SpeedTreeImporter
LogPluginManager: Mounting plugin DatasmithContent
LogPluginManager: Mounting plugin VariantManagerContent
LogPluginManager: Mounting plugin AlembicImporter
LogPluginManager: Mounting plugin AppleImageUtils
LogPluginManager: Mounting plugin AppleVision
LogPluginManager: Mounting plugin BackChannel
LogPluginManager: Mounting plugin BlastPlugin
LogPluginManager: Mounting plugin ChaosSolverPlugin
LogPluginManager: Mounting plugin CharacterAI
LogPluginManager: Mounting plugin GeometryCache
LogPluginManager: Mounting plugin GeometryCollectionPlugin
LogPluginManager: Mounting plugin HTML5Networking
LogPluginManager: Mounting plugin ProxyLODPlugin
LogPluginManager: Mounting plugin SkeletalReduction
LogPluginManager: Mounting plugin MagicLeap
LogPluginManager: Mounting plugin MagicLeapMedia
LogPluginManager: Mounting plugin AndroidMedia
LogPluginManager: Mounting plugin AvfMedia
LogPluginManager: Mounting plugin ImgMedia
LogPluginManager: Mounting plugin LinearTimecode
LogPluginManager: Mounting plugin MediaCompositing
LogPluginManager: Mounting plugin MediaPlayerEditor
LogPluginManager: Mounting plugin WebMMedia
LogPluginManager: Mounting plugin WmfMedia
LogPluginManager: Mounting plugin TcpMessaging
LogPluginManager: Mounting plugin UdpMessaging
LogPluginManager: Mounting plugin ActorSequence
LogPluginManager: Mounting plugin LevelSequenceEditor
LogPluginManager: Mounting plugin MatineeToLevelSequence
LogPluginManager: Mounting plugin NetcodeUnitTest
LogPluginManager: Mounting plugin NUTUnrealEngine4
LogPluginManager: Mounting plugin OnlineSubsystemGooglePlay
LogPluginManager: Mounting plugin OnlineSubsystemIOS
LogPluginManager: Mounting plugin OnlineSubsystem
LogPluginManager: Mounting plugin OnlineSubsystemNull
LogPluginManager: Mounting plugin OnlineSubsystemUtils
LogPluginManager: Mounting plugin LauncherChunkInstaller
LogPluginManager: Mounting plugin AndroidDeviceProfileSelector
LogPluginManager: Mounting plugin AndroidMoviePlayer
LogPluginManager: Mounting plugin AndroidPermission
LogPluginManager: Mounting plugin AppleMoviePlayer
LogPluginManager: Mounting plugin ArchVisCharacter
LogPluginManager: Mounting plugin AudioCapture
LogPluginManager: Mounting plugin CableComponent
LogPluginManager: Mounting plugin CustomMeshComponent
LogPluginManager: Mounting plugin EditableMesh
LogPluginManager: Mounting plugin ExampleDeviceProfileSelector
LogPluginManager: Mounting plugin Firebase
LogPluginManager: Mounting plugin GoogleCloudMessaging
LogPluginManager: Mounting plugin IOSDeviceProfileSelector
LogPluginManager: Mounting plugin LinuxDeviceProfileSelector
LogPluginManager: Mounting plugin LocationServicesBPLibrary
LogPluginManager: Mounting plugin MobilePatchingUtils
LogPluginManager: Mounting plugin OculusVR
LogPluginManager: Mounting plugin PhysXVehicles
LogPluginManager: Mounting plugin ProceduralMeshComponent
LogPluginManager: Mounting plugin RuntimePhysXCooking
LogPluginManager: Mounting plugin SignificanceManager
LogPluginManager: Mounting plugin SteamVR
LogPluginManager: Mounting plugin WebMMoviePlayer
LogPluginManager: Mounting plugin WindowsMoviePlayer
LogPluginManager: Mounting plugin DatasmithCADImporter
LogPluginManager: Mounting plugin DatasmithDataPrepEditor
LogPluginManager: Mounting plugin DatasmithFBXImporter
LogPluginManager: Mounting plugin DatasmithGLTFImporter
LogPluginManager: Mounting plugin DatasmithImporter
LogPluginManager: Mounting plugin MDLImporter
LogPluginManager: Mounting plugin StaticMeshEditorExtension
LogPluginManager: Mounting plugin VariantManager
LogInit: Using libcurl 7.55.1-DEV
LogInit:  - built for x86_64-pc-win32
LogInit:  - supports SSL with OpenSSL/1.1.1
LogInit:  - supports HTTP deflate (compression) using libz 1.2.8
LogInit:  - other features:
LogInit:      CURL_VERSION_SSL
LogInit:      CURL_VERSION_LIBZ
LogInit:      CURL_VERSION_IPV6
LogInit:      CURL_VERSION_ASYNCHDNS
LogInit:      CURL_VERSION_LARGEFILE
LogInit:      CURL_VERSION_IDN
LogInit:  CurlRequestOptions (configurable via config and command line):
LogInit:  - bVerifyPeer = true  - Libcurl will verify peer certificate
LogInit:  - bUseHttpProxy = false  - Libcurl will NOT use HTTP proxy
LogInit:  - bDontReuseConnections = false  - Libcurl will reuse connections
LogInit:  - MaxHostConnections = 16  - Libcurl will limit the number of connections to a host
LogInit:  - LocalHostAddr = Default
LogInit:  - BufferSize = 65536
LogInit: WinSock: version 1.1 (2.2), MaxSocks=32767, MaxUdp=65467
LogInit: Build: ++UE4+Release-4.22-CL-6063286
LogInit: Engine Version: 4.22.1-6063286+++UE4+Release-4.22
LogInit: Compatible Engine Version: 4.22.0-5660361+++UE4+Release-4.22
LogInit: Net CL: 5660361
LogInit: OS: Windows 10 (Release 1809) (), CPU: Intel(R) Core(TM) i7-6700K CPU @ 4.00GHz, GPU: NVIDIA GeForce GTX 1080
LogInit: Compiled (64-bit): Apr 24 2019 04:36:48
LogInit: Compiled with Visual C++: 19.16.27025.01
LogInit: Build Configuration: Development
LogInit: Branch Name: ++UE4+Release-4.22
LogInit: Command Line:  /Game/ThirdPersonBP/Maps/ThirdPersonExampleMap -game -PIEVIACONSOLE -ResX=1280 -ResY=720 -Multiprocess -messaging -SessionName="Play in Standalone Game" -windowed
LogInit: Base Directory: C:/Program Files/Epic Games/UE_4.22/Engine/Binaries/Win64/
LogInit: Installed Engine Build: 1
LogDevObjectVersion: Number of dev versions registered: 23
LogDevObjectVersion:   Dev-Blueprints (B0D832E4-1F89-4F0D-ACCF-7EB736FD4AA2): 10
LogDevObjectVersion:   Dev-Build (E1C64328-A22C-4D53-A36C-8E866417BD8C): 0
LogDevObjectVersion:   Dev-Core (375EC13C-06E4-48FB-B500-84F0262A717E): 3
LogDevObjectVersion:   Dev-Editor (E4B068ED-F494-42E9-A231-DA0B2E46BB41): 30
LogDevObjectVersion:   Dev-Framework (CFFC743F-43B0-4480-9391-14DF171D2073): 35
LogDevObjectVersion:   Dev-Mobile (B02B49B5-BB20-44E9-A304-32B752E40360): 2
LogDevObjectVersion:   Dev-Networking (A4E4105C-59A1-49B5-A7C5-40C4547EDFEE): 0
LogDevObjectVersion:   Dev-Online (39C831C9-5AE6-47DC-9A44-9C173E1C8E7C): 0
LogDevObjectVersion:   Dev-Physics (78F01B33-EBEA-4F98-B9B4-84EACCB95AA2): 0
LogDevObjectVersion:   Dev-Platform (6631380F-2D4D-43E0-8009-CF276956A95A): 0
LogDevObjectVersion:   Dev-Rendering (12F88B9F-8875-4AFC-A67C-D90C383ABD29): 28
LogDevObjectVersion:   Dev-Sequencer (7B5AE74C-D270-4C10-A958-57980B212A5A): 11
LogDevObjectVersion:   Dev-VR (D7296918-1DD6-4BDD-9DE2-64A83CC13884): 2
LogDevObjectVersion:   Dev-LoadTimes (C2A15278-BFE7-4AFE-6C17-90FF531DF755): 1
LogDevObjectVersion:   Private-Geometry (6EACA3D4-40EC-4CC1-B786-8BED09428FC5): 3
LogDevObjectVersion:   Dev-AnimPhys (29E575DD-E0A3-4627-9D10-D276232CDCEA): 17
LogDevObjectVersion:   Dev-Anim (AF43A65D-7FD3-4947-9873-3E8ED9C1BB05): 2
LogDevObjectVersion:   Dev-ReflectionCapture (6B266CEC-1EC7-4B8F-A30B-E4D90942FC07): 1
LogDevObjectVersion:   Dev-Automation (0DF73D61-A23F-47EA-B727-89E90C41499A): 1
LogDevObjectVersion:   FortniteMain (601D1886-AC64-4F84-AA16-D3DE0DEAC7D6): 25
LogDevObjectVersion:   Dev-Enterprise (9DFFBCD6-494F-0158-E221-12823C92A888): 6
LogDevObjectVersion:   Dev-Niagara (F2AED0AC-9AFE-416F-8664-AA7FFA26D6FC): 1
LogDevObjectVersion:   Dev-Destruction (174F1F0B-B4C6-45A5-B13F-2EE8D0FB917D): 2
LogInit: Presizing for max 16777216 objects, including 0 objects not considered by GC, pre-allocating 0 bytes for permanent pool.
LogInit: Object subsystem initialized
LogConfig: Setting CVar [[con.DebugEarlyDefault:1]]
LogConfig: Setting CVar [[r.setres:1280x720]]
[2019.05.11-03.33.11:678][  0]LogConfig: Setting CVar [[con.DebugEarlyDefault:1]]
[2019.05.11-03.33.11:678][  0]LogConfig: Setting CVar [[r.setres:1280x720]]
[2019.05.11-03.33.11:678][  0]LogConfig: Applying CVar settings from Section [/Script/Engine.RendererSettings] File [C:/Users/localuser/Documents/GitHub/GameJam10_5_19/Saved/Config/Windows/Engine.ini]
[2019.05.11-03.33.11:678][  0]LogConfig: Setting CVar [[r.GPUCrashDebugging:0]]
[2019.05.11-03.33.11:678][  0]LogConfig: Applying CVar settings from Section [/Script/Engine.RendererOverrideSettings] File [C:/Users/localuser/Documents/GitHub/GameJam10_5_19/Saved/Config/Windows/Engine.ini]
[2019.05.11-03.33.11:678][  0]LogConfig: Applying CVar settings from Section [/Script/Engine.StreamingSettings] File [C:/Users/localuser/Documents/GitHub/GameJam10_5_19/Saved/Config/Windows/Engine.ini]
[2019.05.11-03.33.11:678][  0]LogConfig: Setting CVar [[s.MinBulkDataSizeForAsyncLoading:131072]]
[2019.05.11-03.33.11:678][  0]LogConfig: Setting CVar [[s.AsyncLoadingThreadEnabled:0]]
[2019.05.11-03.33.11:678][  0]LogConfig: Setting CVar [[s.EventDrivenLoaderEnabled:1]]
[2019.05.11-03.33.11:678][  0]LogConfig: Setting CVar [[s.WarnIfTimeLimitExceeded:0]]
[2019.05.11-03.33.11:678][  0]LogConfig: Setting CVar [[s.TimeLimitExceededMultiplier:1.5]]
[2019.05.11-03.33.11:678][  0]LogConfig: Setting CVar [[s.TimeLimitExceededMinTime:0.005]]
[2019.05.11-03.33.11:678][  0]LogConfig: Setting CVar [[s.UseBackgroundLevelStreaming:1]]
[2019.05.11-03.33.11:678][  0]LogConfig: Setting CVar [[s.PriorityAsyncLoadingExtraTime:15.0]]
[2019.05.11-03.33.11:678][  0]LogConfig: Setting CVar [[s.LevelStreamingActorsUpdateTimeLimit:5.0]]
[2019.05.11-03.33.11:678][  0]LogConfig: Setting CVar [[s.PriorityLevelStreamingActorsUpdateExtraTime:5.0]]
[2019.05.11-03.33.11:678][  0]LogConfig: Setting CVar [[s.LevelStreamingComponentsRegistrationGranularity:10]]
[2019.05.11-03.33.11:678][  0]LogConfig: Setting CVar [[s.UnregisterComponentsTimeLimit:1.0]]
[2019.05.11-03.33.11:678][  0]LogConfig: Setting CVar [[s.LevelStreamingComponentsUnregistrationGranularity:5]]
[2019.05.11-03.33.11:678][  0]LogConfig: Applying CVar settings from Section [/Script/Engine.GarbageCollectionSettings] File [C:/Users/localuser/Documents/GitHub/GameJam10_5_19/Saved/Config/Windows/Engine.ini]
[2019.05.11-03.33.11:678][  0]LogConfig: Setting CVar [[gc.MaxObjectsNotConsideredByGC:1]]
[2019.05.11-03.33.11:678][  0]LogConfig: Setting CVar [[gc.SizeOfPermanentObjectPool:0]]
[2019.05.11-03.33.11:678][  0]LogConfig: Setting CVar [[gc.FlushStreamingOnGC:0]]
[2019.05.11-03.33.11:678][  0]LogConfig: Setting CVar [[gc.NumRetriesBeforeForcingGC:10]]
[2019.05.11-03.33.11:678][  0]LogConfig: Setting CVar [[gc.AllowParallelGC:1]]
[2019.05.11-03.33.11:678][  0]LogConfig: Setting CVar [[gc.TimeBetweenPurgingPendingKillObjects:61.1]]
[2019.05.11-03.33.11:678][  0]LogConfig: Setting CVar [[gc.MaxObjectsInEditor:16777216]]
[2019.05.11-03.33.11:678][  0]LogConfig: Setting CVar [[gc.IncrementalBeginDestroyEnabled:1]]
[2019.05.11-03.33.11:678][  0]LogConfig: Setting CVar [[gc.CreateGCClusters:1]]
[2019.05.11-03.33.11:678][  0]LogConfig: Setting CVar [[gc.MinGCClusterSize:5]]
[2019.05.11-03.33.11:678][  0]LogConfig: Setting CVar [[gc.ActorClusteringEnabled:0]]
[2019.05.11-03.33.11:678][  0]LogConfig: Setting CVar [[gc.BlueprintClusteringEnabled:0]]
[2019.05.11-03.33.11:678][  0]LogConfig: Setting CVar [[gc.UseDisregardForGCOnDedicatedServers:0]]
[2019.05.11-03.33.11:678][  0]LogConfig: Applying CVar settings from Section [/Script/Engine.NetworkSettings] File [C:/Users/localuser/Documents/GitHub/GameJam10_5_19/Saved/Config/Windows/Engine.ini]
[2019.05.11-03.33.11:678][  0]LogConfig: Applying CVar settings from Section [/Script/UnrealEd.CookerSettings] File [C:/Users/localuser/Documents/GitHub/GameJam10_5_19/Saved/Config/Windows/Engine.ini]
[2019.05.11-03.33.11:680][  0]LogConfig: Applying CVar settings from Section [ViewDistanceQuality@3] File [C:/Users/localuser/Documents/GitHub/GameJam10_5_19/Saved/Config/Windows/Scalability.ini]
[2019.05.11-03.33.11:680][  0]LogConfig: Setting CVar [[r.SkeletalMeshLODBias:0]]
[2019.05.11-03.33.11:680][  0]LogConfig: Setting CVar [[r.ViewDistanceScale:1.0]]
[2019.05.11-03.33.11:680][  0]LogConfig: Applying CVar settings from Section [AntiAliasingQuality@3] File [C:/Users/localuser/Documents/GitHub/GameJam10_5_19/Saved/Config/Windows/Scalability.ini]
[2019.05.11-03.33.11:680][  0]LogConfig: Setting CVar [[r.PostProcessAAQuality:4]]
[2019.05.11-03.33.11:680][  0]LogConfig: Applying CVar settings from Section [ShadowQuality@3] File [C:/Users/localuser/Documents/GitHub/GameJam10_5_19/Saved/Config/Windows/Scalability.ini]
[2019.05.11-03.33.11:680][  0]LogConfig: Setting CVar [[r.LightFunctionQuality:1]]
[2019.05.11-03.33.11:680][  0]LogConfig: Setting CVar [[r.ShadowQuality:5]]
[2019.05.11-03.33.11:680][  0]LogConfig: Setting CVar [[r.Shadow.CSM.MaxCascades:10]]
[2019.05.11-03.33.11:680][  0]LogConfig: Setting CVar [[r.Shadow.MaxResolution:2048]]
[2019.05.11-03.33.11:680][  0]LogConfig: Setting CVar [[r.Shadow.MaxCSMResolution:2048]]
[2019.05.11-03.33.11:680][  0]LogConfig: Setting CVar [[r.Shadow.RadiusThreshold:0.01]]
[2019.05.11-03.33.11:680][  0]LogConfig: Setting CVar [[r.Shadow.DistanceScale:1.0]]
[2019.05.11-03.33.11:680][  0]LogConfig: Setting CVar [[r.Shadow.CSM.TransitionScale:1.0]]
[2019.05.11-03.33.11:680][  0]LogConfig: Setting CVar [[r.Shadow.PreShadowResolutionFactor:1.0]]
[2019.05.11-03.33.11:680][  0]LogConfig: Setting CVar [[r.DistanceFieldShadowing:1]]
[2019.05.11-03.33.11:680][  0]LogConfig: Setting CVar [[r.DistanceFieldAO:1]]
[2019.05.11-03.33.11:680][  0]LogConfig: Setting CVar [[r.AOQuality:2]]
[2019.05.11-03.33.11:680][  0]LogConfig: Setting CVar [[r.VolumetricFog:1]]
[2019.05.11-03.33.11:680][  0]LogConfig: Setting CVar [[r.VolumetricFog.GridPixelSize:8]]
[2019.05.11-03.33.11:680][  0]LogConfig: Setting CVar [[r.VolumetricFog.GridSizeZ:128]]
[2019.05.11-03.33.11:680][  0]LogConfig: Setting CVar [[r.VolumetricFog.HistoryMissSupersampleCount:4]]
[2019.05.11-03.33.11:680][  0]LogConfig: Setting CVar [[r.LightMaxDrawDistanceScale:1]]
[2019.05.11-03.33.11:680][  0]LogConfig: Setting CVar [[r.CapsuleShadows:1]]
[2019.05.11-03.33.11:680][  0]LogConfig: Applying CVar settings from Section [PostProcessQuality@3] File [C:/Users/localuser/Documents/GitHub/GameJam10_5_19/Saved/Config/Windows/Scalability.ini]
[2019.05.11-03.33.11:680][  0]LogConfig: Setting CVar [[r.MotionBlurQuality:4]]
[2019.05.11-03.33.11:680][  0]LogConfig: Setting CVar [[r.AmbientOcclusionMipLevelFactor:0.4]]
[2019.05.11-03.33.11:680][  0]LogConfig: Setting CVar [[r.AmbientOcclusionMaxQuality:100]]
[2019.05.11-03.33.11:680][  0]LogConfig: Setting CVar [[r.AmbientOcclusionLevels:-1]]
[2019.05.11-03.33.11:680][  0]LogConfig: Setting CVar [[r.AmbientOcclusionRadiusScale:1.0]]
[2019.05.11-03.33.11:680][  0]LogConfig: Setting CVar [[r.DepthOfFieldQuality:2]]
[2019.05.11-03.33.11:680][  0]LogConfig: Setting CVar [[r.RenderTargetPoolMin:400]]
[2019.05.11-03.33.11:680][  0]LogConfig: Setting CVar [[r.LensFlareQuality:2]]
[2019.05.11-03.33.11:680][  0]LogConfig: Setting CVar [[r.SceneColorFringeQuality:1]]
[2019.05.11-03.33.11:680][  0]LogConfig: Setting CVar [[r.EyeAdaptationQuality:2]]
[2019.05.11-03.33.11:680][  0]LogConfig: Setting CVar [[r.BloomQuality:5]]
[2019.05.11-03.33.11:680][  0]LogConfig: Setting CVar [[r.FastBlurThreshold:100]]
[2019.05.11-03.33.11:681][  0]LogConfig: Setting CVar [[r.Upscale.Quality:3]]
[2019.05.11-03.33.11:681][  0]LogConfig: Setting CVar [[r.Tonemapper.GrainQuantization:1]]
[2019.05.11-03.33.11:681][  0]LogConfig: Setting CVar [[r.LightShaftQuality:1]]
[2019.05.11-03.33.11:681][  0]LogConfig: Setting CVar [[r.Filter.SizeScale:1]]
[2019.05.11-03.33.11:681][  0]LogConfig: Setting CVar [[r.Tonemapper.Quality:5]]
[2019.05.11-03.33.11:681][  0]LogConfig: Setting CVar [[r.DOF.Gather.AccumulatorQuality:1        ; higher gathering accumulator quality]]
[2019.05.11-03.33.11:681][  0]LogConfig: Setting CVar [[r.DOF.Gather.PostfilterMethod:1          ; Median3x3 postfilering method]]
[2019.05.11-03.33.11:681][  0]LogConfig: Setting CVar [[r.DOF.Gather.EnableBokehSettings:0       ; no bokeh simulation when gathering]]
[2019.05.11-03.33.11:681][  0]LogConfig: Setting CVar [[r.DOF.Gather.RingCount:4                 ; medium number of samples when gathering]]
[2019.05.11-03.33.11:681][  0]LogConfig: Setting CVar [[r.DOF.Scatter.ForegroundCompositing:1    ; additive foreground scattering]]
[2019.05.11-03.33.11:681][  0]LogConfig: Setting CVar [[r.DOF.Scatter.BackgroundCompositing:2    ; additive background scattering]]
[2019.05.11-03.33.11:681][  0]LogConfig: Setting CVar [[r.DOF.Scatter.EnableBokehSettings:1      ; bokeh simulation when scattering]]
[2019.05.11-03.33.11:681][  0]LogConfig: Setting CVar [[r.DOF.Scatter.MaxSpriteRatio:0.1         ; only a maximum of 10% of scattered bokeh]]
[2019.05.11-03.33.11:681][  0]LogConfig: Setting CVar [[r.DOF.Recombine.Quality:1                ; cheap slight out of focus]]
[2019.05.11-03.33.11:681][  0]LogConfig: Setting CVar [[r.DOF.Recombine.EnableBokehSettings:0    ; no bokeh simulation on slight out of focus]]
[2019.05.11-03.33.11:681][  0]LogConfig: Setting CVar [[r.DOF.TemporalAAQuality:1                ; more stable temporal accumulation]]
[2019.05.11-03.33.11:681][  0]LogConfig: Setting CVar [[r.DOF.Kernel.MaxForegroundRadius:0.025]]
[2019.05.11-03.33.11:681][  0]LogConfig: Setting CVar [[r.DOF.Kernel.MaxBackgroundRadius:0.025]]
[2019.05.11-03.33.11:681][  0]LogConfig: Applying CVar settings from Section [TextureQuality@3] File [C:/Users/localuser/Documents/GitHub/GameJam10_5_19/Saved/Config/Windows/Scalability.ini]
[2019.05.11-03.33.11:681][  0]LogConfig: Setting CVar [[r.Streaming.MipBias:0]]
[2019.05.11-03.33.11:681][  0]LogConfig: Setting CVar [[r.Streaming.AmortizeCPUToGPUCopy:0]]
[2019.05.11-03.33.11:681][  0]LogConfig: Setting CVar [[r.Streaming.MaxNumTexturesToStreamPerFrame:0]]
[2019.05.11-03.33.11:681][  0]LogConfig: Setting CVar [[r.Streaming.Boost:1]]
[2019.05.11-03.33.11:681][  0]LogConfig: Setting CVar [[r.MaxAnisotropy:8]]
[2019.05.11-03.33.11:681][  0]LogConfig: Setting CVar [[r.Streaming.LimitPoolSizeToVRAM:0]]
[2019.05.11-03.33.11:681][  0]LogConfig: Setting CVar [[r.Streaming.PoolSize:1000]]
[2019.05.11-03.33.11:681][  0]LogConfig: Setting CVar [[r.Streaming.MaxEffectiveScreenSize:0]]
[2019.05.11-03.33.11:681][  0]LogConfig: Applying CVar settings from Section [EffectsQuality@3] File [C:/Users/localuser/Documents/GitHub/GameJam10_5_19/Saved/Config/Windows/Scalability.ini]
[2019.05.11-03.33.11:681][  0]LogConfig: Setting CVar [[r.TranslucencyLightingVolumeDim:64]]
[2019.05.11-03.33.11:681][  0]LogConfig: Setting CVar [[r.RefractionQuality:2]]
[2019.05.11-03.33.11:681][  0]LogConfig: Setting CVar [[r.SSR.Quality:3]]
[2019.05.11-03.33.11:681][  0]LogConfig: Setting CVar [[r.SceneColorFormat:4]]
[2019.05.11-03.33.11:681][  0]LogConfig: Setting CVar [[r.DetailMode:2]]
[2019.05.11-03.33.11:681][  0]LogConfig: Setting CVar [[r.TranslucencyVolumeBlur:1]]
[2019.05.11-03.33.11:681][  0]LogConfig: Setting CVar [[r.MaterialQualityLevel:1 ; High quality]]
[2019.05.11-03.33.11:681][  0]LogConfig: Setting CVar [[r.SSS.Scale:1]]
[2019.05.11-03.33.11:681][  0]LogConfig: Setting CVar [[r.SSS.SampleSet:2]]
[2019.05.11-03.33.11:681][  0]LogConfig: Setting CVar [[r.SSS.Quality:1]]
[2019.05.11-03.33.11:681][  0]LogConfig: Setting CVar [[r.SSS.HalfRes:1]]
[2019.05.11-03.33.11:681][  0]LogConfig: Setting CVar [[r.EmitterSpawnRateScale:1.0]]
[2019.05.11-03.33.11:681][  0]LogConfig: Setting CVar [[r.ParticleLightQuality:2]]
[2019.05.11-03.33.11:681][  0]LogConfig: Applying CVar settings from Section [FoliageQuality@3] File [C:/Users/localuser/Documents/GitHub/GameJam10_5_19/Saved/Config/Windows/Scalability.ini]
[2019.05.11-03.33.11:681][  0]LogConfig: Setting CVar [[foliage.DensityScale:1.0]]
[2019.05.11-03.33.11:681][  0]LogConfig: Setting CVar [[grass.DensityScale:1.0]]
[2019.05.11-03.33.11:681][  0]LogInit: Selected Device Profile: [Windows]
[2019.05.11-03.33.11:681][  0]LogInit: Applying CVar settings loaded from the selected device profile: [Windows]
[2019.05.11-03.33.11:685][  0]LogHAL: Display: Platform has ~ 16 GB [17125031936 / 17179869184 / 16], which maps to Larger [LargestMinGB=32, LargerMinGB=12, DefaultMinGB=8, SmallerMinGB=6, SmallestMinGB=0)
[2019.05.11-03.33.11:685][  0]LogConfig: Setting CVar [[r.Vulkan.UseRealUBs:0		; Required until we fix HLR fall-out]]
[2019.05.11-03.33.11:685][  0]LogInit: Going up to parent DeviceProfile []
[2019.05.11-03.33.11:685][  0]LogConfig: Applying CVar settings from Section [ViewDistanceQuality@3] File [C:/Users/localuser/Documents/GitHub/GameJam10_5_19/Saved/Config/Windows/Scalability.ini]
[2019.05.11-03.33.11:685][  0]LogConfig: Setting CVar [[r.SkeletalMeshLODBias:0]]
[2019.05.11-03.33.11:685][  0]LogConfig: Setting CVar [[r.ViewDistanceScale:1.0]]
[2019.05.11-03.33.11:685][  0]LogConfig: Applying CVar settings from Section [AntiAliasingQuality@3] File [C:/Users/localuser/Documents/GitHub/GameJam10_5_19/Saved/Config/Windows/Scalability.ini]
[2019.05.11-03.33.11:685][  0]LogConfig: Setting CVar [[r.PostProcessAAQuality:4]]
[2019.05.11-03.33.11:685][  0]LogConfig: Applying CVar settings from Section [ShadowQuality@3] File [C:/Users/localuser/Documents/GitHub/GameJam10_5_19/Saved/Config/Windows/Scalability.ini]
[2019.05.11-03.33.11:685][  0]LogConfig: Setting CVar [[r.LightFunctionQuality:1]]
[2019.05.11-03.33.11:685][  0]LogConfig: Setting CVar [[r.ShadowQuality:5]]
[2019.05.11-03.33.11:686][  0]LogConfig: Setting CVar [[r.Shadow.CSM.MaxCascades:10]]
[2019.05.11-03.33.11:686][  0]LogConfig: Setting CVar [[r.Shadow.MaxResolution:2048]]
[2019.05.11-03.33.11:686][  0]LogConfig: Setting CVar [[r.Shadow.MaxCSMResolution:2048]]
[2019.05.11-03.33.11:686][  0]LogConfig: Setting CVar [[r.Shadow.RadiusThreshold:0.01]]
[2019.05.11-03.33.11:686][  0]LogConfig: Setting CVar [[r.Shadow.DistanceScale:1.0]]
[2019.05.11-03.33.11:686][  0]LogConfig: Setting CVar [[r.Shadow.CSM.TransitionScale:1.0]]
[2019.05.11-03.33.11:686][  0]LogConfig: Setting CVar [[r.Shadow.PreShadowResolutionFactor:1.0]]
[2019.05.11-03.33.11:686][  0]LogConfig: Setting CVar [[r.DistanceFieldShadowing:1]]
[2019.05.11-03.33.11:686][  0]LogConfig: Setting CVar [[r.DistanceFieldAO:1]]
[2019.05.11-03.33.11:686][  0]LogConfig: Setting CVar [[r.AOQuality:2]]
[2019.05.11-03.33.11:686][  0]LogConfig: Setting CVar [[r.VolumetricFog:1]]
[2019.05.11-03.33.11:686][  0]LogConfig: Setting CVar [[r.VolumetricFog.GridPixelSize:8]]
[2019.05.11-03.33.11:686][  0]LogConfig: Setting CVar [[r.VolumetricFog.GridSizeZ:128]]
[2019.05.11-03.33.11:686][  0]LogConfig: Setting CVar [[r.VolumetricFog.HistoryMissSupersampleCount:4]]
[2019.05.11-03.33.11:686][  0]LogConfig: Setting CVar [[r.LightMaxDrawDistanceScale:1]]
[2019.05.11-03.33.11:686][  0]LogConfig: Setting CVar [[r.CapsuleShadows:1]]
[2019.05.11-03.33.11:686][  0]LogConfig: Applying CVar settings from Section [PostProcessQuality@3] File [C:/Users/localuser/Documents/GitHub/GameJam10_5_19/Saved/Config/Windows/Scalability.ini]
[2019.05.11-03.33.11:686][  0]LogConfig: Setting CVar [[r.MotionBlurQuality:4]]
[2019.05.11-03.33.11:686][  0]LogConfig: Setting CVar [[r.AmbientOcclusionMipLevelFactor:0.4]]
[2019.05.11-03.33.11:686][  0]LogConfig: Setting CVar [[r.AmbientOcclusionMaxQuality:100]]
[2019.05.11-03.33.11:686][  0]LogConfig: Setting CVar [[r.AmbientOcclusionLevels:-1]]
[2019.05.11-03.33.11:686][  0]LogConfig: Setting CVar [[r.AmbientOcclusionRadiusScale:1.0]]
[2019.05.11-03.33.11:686][  0]LogConfig: Setting CVar [[r.DepthOfFieldQuality:2]]
[2019.05.11-03.33.11:686][  0]LogConfig: Setting CVar [[r.RenderTargetPoolMin:400]]
[2019.05.11-03.33.11:686][  0]LogConfig: Setting CVar [[r.LensFlareQuality:2]]
[2019.05.11-03.33.11:686][  0]LogConfig: Setting CVar [[r.SceneColorFringeQuality:1]]
[2019.05.11-03.33.11:686][  0]LogConfig: Setting CVar [[r.EyeAdaptationQuality:2]]
[2019.05.11-03.33.11:686][  0]LogConfig: Setting CVar [[r.BloomQuality:5]]
[2019.05.11-03.33.11:686][  0]LogConfig: Setting CVar [[r.FastBlurThreshold:100]]
[2019.05.11-03.33.11:686][  0]LogConfig: Setting CVar [[r.Upscale.Quality:3]]
[2019.05.11-03.33.11:686][  0]LogConfig: Setting CVar [[r.Tonemapper.GrainQuantization:1]]
[2019.05.11-03.33.11:686][  0]LogConfig: Setting CVar [[r.LightShaftQuality:1]]
[2019.05.11-03.33.11:686][  0]LogConfig: Setting CVar [[r.Filter.SizeScale:1]]
[2019.05.11-03.33.11:686][  0]LogConfig: Setting CVar [[r.Tonemapper.Quality:5]]
[2019.05.11-03.33.11:686][  0]LogConfig: Setting CVar [[r.DOF.Gather.AccumulatorQuality:1        ; higher gathering accumulator quality]]
[2019.05.11-03.33.11:686][  0]LogConfig: Setting CVar [[r.DOF.Gather.PostfilterMethod:1          ; Median3x3 postfilering method]]
[2019.05.11-03.33.11:686][  0]LogConfig: Setting CVar [[r.DOF.Gather.EnableBokehSettings:0       ; no bokeh simulation when gathering]]
[2019.05.11-03.33.11:686][  0]LogConfig: Setting CVar [[r.DOF.Gather.RingCount:4                 ; medium number of samples when gathering]]
[2019.05.11-03.33.11:686][  0]LogConfig: Setting CVar [[r.DOF.Scatter.ForegroundCompositing:1    ; additive foreground scattering]]
[2019.05.11-03.33.11:686][  0]LogConfig: Setting CVar [[r.DOF.Scatter.BackgroundCompositing:2    ; additive background scattering]]
[2019.05.11-03.33.11:686][  0]LogConfig: Setting CVar [[r.DOF.Scatter.EnableBokehSettings:1      ; bokeh simulation when scattering]]
[2019.05.11-03.33.11:686][  0]LogConfig: Setting CVar [[r.DOF.Scatter.MaxSpriteRatio:0.1         ; only a maximum of 10% of scattered bokeh]]
[2019.05.11-03.33.11:686][  0]LogConfig: Setting CVar [[r.DOF.Recombine.Quality:1                ; cheap slight out of focus]]
[2019.05.11-03.33.11:686][  0]LogConfig: Setting CVar [[r.DOF.Recombine.EnableBokehSettings:0    ; no bokeh simulation on slight out of focus]]
[2019.05.11-03.33.11:686][  0]LogConfig: Setting CVar [[r.DOF.TemporalAAQuality:1                ; more stable temporal accumulation]]
[2019.05.11-03.33.11:686][  0]LogConfig: Setting CVar [[r.DOF.Kernel.MaxForegroundRadius:0.025]]
[2019.05.11-03.33.11:686][  0]LogConfig: Setting CVar [[r.DOF.Kernel.MaxBackgroundRadius:0.025]]
[2019.05.11-03.33.11:686][  0]LogConfig: Applying CVar settings from Section [TextureQuality@3] File [C:/Users/localuser/Documents/GitHub/GameJam10_5_19/Saved/Config/Windows/Scalability.ini]
[2019.05.11-03.33.11:686][  0]LogConfig: Setting CVar [[r.Streaming.MipBias:0]]
[2019.05.11-03.33.11:686][  0]LogConfig: Setting CVar [[r.Streaming.AmortizeCPUToGPUCopy:0]]
[2019.05.11-03.33.11:686][  0]LogConfig: Setting CVar [[r.Streaming.MaxNumTexturesToStreamPerFrame:0]]
[2019.05.11-03.33.11:686][  0]LogConfig: Setting CVar [[r.Streaming.Boost:1]]
[2019.05.11-03.33.11:686][  0]LogConfig: Setting CVar [[r.MaxAnisotropy:8]]
[2019.05.11-03.33.11:686][  0]LogConfig: Setting CVar [[r.Streaming.LimitPoolSizeToVRAM:0]]
[2019.05.11-03.33.11:686][  0]LogConfig: Setting CVar [[r.Streaming.PoolSize:1000]]
[2019.05.11-03.33.11:686][  0]LogConfig: Setting CVar [[r.Streaming.MaxEffectiveScreenSize:0]]
[2019.05.11-03.33.11:687][  0]LogConfig: Applying CVar settings from Section [EffectsQuality@3] File [C:/Users/localuser/Documents/GitHub/GameJam10_5_19/Saved/Config/Windows/Scalability.ini]
[2019.05.11-03.33.11:687][  0]LogConfig: Setting CVar [[r.TranslucencyLightingVolumeDim:64]]
[2019.05.11-03.33.11:687][  0]LogConfig: Setting CVar [[r.RefractionQuality:2]]
[2019.05.11-03.33.11:687][  0]LogConfig: Setting CVar [[r.SSR.Quality:3]]
[2019.05.11-03.33.11:687][  0]LogConfig: Setting CVar [[r.SceneColorFormat:4]]
[2019.05.11-03.33.11:687][  0]LogConfig: Setting CVar [[r.DetailMode:2]]
[2019.05.11-03.33.11:687][  0]LogConfig: Setting CVar [[r.TranslucencyVolumeBlur:1]]
[2019.05.11-03.33.11:687][  0]LogConfig: Setting CVar [[r.MaterialQualityLevel:1 ; High quality]]
[2019.05.11-03.33.11:687][  0]LogConfig: Setting CVar [[r.SSS.Scale:1]]
[2019.05.11-03.33.11:687][  0]LogConfig: Setting CVar [[r.SSS.SampleSet:2]]
[2019.05.11-03.33.11:687][  0]LogConfig: Setting CVar [[r.SSS.Quality:1]]
[2019.05.11-03.33.11:687][  0]LogConfig: Setting CVar [[r.SSS.HalfRes:1]]
[2019.05.11-03.33.11:687][  0]LogConfig: Setting CVar [[r.EmitterSpawnRateScale:1.0]]
[2019.05.11-03.33.11:687][  0]LogConfig: Setting CVar [[r.ParticleLightQuality:2]]
[2019.05.11-03.33.11:687][  0]LogConfig: Applying CVar settings from Section [FoliageQuality@3] File [C:/Users/localuser/Documents/GitHub/GameJam10_5_19/Saved/Config/Windows/Scalability.ini]
[2019.05.11-03.33.11:687][  0]LogConfig: Setting CVar [[foliage.DensityScale:1.0]]
[2019.05.11-03.33.11:687][  0]LogConfig: Setting CVar [[grass.DensityScale:1.0]]
[2019.05.11-03.33.11:687][  0]LogConfig: Applying CVar settings from Section [Startup] File [../../../Engine/Config/ConsoleVariables.ini]
[2019.05.11-03.33.11:687][  0]LogConfig: Setting CVar [[net.UseAdaptiveNetUpdateFrequency:0]]
[2019.05.11-03.33.11:687][  0]LogConfig: Setting CVar [[p.chaos.AllowCreatePhysxBodies:1]]
[2019.05.11-03.33.11:687][  0]LogConfig: Applying CVar settings from Section [ConsoleVariables] File [C:/Users/localuser/Documents/GitHub/GameJam10_5_19/Saved/Config/Windows/Engine.ini]
[2019.05.11-03.33.11:687][  0]LogInit: Computer: DESKTOP-MLQVHSS
[2019.05.11-03.33.11:687][  0]LogInit: User: localuser
[2019.05.11-03.33.11:687][  0]LogInit: CPU Page size=4096, Cores=4
[2019.05.11-03.33.11:687][  0]LogInit: High frequency timer resolution =10.000000 MHz
[2019.05.11-03.33.11:688][  0]LogMemory: Memory total: Physical=15.9GB (16GB approx)
[2019.05.11-03.33.11:688][  0]LogMemory: Platform Memory Stats for Windows
[2019.05.11-03.33.11:688][  0]LogMemory: Process Physical Memory: 98.06 MB used, 98.06 MB peak
[2019.05.11-03.33.11:688][  0]LogMemory: Process Virtual Memory: 88.80 MB used, 88.80 MB peak
[2019.05.11-03.33.11:688][  0]LogMemory: Physical Memory: 7949.71 MB used,  8381.99 MB free, 16331.70 MB total
[2019.05.11-03.33.11:688][  0]LogMemory: Virtual Memory: 4656.36 MB used,  134213072.00 MB free, 134217728.00 MB total
[2019.05.11-03.33.11:700][  0]LogInit: Using OS detected language (en-GB).
[2019.05.11-03.33.11:700][  0]LogInit: Using OS detected locale (en-GB).
[2019.05.11-03.33.11:700][  0]LogTextLocalizationManager: No specific localization for 'en-GB' exists, so the 'en' localization will be used.
[2019.05.11-03.33.11:881][  0]LogSlate: New Slate User Created.  User Index 0, Is Virtual User: 0
[2019.05.11-03.33.11:882][  0]LogSlate: Slate User Registered.  User Index 0, Is Virtual User: 0
[2019.05.11-03.33.11:895][  0]LogHMD: Failed to initialize OpenVR with code 110
[2019.05.11-03.33.11:895][  0]LogD3D11RHI: D3D11 adapters:
[2019.05.11-03.33.11:938][  0]LogD3D11RHI:    0. 'NVIDIA GeForce GTX 1080' (Feature Level 11_0)
[2019.05.11-03.33.11:938][  0]LogD3D11RHI:       8079/0/8165 MB DedicatedVideo/DedicatedSystem/SharedSystem, Outputs:1, VendorId:0x10de
[2019.05.11-03.33.11:940][  0]LogD3D11RHI:    1. 'Microsoft Basic Render Driver' (Feature Level 11_0)
[2019.05.11-03.33.11:940][  0]LogD3D11RHI:       0/0/8165 MB DedicatedVideo/DedicatedSystem/SharedSystem, Outputs:0, VendorId:0x1414
[2019.05.11-03.33.11:940][  0]LogD3D11RHI: Chosen D3D11 Adapter: 0
[2019.05.11-03.33.11:945][  0]LogD3D11RHI: Creating new Direct3DDevice
[2019.05.11-03.33.11:945][  0]LogD3D11RHI:     GPU DeviceId: 0x1b80 (for the marketing name, search the web for "GPU Device Id")
[2019.05.11-03.33.11:946][  0]LogWindows: EnumDisplayDevices:
[2019.05.11-03.33.11:946][  0]LogWindows:    0. 'NVIDIA GeForce GTX 1080' (P:1 D:1)
[2019.05.11-03.33.11:946][  0]LogWindows:    1. 'NVIDIA GeForce GTX 1080' (P:0 D:0)
[2019.05.11-03.33.11:946][  0]LogWindows:    2. 'NVIDIA GeForce GTX 1080' (P:0 D:0)
[2019.05.11-03.33.11:946][  0]LogWindows:    3. 'NVIDIA GeForce GTX 1080' (P:0 D:0)
[2019.05.11-03.33.11:946][  0]LogWindows: DebugString: FoundDriverCount:4 
[2019.05.11-03.33.11:946][  0]LogD3D11RHI:     Adapter Name: NVIDIA GeForce GTX 1080
[2019.05.11-03.33.11:946][  0]LogD3D11RHI:   Driver Version: 416.34 (internal:25.21.14.1634, unified:416.34)
[2019.05.11-03.33.11:946][  0]LogD3D11RHI:      Driver Date: 10-10-2018
[2019.05.11-03.33.11:947][  0]LogRHI: Texture pool is 5655 MB (70% of 8079 MB)
[2019.05.11-03.33.11:982][  0]LogD3D11RHI: Async texture creation enabled
[2019.05.11-03.33.11:985][  0]LogRendererCore: FGlobalReadBuffer::InitRHI
[2019.05.11-03.33.11:985][  0]LogRendererCore: FGlobalReadBuffer::InitRHI
[2019.05.11-03.33.11:985][  0]LogRendererCore: FGlobalReadBuffer::InitRHI
[2019.05.11-03.33.11:999][  0]LogD3D11RHI: GPU Timing Frequency: 1000.000000 (Debug: 2 2)
[2019.05.11-03.33.12:289][  0]LogTemp: Display: Module 'WindowsClientTargetPlatform' loaded TargetPlatform 'WindowsClient'
[2019.05.11-03.33.12:301][  0]LogTemp: Display: Module 'WindowsNoEditorTargetPlatform' loaded TargetPlatform 'WindowsNoEditor'
[2019.05.11-03.33.12:313][  0]LogTemp: Display: Module 'WindowsServerTargetPlatform' loaded TargetPlatform 'WindowsServer'
[2019.05.11-03.33.12:319][  0]LogTemp: Display: Module 'WindowsTargetPlatform' loaded TargetPlatform 'Windows'
[2019.05.11-03.33.12:319][  0]LogTargetPlatformManager: Display: Building Assets For Windows
[2019.05.11-03.33.12:326][  0]LogAudioDebug: Display: Lib vorbis DLL was dynamically loaded.
[2019.05.11-03.33.12:364][  0]LogShaderCompilers: Guid format shader working directory is -15 characters bigger than the processId version (../../../../../../Users/localuser/Documents/GitHub/GameJam10_5_19/Intermediate/Shaders/WorkingDirectory/5856/).
[2019.05.11-03.33.12:364][  0]LogShaderCompilers: Cleaned the shader compiler working directory 'C:/Users/localuser/AppData/Local/Temp/UnrealShaderWorkingDir/A405DA5E4D7956692666C8A87ED907EA/'.
[2019.05.11-03.33.12:366][  0]LogXGEController: Cannot use XGE Controller as Incredibuild is not installed on this machine.
[2019.05.11-03.33.12:366][  0]LogShaderCompilers: Cannot use XGE Shader Compiler as Incredibuild is not installed on this machine.
[2019.05.11-03.33.12:366][  0]LogShaderCompilers: Display: Using Local Shader Compiler.
[2019.05.11-03.33.12:829][  0]LogDerivedDataCache: Display: Max Cache Size: 512 MB
[2019.05.11-03.33.12:872][  0]LogDerivedDataCache: Loaded boot cache 0.04s 72MB C:/Users/localuser/AppData/Local/UnrealEngine/4.22/DerivedDataCache/Boot.ddc.
[2019.05.11-03.33.12:872][  0]LogDerivedDataCache: Display: Loaded Boot cache: C:/Users/localuser/AppData/Local/UnrealEngine/4.22/DerivedDataCache/Boot.ddc
[2019.05.11-03.33.12:872][  0]LogDerivedDataCache: FDerivedDataBackendGraph:  Pak pak cache file ../../../../../../Users/localuser/Documents/GitHub/GameJam10_5_19/DerivedDataCache/DDC.ddp not found, will not use a pak cache.
[2019.05.11-03.33.12:872][  0]LogDerivedDataCache: Unable to find inner node Pak for hierarchical cache Hierarchy.
[2019.05.11-03.33.12:872][  0]LogDerivedDataCache: FDerivedDataBackendGraph:  CompressedPak pak cache file ../../../../../../Users/localuser/Documents/GitHub/GameJam10_5_19/DerivedDataCache/Compressed.ddp not found, will not use a pak cache.
[2019.05.11-03.33.12:872][  0]LogDerivedDataCache: Unable to find inner node CompressedPak for hierarchical cache Hierarchy.
[2019.05.11-03.33.12:883][  0]LogDerivedDataCache: Display: Pak cache opened for reading ../../../Engine/DerivedDataCache/Compressed.ddp.
[2019.05.11-03.33.12:886][  0]LogDerivedDataCache: Display: Pak cache opened for reading ../../../Enterprise/DerivedDataCache/Compressed.ddp.
[2019.05.11-03.33.12:897][  0]LogDerivedDataCache: Using Local data cache path C:/Users/localuser/AppData/Local/UnrealEngine/Common/DerivedDataCache: Writable
[2019.05.11-03.33.12:897][  0]LogDerivedDataCache: Shared data cache path not found in *engine.ini, will not use an Shared cache.
[2019.05.11-03.33.12:897][  0]LogDerivedDataCache: Unable to find inner node Shared for hierarchical cache Hierarchy.
[2019.05.11-03.33.12:914][  0]LogMaterial: Verifying Global Shaders for PCD3D_SM5
[2019.05.11-03.33.12:915][  0]LogSlate: Using FreeType 2.6.0
[2019.05.11-03.33.12:916][  0]LogSlate: SlateFontServices - WITH_FREETYPE: 1, WITH_HARFBUZZ: 1
[2019.05.11-03.33.12:995][  0]LogInit: Using OS detected language (en-GB).
[2019.05.11-03.33.12:995][  0]LogInit: Using OS detected locale (en-GB).
[2019.05.11-03.33.12:995][  0]LogTextLocalizationManager: No localization for 'en-GB' exists, so 'en' will be used for the language.
[2019.05.11-03.33.12:995][  0]LogTextLocalizationManager: No localization for 'en-GB' exists, so 'en' will be used for the locale.
[2019.05.11-03.33.12:995][  0]LogSlate: FontCache flush requested. Reason: Culture for localization was changed
[2019.05.11-03.33.12:995][  0]LogSlate: FontCache flush requested. Reason: Culture for localization was changed
[2019.05.11-03.33.12:996][  0]LogTextLocalizationManager: Compacting localization data took   0.00ms
[2019.05.11-03.33.13:002][  0]LogAssetRegistry: FAssetRegistry took 0.0036 seconds to start up
[2019.05.11-03.33.13:154][  0]LogPackageLocalizationCache: Processed 16 localized package path(s) for 1 prioritized culture(s) in 0.000582 seconds
[2019.05.11-03.33.13:262][  0]LogInit: Selected Device Profile: [Windows]
[2019.05.11-03.33.13:303][  0]LogMeshReduction: Using QuadricMeshReduction for automatic static mesh reduction
[2019.05.11-03.33.13:303][  0]LogMeshReduction: Using SimplygonMeshReduction for automatic skeletal mesh reduction
[2019.05.11-03.33.13:303][  0]LogMeshReduction: Using ProxyLODMeshReduction for automatic mesh merging
[2019.05.11-03.33.13:303][  0]LogMeshReduction: No distributed automatic mesh merging module available
[2019.05.11-03.33.13:303][  0]LogMeshMerging: No distributed automatic mesh merging module available
[2019.05.11-03.33.13:373][  0]LogNetVersion: GameJam2_2 1.0.0, NetCL: 5660361, EngineNetVer: 10, GameNetVer: 0 (Checksum: 3900611970)
[2019.05.11-03.33.13:754][  0]LogMoviePlayer: Initializing movie player
[2019.05.11-03.33.13:885][  0]LogTcpMessaging: Initializing TcpMessaging bridge
[2019.05.11-03.33.13:898][  0]LogUdpMessaging: Initializing bridge on interface 0.0.0.0:0 to multicast group 230.0.0.1:6666.
[2019.05.11-03.33.13:979][  0]SourceControl: Source control is disabled
[2019.05.11-03.33.13:979][  0]SourceControl: Source control is disabled
[2019.05.11-03.33.13:980][  0]SourceControl: Source control is disabled
[2019.05.11-03.33.14:012][  0]LogAndroidPermission: UAndroidPermissionCallbackProxy::GetInstance
[2019.05.11-03.33.14:072][  0]LogOcInput: OculusInput pre-init called
[2019.05.11-03.33.14:079][  0]LogUObjectArray: 46459 objects as part of root set at end of initial load.
[2019.05.11-03.33.14:079][  0]LogUObjectAllocator: 8159704 out of 0 bytes used by permanent object pool.
[2019.05.11-03.33.14:079][  0]LogUObjectArray: CloseDisregardForGC: 0/0 objects in disregard for GC pool
[2019.05.11-03.33.14:203][  0]LogEngine: Initializing Engine...
[2019.05.11-03.33.14:204][  0]LogHMD: Failed to initialize OpenVR with code 110
[2019.05.11-03.33.14:216][  0]LogStats: UGameplayTagsManager::InitializeManager -  0.000 s
[2019.05.11-03.33.14:345][  0]LogInit: Initializing FReadOnlyCVARCache
[2019.05.11-03.33.14:358][  0]LogInit: XAudio2 using 'Speakers (Realtek High Definition Audio)' : 2 channels at 48 kHz using 32 bits per sample (channel mask 0x3)
[2019.05.11-03.33.14:374][  0]LogInit: FAudioDevice initialized.
[2019.05.11-03.33.14:386][  0]LogNetVersion: Set ProjectVersion to 1.0.0.0. Version Checksum will be recalculated on next use.
[2019.05.11-03.33.14:399][  0]LogInit: Texture streaming: Enabled
[2019.05.11-03.33.14:506][  0]LogSlate: Updating window title bar state: overlay mode, drag disabled, window buttons hidden, title bar hidden
[2019.05.11-03.33.14:506][  0]LogInit: Display: Game Engine Initialized.
[2019.05.11-03.33.14:544][  0]LogInit: Display: Starting Game.
[2019.05.11-03.33.14:545][  0]LogNet: Browse: /Game/ThirdPersonBP/Maps/ThirdPersonExampleMap?Name=Player
[2019.05.11-03.33.14:545][  0]LogLoad: LoadMap: /Game/ThirdPersonBP/Maps/ThirdPersonExampleMap?Name=Player
[2019.05.11-03.33.14:568][  0]LogUObjectHash: Compacting FUObjectHashTables data took   1.17ms
[2019.05.11-03.33.14:574][  0]LogProperty: Error: UStructProperty::Serialize Loading: Property 'StructProperty /Game/ThirdPersonBP/Blueprints/Inventory/InventoryComponent.InventoryComponent_C:AddToStack.SlotStructure'. Unknown structure.
[2019.05.11-03.33.14:574][  0]LogProperty: Error: UStructProperty::Serialize Loading: Property 'StructProperty /Game/ThirdPersonBP/Blueprints/Inventory/InventoryComponent.InventoryComponent_C:AddToStack.K2Node_MakeStruct_SlotStructure'. Unknown structure.
[2019.05.11-03.33.14:574][  0]LogProperty: Error: UStructProperty::Serialize Loading: Property 'StructProperty /Game/ThirdPersonBP/Blueprints/Inventory/InventoryComponent.InventoryComponent_C:AddToStack.K2Node_MakeStruct_SlotStructure1'. Unknown structure.
[2019.05.11-03.33.14:574][  0]LogProperty: Error: UStructProperty::Serialize Loading: Property 'StructProperty /Game/ThirdPersonBP/Blueprints/Inventory/InventoryComponent.InventoryComponent_C:AddToStack.CallFunc_Array_Get_Item'. Unknown structure.
[2019.05.11-03.33.14:575][  0]LogProperty: Error: UStructProperty::Serialize Loading: Property 'StructProperty /Game/ThirdPersonBP/Blueprints/Inventory/InventoryComponent.InventoryComponent_C:AddToStack.K2Node_MakeStruct_SlotStructure2'. Unknown structure.
[2019.05.11-03.33.14:575][  0]LogProperty: Error: UStructProperty::Serialize Loading: Property 'StructProperty /Game/ThirdPersonBP/Blueprints/Inventory/InventoryComponent.InventoryComponent_C:AddToStack.CallFunc_Array_Get_Item1'. Unknown structure.
[2019.05.11-03.33.14:575][  0]LogProperty: Error: UStructProperty::Serialize Loading: Property 'StructProperty /Game/ThirdPersonBP/Blueprints/Inventory/InventoryComponent.InventoryComponent_C:CreateStack.ContentToAdd'. Unknown structure.
[2019.05.11-03.33.14:575][  0]LogProperty: Error: UStructProperty::Serialize Loading: Property 'StructProperty /Game/ThirdPersonBP/Blueprints/Inventory/InventoryComponent.InventoryComponent_C:CreateStack.K2Node_MakeStruct_SlotStructure'. Unknown structure.
[2019.05.11-03.33.14:575][  0]LogProperty: Error: UStructProperty::Serialize Loading: Property 'StructProperty /Game/ThirdPersonBP/Blueprints/Inventory/InventoryComponent.InventoryComponent_C:AddToInventory.ContentToAdd'. Unknown structure.
[2019.05.11-03.33.14:575][  0]LogProperty: Error: UStructProperty::Serialize Loading: Property 'StructProperty /Game/ThirdPersonBP/Blueprints/Inventory/InventoryComponent.InventoryComponent_C:AddToInventory.CallFunc_Array_Get_Item'. Unknown structure.
[2019.05.11-03.33.14:575][  0]LogProperty: Error: UStructProperty::Serialize Loading: Property 'StructProperty /Game/ThirdPersonBP/Blueprints/Inventory/InventoryComponent.InventoryComponent_C:Inventory.Inventory'. Unknown structure.
[2019.05.11-03.33.14:732][  0]LogClass: Warning: Property Inventory of Inventory has a struct type mismatch (tag FallbackStruct != prop SlotStructure) in package:  FObjectReader. If that struct got renamed, add an entry to ActiveStructRedirects.
[2019.05.11-03.33.14:883][  0]LogAIModule: Creating AISystem for world ThirdPersonExampleMap
[2019.05.11-03.33.14:885][  0]LogLoad: Game class is 'ThirdPersonGameMode_C'
[2019.05.11-03.33.14:891][  0]LogWorld: Bringing World /Game/ThirdPersonBP/Maps/ThirdPersonExampleMap.ThirdPersonExampleMap up for play (max tick rate 0) at 2019.05.11-04.33.14
[2019.05.11-03.33.14:891][  0]LogWorld: Bringing up level for play took: 0.006034
[2019.05.11-03.33.14:896][  0]LogLoad: Took 0.350653 seconds to LoadMap(/Game/ThirdPersonBP/Maps/ThirdPersonExampleMap)
[2019.05.11-03.33.14:951][  0]LogRenderer: Reallocating scene render targets to support 256x256 Format 10 NumSamples 1 (Frame:1).
[2019.05.11-03.33.14:952][  0]LogRenderer: Reallocating scene render targets to support 1280x720 Format 10 NumSamples 1 (Frame:1).
[2019.05.11-03.33.14:952][  0]LogLoad: (Engine Initialization) Total time: 4.75 seconds
[2019.05.11-03.33.14:952][  0]LogLoad: (Engine Initialization) Total Blueprint compile time: 0.00 seconds
[2019.05.11-03.33.15:005][  0]LogContentStreaming: Texture pool size now 1000 MB
[2019.05.11-03.33.18:679][225]LogSlate: FSceneViewport::OnFocusLost() reason 2
[2019.05.11-03.33.19:579][281]LogPhysics: Warning: Initialising Body : Scale3D is (nearly) zero: Component: '/Game/ThirdPersonBP/Maps/ThirdPersonExampleMap.ThirdPersonExampleMap:PersistentLevel.Bat_C_0.Sphere' 
[2019.05.11-03.33.19:579][281]LogPhysics: Warning: Initialising Body : Scale3D is (nearly) zero: Component: '/Game/ThirdPersonBP/Maps/ThirdPersonExampleMap.ThirdPersonExampleMap:PersistentLevel.Bat_C_0.StaticMesh' 
[2019.05.11-03.33.19:579][281]LogBlueprintUserMessages: [Weapon_C_0] 100.0
[2019.05.11-03.33.19:595][282]LogBlueprintUserMessages: [Weapon_C_0] 100.0
[2019.05.11-03.33.19:611][283]LogBlueprintUserMessages: [Weapon_C_0] 100.0
[2019.05.11-03.33.19:627][284]LogBlueprintUserMessages: [Weapon_C_0] 100.0
[2019.05.11-03.33.19:643][285]LogBlueprintUserMessages: [Weapon_C_0] 100.0
[2019.05.11-03.33.19:659][286]LogBlueprintUserMessages: [Weapon_C_0] 100.0
[2019.05.11-03.33.19:676][287]LogBlueprintUserMessages: [Weapon_C_0] 100.0
[2019.05.11-03.33.19:692][288]LogBlueprintUserMessages: [Weapon_C_0] 100.0
[2019.05.11-03.33.19:708][289]LogBlueprintUserMessages: [Weapon_C_0] 100.0
[2019.05.11-03.33.19:723][290]LogBlueprintUserMessages: [Weapon_C_0] 100.0
[2019.05.11-03.33.19:740][291]LogBlueprintUserMessages: [Weapon_C_0] 100.0
[2019.05.11-03.33.19:757][292]LogBlueprintUserMessages: [Weapon_C_0] 100.0
[2019.05.11-03.33.19:773][293]LogBlueprintUserMessages: [Weapon_C_0] 100.0
[2019.05.11-03.33.19:789][294]LogBlueprintUserMessages: [Weapon_C_0] 100.0
[2019.05.11-03.33.19:805][295]LogBlueprintUserMessages: [Weapon_C_0] 100.0
[2019.05.11-03.33.19:821][296]LogBlueprintUserMessages: [Weapon_C_0] 100.0
[2019.05.11-03.33.19:837][297]LogBlueprintUserMessages: [Weapon_C_0] 100.0
[2019.05.11-03.33.19:853][298]LogBlueprintUserMessages: [Weapon_C_0] 100.0
[2019.05.11-03.33.19:869][299]LogBlueprintUserMessages: [Weapon_C_0] 100.0
[2019.05.11-03.33.19:885][300]LogBlueprintUserMessages: [Weapon_C_0] 100.0
[2019.05.11-03.33.19:901][301]LogBlueprintUserMessages: [Weapon_C_0] 100.0
[2019.05.11-03.33.19:917][302]LogBlueprintUserMessages: [Weapon_C_0] 100.0
[2019.05.11-03.33.19:934][303]LogBlueprintUserMessages: [Weapon_C_0] 100.0
[2019.05.11-03.33.19:950][304]LogBlueprintUserMessages: [Weapon_C_0] 100.0
[2019.05.11-03.33.19:966][305]LogBlueprintUserMessages: [Weapon_C_0] 100.0
[2019.05.11-03.33.19:982][306]LogBlueprintUserMessages: [Weapon_C_0] 100.0
[2019.05.11-03.33.19:998][307]LogBlueprintUserMessages: [Weapon_C_0] 100.0
[2019.05.11-03.33.20:014][308]LogBlueprintUserMessages: [Weapon_C_0] 100.0
[2019.05.11-03.33.20:031][309]LogBlueprintUserMessages: [Weapon_C_0] 100.0
[2019.05.11-03.33.20:047][310]LogBlueprintUserMessages: [Weapon_C_0] 100.0
[2019.05.11-03.33.20:063][311]LogBlueprintUserMessages: [Weapon_C_0] 100.0
[2019.05.11-03.33.20:079][312]LogBlueprintUserMessages: [Weapon_C_0] 100.0
[2019.05.11-03.33.20:095][313]LogBlueprintUserMessages: [Weapon_C_0] 100.0
[2019.05.11-03.33.20:111][314]LogBlueprintUserMessages: [Weapon_C_0] 100.0
[2019.05.11-03.33.20:127][315]LogBlueprintUserMessages: [Weapon_C_0] 100.0
[2019.05.11-03.33.20:143][316]LogBlueprintUserMessages: [Weapon_C_0] 100.0
[2019.05.11-03.33.20:159][317]LogBlueprintUserMessages: [Weapon_C_0] 100.0
[2019.05.11-03.33.20:175][318]LogBlueprintUserMessages: [Weapon_C_0] 100.0
[2019.05.11-03.33.20:192][319]LogBlueprintUserMessages: [Weapon_C_0] 100.0
[2019.05.11-03.33.20:208][320]LogBlueprintUserMessages: [Weapon_C_0] 100.0
[2019.05.11-03.33.20:224][321]LogBlueprintUserMessages: [Weapon_C_0] 100.0
[2019.05.11-03.33.20:240][322]LogBlueprintUserMessages: [Weapon_C_0] 100.0
[2019.05.11-03.33.20:256][323]LogBlueprintUserMessages: [Weapon_C_0] 100.0
[2019.05.11-03.33.20:272][324]LogBlueprintUserMessages: [Weapon_C_0] 100.0
[2019.05.11-03.33.20:289][325]LogBlueprintUserMessages: [Weapon_C_0] 100.0
[2019.05.11-03.33.20:305][326]LogBlueprintUserMessages: [Weapon_C_0] 100.0
[2019.05.11-03.33.20:321][327]LogBlueprintUserMessages: [Weapon_C_0] 100.0
[2019.05.11-03.33.20:337][328]LogBlueprintUserMessages: [Weapon_C_0] 100.0
[2019.05.11-03.33.20:353][329]LogBlueprintUserMessages: [Weapon_C_0] 100.0
[2019.05.11-03.33.20:369][330]LogBlueprintUserMessages: [Weapon_C_0] 100.0
[2019.05.11-03.33.20:385][331]LogBlueprintUserMessages: [Weapon_C_0] 100.0
[2019.05.11-03.33.20:401][332]LogBlueprintUserMessages: [Weapon_C_0] 100.0
[2019.05.11-03.33.20:417][333]LogBlueprintUserMessages: [Weapon_C_0] 100.0
[2019.05.11-03.33.20:434][334]LogBlueprintUserMessages: [Weapon_C_0] 100.0
[2019.05.11-03.33.20:450][335]LogBlueprintUserMessages: [Weapon_C_0] 100.0
[2019.05.11-03.33.20:466][336]LogBlueprintUserMessages: [Weapon_C_0] 100.0
[2019.05.11-03.33.20:482][337]LogBlueprintUserMessages: [Weapon_C_0] 100.0
[2019.05.11-03.33.20:498][338]LogBlueprintUserMessages: [Weapon_C_0] 100.0
[2019.05.11-03.33.20:514][339]LogBlueprintUserMessages: [Weapon_C_0] 100.0
[2019.05.11-03.33.20:531][340]LogBlueprintUserMessages: [Weapon_C_0] 100.0
[2019.05.11-03.33.20:546][341]LogBlueprintUserMessages: [Weapon_C_0] 100.0
[2019.05.11-03.33.20:562][342]LogBlueprintUserMessages: [Weapon_C_0] 100.0
[2019.05.11-03.33.20:578][343]LogBlueprintUserMessages: [Weapon_C_0] 100.0
[2019.05.11-03.33.20:595][344]LogBlueprintUserMessages: [Weapon_C_0] 100.0
[2019.05.11-03.33.20:611][345]LogBlueprintUserMessages: [Weapon_C_0] 100.0
[2019.05.11-03.33.20:627][346]LogBlueprintUserMessages: [Weapon_C_0] 100.0
[2019.05.11-03.33.20:643][347]LogBlueprintUserMessages: [Weapon_C_0] 100.0
[2019.05.11-03.33.20:659][348]LogBlueprintUserMessages: [Weapon_C_0] 100.0
[2019.05.11-03.33.20:675][349]LogBlueprintUserMessages: [Weapon_C_0] 100.0
[2019.05.11-03.33.20:692][350]LogBlueprintUserMessages: [Weapon_C_0] 100.0
[2019.05.11-03.33.20:708][351]LogBlueprintUserMessages: [Weapon_C_0] 100.0
[2019.05.11-03.33.20:724][352]LogBlueprintUserMessages: [Weapon_C_0] 100.0
[2019.05.11-03.33.20:740][353]LogBlueprintUserMessages: [Weapon_C_0] 100.0
[2019.05.11-03.33.20:756][354]LogBlueprintUserMessages: [Weapon_C_0] 100.0
[2019.05.11-03.33.20:772][355]LogBlueprintUserMessages: [Weapon_C_0] 100.0
[2019.05.11-03.33.20:789][356]LogBlueprintUserMessages: [Weapon_C_0] 100.0
[2019.05.11-03.33.20:804][357]LogBlueprintUserMessages: [Weapon_C_0] 100.0
[2019.05.11-03.33.20:821][358]LogBlueprintUserMessages: [Weapon_C_0] 100.0
[2019.05.11-03.33.20:837][359]LogBlueprintUserMessages: [Weapon_C_0] 100.0
[2019.05.11-03.33.20:853][360]LogBlueprintUserMessages: [Weapon_C_0] 100.0
[2019.05.11-03.33.20:869][361]LogBlueprintUserMessages: [Weapon_C_0] 100.0
[2019.05.11-03.33.20:885][362]LogBlueprintUserMessages: [Weapon_C_0] 100.0
[2019.05.11-03.33.20:901][363]LogBlueprintUserMessages: [Weapon_C_0] 100.0
[2019.05.11-03.33.20:917][364]LogBlueprintUserMessages: [Weapon_C_0] 100.0
[2019.05.11-03.33.20:933][365]LogBlueprintUserMessages: [Weapon_C_0] 100.0
[2019.05.11-03.33.20:949][366]LogBlueprintUserMessages: [Weapon_C_0] 100.0
[2019.05.11-03.33.20:966][367]LogBlueprintUserMessages: [Weapon_C_0] 100.0
[2019.05.11-03.33.20:982][368]LogBlueprintUserMessages: [Weapon_C_0] 100.0
[2019.05.11-03.33.20:998][369]LogBlueprintUserMessages: [Weapon_C_0] 100.0
[2019.05.11-03.33.21:014][370]LogBlueprintUserMessages: [Weapon_C_0] 100.0
[2019.05.11-03.33.21:031][371]LogBlueprintUserMessages: [Weapon_C_0] 100.0
[2019.05.11-03.33.21:047][372]LogBlueprintUserMessages: [Weapon_C_0] 100.0
[2019.05.11-03.33.21:063][373]LogBlueprintUserMessages: [Weapon_C_0] 100.0
[2019.05.11-03.33.21:079][374]LogBlueprintUserMessages: [Weapon_C_0] 100.0
[2019.05.11-03.33.21:094][375]LogBlueprintUserMessages: [Weapon_C_0] 100.0
[2019.05.11-03.33.21:111][376]LogBlueprintUserMessages: [Weapon_C_0] 100.0
[2019.05.11-03.33.21:127][377]LogBlueprintUserMessages: [Weapon_C_0] 100.0
[2019.05.11-03.33.21:143][378]LogBlueprintUserMessages: [Weapon_C_0] 100.0
[2019.05.11-03.33.21:159][379]LogBlueprintUserMessages: [Weapon_C_0] 100.0
[2019.05.11-03.33.21:175][380]LogBlueprintUserMessages: [Weapon_C_0] 100.0
[2019.05.11-03.33.21:191][381]LogBlueprintUserMessages: [Weapon_C_0] 100.0
[2019.05.11-03.33.21:207][382]LogBlueprintUserMessages: [Weapon_C_0] 100.0
[2019.05.11-03.33.21:223][383]LogBlueprintUserMessages: [Weapon_C_0] 100.0
[2019.05.11-03.33.21:240][384]LogBlueprintUserMessages: [Weapon_C_0] 100.0
[2019.05.11-03.33.21:256][385]LogBlueprintUserMessages: [Weapon_C_0] 100.0
[2019.05.11-03.33.21:257][385]LogSlate: FSceneViewport::OnFocusLost() reason 2
[2019.05.11-03.33.21:272][386]LogBlueprintUserMessages: [Weapon_C_0] 100.0
[2019.05.11-03.33.21:288][387]LogBlueprintUserMessages: [Weapon_C_0] 100.0
[2019.05.11-03.33.21:304][388]LogBlueprintUserMessages: [Weapon_C_0] 100.0
[2019.05.11-03.33.21:321][389]LogBlueprintUserMessages: [Weapon_C_0] 100.0
[2019.05.11-03.33.21:337][390]LogBlueprintUserMessages: [Weapon_C_0] 100.0
[2019.05.11-03.33.21:353][391]LogBlueprintUserMessages: [Weapon_C_0] 100.0
[2019.05.11-03.33.21:369][392]LogBlueprintUserMessages: [Weapon_C_0] 100.0
[2019.05.11-03.33.21:385][393]LogBlueprintUserMessages: [Weapon_C_0] 100.0
[2019.05.11-03.33.21:402][394]LogBlueprintUserMessages: [Weapon_C_0] 100.0
[2019.05.11-03.33.21:418][395]LogBlueprintUserMessages: [Weapon_C_0] 100.0
[2019.05.11-03.33.21:434][396]LogBlueprintUserMessages: [Weapon_C_0] 100.0
[2019.05.11-03.33.21:450][397]LogBlueprintUserMessages: [Weapon_C_0] 100.0
[2019.05.11-03.33.21:466][398]LogBlueprintUserMessages: [Weapon_C_0] 100.0
[2019.05.11-03.33.21:482][399]LogBlueprintUserMessages: [Weapon_C_0] 100.0
[2019.05.11-03.33.21:498][400]LogBlueprintUserMessages: [Weapon_C_0] 100.0
[2019.05.11-03.33.21:514][401]LogBlueprintUserMessages: [Weapon_C_0] 100.0
[2019.05.11-03.33.21:531][402]LogBlueprintUserMessages: [Weapon_C_0] 100.0
[2019.05.11-03.33.21:547][403]LogBlueprintUserMessages: [Weapon_C_0] 100.0
[2019.05.11-03.33.21:563][404]LogBlueprintUserMessages: [Weapon_C_0] 100.0
[2019.05.11-03.33.21:579][405]LogBlueprintUserMessages: [Weapon_C_0] 100.0
[2019.05.11-03.33.21:595][406]LogBlueprintUserMessages: [Weapon_C_0] 100.0
[2019.05.11-03.33.21:611][407]LogBlueprintUserMessages: [Weapon_C_0] 100.0
[2019.05.11-03.33.21:627][408]LogBlueprintUserMessages: [Weapon_C_0] 100.0
[2019.05.11-03.33.21:643][409]LogBlueprintUserMessages: [Weapon_C_0] 100.0
[2019.05.11-03.33.21:659][410]LogBlueprintUserMessages: [Weapon_C_0] 100.0
[2019.05.11-03.33.21:675][411]LogBlueprintUserMessages: [Weapon_C_0] 100.0
[2019.05.11-03.33.21:691][412]LogBlueprintUserMessages: [Weapon_C_0] 100.0
[2019.05.11-03.33.21:708][413]LogBlueprintUserMessages: [Weapon_C_0] 100.0
[2019.05.11-03.33.21:724][414]LogBlueprintUserMessages: [Weapon_C_0] 100.0
[2019.05.11-03.33.21:740][415]LogBlueprintUserMessages: [Weapon_C_0] 100.0
[2019.05.11-03.33.21:756][416]LogBlueprintUserMessages: [Weapon_C_0] 100.0
[2019.05.11-03.33.21:773][417]LogBlueprintUserMessages: [Weapon_C_0] 100.0
[2019.05.11-03.33.21:789][418]LogBlueprintUserMessages: [Weapon_C_0] 100.0
[2019.05.11-03.33.21:805][419]LogBlueprintUserMessages: [Weapon_C_0] 100.0
[2019.05.11-03.33.21:821][420]LogBlueprintUserMessages: [Weapon_C_0] 100.0
[2019.05.11-03.33.21:837][421]LogBlueprintUserMessages: [Weapon_C_0] 100.0
[2019.05.11-03.33.21:853][422]LogBlueprintUserMessages: [Weapon_C_0] 100.0
[2019.05.11-03.33.21:869][423]LogBlueprintUserMessages: [Weapon_C_0] 100.0
[2019.05.11-03.33.21:886][424]LogBlueprintUserMessages: [Weapon_C_0] 100.0
[2019.05.11-03.33.21:902][425]LogBlueprintUserMessages: [Weapon_C_0] 100.0
[2019.05.11-03.33.21:918][426]LogBlueprintUserMessages: [Weapon_C_0] 100.0
[2019.05.11-03.33.21:934][427]LogBlueprintUserMessages: [Weapon_C_0] 100.0
[2019.05.11-03.33.21:950][428]LogBlueprintUserMessages: [Weapon_C_0] 100.0
[2019.05.11-03.33.21:966][429]LogBlueprintUserMessages: [Weapon_C_0] 100.0
[2019.05.11-03.33.21:982][430]LogBlueprintUserMessages: [Weapon_C_0] 100.0
[2019.05.11-03.33.21:998][431]LogBlueprintUserMessages: [Weapon_C_0] 100.0
[2019.05.11-03.33.22:014][432]LogBlueprintUserMessages: [Weapon_C_0] 100.0
[2019.05.11-03.33.22:031][433]LogBlueprintUserMessages: [Weapon_C_0] 100.0
[2019.05.11-03.33.22:046][434]LogBlueprintUserMessages: [Weapon_C_0] 100.0
[2019.05.11-03.33.22:062][435]LogBlueprintUserMessages: [Weapon_C_0] 100.0
[2019.05.11-03.33.22:078][436]LogBlueprintUserMessages: [Weapon_C_0] 100.0
[2019.05.11-03.33.22:094][437]LogBlueprintUserMessages: [Weapon_C_0] 100.0
[2019.05.11-03.33.22:111][438]LogBlueprintUserMessages: [Weapon_C_0] 100.0
[2019.05.11-03.33.22:127][439]LogBlueprintUserMessages: [Weapon_C_0] 100.0
[2019.05.11-03.33.22:143][440]LogBlueprintUserMessages: [Weapon_C_0] 100.0
[2019.05.11-03.33.22:159][441]LogBlueprintUserMessages: [Weapon_C_0] 100.0
[2019.05.11-03.33.22:175][442]LogBlueprintUserMessages: [Weapon_C_0] 100.0
[2019.05.11-03.33.22:191][443]LogBlueprintUserMessages: [Weapon_C_0] 100.0
[2019.05.11-03.33.22:208][444]LogBlueprintUserMessages: [Weapon_C_0] 100.0
[2019.05.11-03.33.22:224][445]LogBlueprintUserMessages: [Weapon_C_0] 100.0
[2019.05.11-03.33.22:240][446]LogBlueprintUserMessages: [Weapon_C_0] 100.0
[2019.05.11-03.33.22:256][447]LogBlueprintUserMessages: [Weapon_C_0] 100.0
[2019.05.11-03.33.22:272][448]LogBlueprintUserMessages: [Weapon_C_0] 100.0
[2019.05.11-03.33.22:288][449]LogBlueprintUserMessages: [Weapon_C_0] 100.0
[2019.05.11-03.33.22:304][450]LogBlueprintUserMessages: [Weapon_C_0] 100.0
[2019.05.11-03.33.22:322][451]LogBlueprintUserMessages: [Weapon_C_0] 100.0
[2019.05.11-03.33.22:337][452]LogBlueprintUserMessages: [Weapon_C_0] 100.0
[2019.05.11-03.33.22:353][453]LogBlueprintUserMessages: [Weapon_C_0] 100.0
[2019.05.11-03.33.22:369][454]LogBlueprintUserMessages: [Weapon_C_0] 100.0
[2019.05.11-03.33.22:386][455]LogBlueprintUserMessages: [Weapon_C_0] 100.0
[2019.05.11-03.33.22:401][456]LogBlueprintUserMessages: [Weapon_C_0] 100.0
[2019.05.11-03.33.22:418][457]LogBlueprintUserMessages: [Weapon_C_0] 100.0
[2019.05.11-03.33.22:434][458]LogBlueprintUserMessages: [Weapon_C_0] 100.0
[2019.05.11-03.33.22:450][459]LogBlueprintUserMessages: [Weapon_C_0] 100.0
[2019.05.11-03.33.22:466][460]LogBlueprintUserMessages: [Weapon_C_0] 100.0
[2019.05.11-03.33.22:482][461]LogBlueprintUserMessages: [Weapon_C_0] 100.0
[2019.05.11-03.33.22:498][462]LogBlueprintUserMessages: [Weapon_C_0] 100.0
[2019.05.11-03.33.22:514][463]LogBlueprintUserMessages: [Weapon_C_0] 100.0
[2019.05.11-03.33.22:530][464]LogBlueprintUserMessages: [Weapon_C_0] 100.0
[2019.05.11-03.33.22:546][465]LogBlueprintUserMessages: [Weapon_C_0] 100.0
[2019.05.11-03.33.22:563][466]LogBlueprintUserMessages: [Weapon_C_0] 100.0
[2019.05.11-03.33.22:579][467]LogBlueprintUserMessages: [Weapon_C_0] 100.0
[2019.05.11-03.33.22:595][468]LogBlueprintUserMessages: [Weapon_C_0] 100.0
[2019.05.11-03.33.22:611][469]LogBlueprintUserMessages: [Weapon_C_0] 100.0
[2019.05.11-03.33.22:628][470]LogBlueprintUserMessages: [Weapon_C_0] 100.0
[2019.05.11-03.33.22:644][471]LogBlueprintUserMessages: [Weapon_C_0] 100.0
[2019.05.11-03.33.22:659][472]LogBlueprintUserMessages: [Weapon_C_0] 100.0
[2019.05.11-03.33.22:676][473]LogBlueprintUserMessages: [Weapon_C_0] 100.0
[2019.05.11-03.33.22:692][474]LogBlueprintUserMessages: [Weapon_C_0] 100.0
[2019.05.11-03.33.22:708][475]LogBlueprintUserMessages: [Weapon_C_0] 100.0
[2019.05.11-03.33.22:724][476]LogBlueprintUserMessages: [Weapon_C_0] 100.0
[2019.05.11-03.33.22:740][477]LogBlueprintUserMessages: [Weapon_C_0] 100.0
[2019.05.11-03.33.22:756][478]LogBlueprintUserMessages: [Weapon_C_0] 100.0
[2019.05.11-03.33.22:772][479]LogBlueprintUserMessages: [Weapon_C_0] 100.0
[2019.05.11-03.33.22:905][480]LogSlate: Window 'GameJam2_2 (64-bit Development PCD3D_SM5) ' being destroyed
[2019.05.11-03.33.22:905][480]LogWindowsTextInputMethodSystem: Display: IME system now deactivated.
[2019.05.11-03.33.22:909][480]LogSlate: Updating window title bar state: overlay mode, drag disabled, window buttons hidden, title bar hidden
[2019.05.11-03.33.22:909][480]LogEngine: All Windows Closed
[2019.05.11-03.33.22:909][480]LogWindows: FPlatformMisc::RequestExit(0)
[2019.05.11-03.33.23:213][481]LogExit: Preparing to exit.
[2019.05.11-03.33.23:213][481]LogMoviePlayer: Shutting down movie player
[2019.05.11-03.33.23:915][481]LogSlate: Updating window title bar state: overlay mode, drag disabled, window buttons hidden, title bar hidden
[2019.05.11-03.33.23:925][481]LogExit: Game engine shut down
[2019.05.11-03.33.23:981][481]LogExit: Object subsystem successfully closed.
[2019.05.11-03.33.23:996][481]LogShaderCompilers: Display: Shaders left to compile 0
[2019.05.11-03.33.23:998][481]LogD3D11RHI: Shutdown
[2019.05.11-03.33.23:998][481]LogD3D11RHI: CleanupD3DDevice
[2019.05.11-03.33.23:999][481]LogRendererCore: FGlobalReadBuffer::ReleaseRHI
[2019.05.11-03.33.23:999][481]LogRendererCore: FGlobalDynamicReadBuffer::Cleanup()
[2019.05.11-03.33.23:999][481]LogRendererCore: FGlobalReadBuffer::ReleaseRHI
[2019.05.11-03.33.23:999][481]LogRendererCore: FGlobalDynamicReadBuffer::Cleanup()
[2019.05.11-03.33.23:999][481]LogRendererCore: FGlobalReadBuffer::ReleaseRHI
[2019.05.11-03.33.23:999][481]LogRendererCore: FGlobalDynamicReadBuffer::Cleanup()
[2019.05.11-03.33.24:043][481]LogD3D11RHI: ~FD3D11DynamicRHI
[2019.05.11-03.33.24:058][481]LogModuleManager: Shutting down and abandoning module SequenceRecorderSections (400)
[2019.05.11-03.33.24:058][481]LogModuleManager: Shutting down and abandoning module SequenceRecorder (398)
[2019.05.11-03.33.24:058][481]LogModuleManager: Shutting down and abandoning module AutomationController (396)
[2019.05.11-03.33.24:058][481]LogModuleManager: Shutting down and abandoning module AutomationWorker (394)
[2019.05.11-03.33.24:058][481]LogModuleManager: Shutting down and abandoning module Voice (392)
[2019.05.11-03.33.24:058][481]LogModuleManager: Shutting down and abandoning module AIModule (390)
[2019.05.11-03.33.24:058][481]LogModuleManager: Shutting down and abandoning module GameplayDebugger (389)
[2019.05.11-03.33.24:058][481]LogModuleManager: Shutting down and abandoning module AITestSuite (387)
[2019.05.11-03.33.24:058][481]LogModuleManager: Shutting down and abandoning module NavigationSystem (385)
[2019.05.11-03.33.24:058][481]LogModuleManager: Shutting down and abandoning module OculusMR (382)
[2019.05.11-03.33.24:058][481]LogModuleManager: Shutting down and abandoning module WmfMediaFactory (380)
[2019.05.11-03.33.24:058][481]LogModuleManager: Shutting down and abandoning module WebMMediaFactory (378)
[2019.05.11-03.33.24:058][481]LogModuleManager: Shutting down and abandoning module WebMMedia (376)
[2019.05.11-03.33.24:058][481]LogModuleManager: Shutting down and abandoning module OpenExrWrapper (374)
[2019.05.11-03.33.24:058][481]LogModuleManager: Shutting down and abandoning module ImgMediaFactory (372)
[2019.05.11-03.33.24:058][481]LogModuleManager: Shutting down and abandoning module AvfMediaFactory (370)
[2019.05.11-03.33.24:058][481]LogModuleManager: Shutting down and abandoning module MagicLeapCameraPreviewFactory (368)
[2019.05.11-03.33.24:058][481]LogModuleManager: Shutting down and abandoning module MagicLeapMediaCodecFactory (366)
[2019.05.11-03.33.24:058][481]LogModuleManager: Shutting down and abandoning module MagicLeapMediaFactory (364)
[2019.05.11-03.33.24:058][481]LogModuleManager: Shutting down and abandoning module CharacterAI (362)
[2019.05.11-03.33.24:058][481]LogModuleManager: Shutting down and abandoning module SessionServices (360)
[2019.05.11-03.33.24:058][481]LogModuleManager: Shutting down and abandoning module MovieSceneCapture (358)
[2019.05.11-03.33.24:058][481]LogModuleManager: Shutting down and abandoning module LiveCoding (356)
[2019.05.11-03.33.24:058][481]LogModuleManager: Shutting down and abandoning module LevelSequence (354)
[2019.05.11-03.33.24:058][481]LogModuleManager: Shutting down and abandoning module MovieSceneTracks (352)
[2019.05.11-03.33.24:058][481]LogModuleManager: Shutting down and abandoning module MovieScene (350)
[2019.05.11-03.33.24:058][481]LogModuleManager: Shutting down and abandoning module StreamingPauseRendering (348)
[2019.05.11-03.33.24:058][481]LogModuleManager: Shutting down and abandoning module PortalServices (346)
[2019.05.11-03.33.24:058][481]LogModuleManager: Shutting down and abandoning module PortalRpc (344)
[2019.05.11-03.33.24:058][481]LogModuleManager: Shutting down and abandoning module MessagingRpc (342)
[2019.05.11-03.33.24:058][481]LogModuleManager: Shutting down and abandoning module ImageWriteQueue (340)
[2019.05.11-03.33.24:061][481]LogModuleManager: Shutting down and abandoning module ProfilerService (338)
[2019.05.11-03.33.24:106][481]LogModuleManager: Shutting down and abandoning module TaskGraph (336)
[2019.05.11-03.33.24:106][481]LogModuleManager: Shutting down and abandoning module SteamVRController (334)
[2019.05.11-03.33.24:106][481]LogModuleManager: Shutting down and abandoning module ProceduralMeshComponent (332)
[2019.05.11-03.33.24:106][481]LogModuleManager: Shutting down and abandoning module OculusInput (330)
[2019.05.11-03.33.24:106][481]LogModuleManager: Shutting down and abandoning module MobilePatchingUtils (328)
[2019.05.11-03.33.24:106][481]LogModuleManager: Shutting down and abandoning module EditableMesh (326)
[2019.05.11-03.33.24:106][481]LogModuleManager: Shutting down and abandoning module CustomMeshComponent (324)
[2019.05.11-03.33.24:106][481]LogModuleManager: Shutting down and abandoning module CableComponent (322)
[2019.05.11-03.33.24:106][481]LogModuleManager: Shutting down and abandoning module AudioCapture (320)
[2019.05.11-03.33.24:106][481]LogModuleManager: Shutting down and abandoning module ArchVisCharacter (318)
[2019.05.11-03.33.24:106][481]LogModuleManager: Shutting down and abandoning module AndroidPermission (316)
[2019.05.11-03.33.24:106][481]LogModuleManager: Shutting down and abandoning module NUTUnrealEngine4 (314)
[2019.05.11-03.33.24:106][481]LogModuleManager: Shutting down and abandoning module NetcodeUnitTest (312)
[2019.05.11-03.33.24:106][481]LogModuleManager: Shutting down and abandoning module MediaCompositing (310)
[2019.05.11-03.33.24:106][481]LogModuleManager: Shutting down and abandoning module LinearTimecode (308)
[2019.05.11-03.33.24:106][481]LogModuleManager: Shutting down and abandoning module ImgMedia (306)
[2019.05.11-03.33.24:106][481]LogModuleManager: Shutting down and abandoning module MagicLeapHelperVulkan (304)
[2019.05.11-03.33.24:106][481]LogModuleManager: Shutting down and abandoning module MagicLeapHelperOpenGL (302)
[2019.05.11-03.33.24:106][481]LogModuleManager: Shutting down and abandoning module MagicLeapAudio (300)
[2019.05.11-03.33.24:106][481]LogModuleManager: Shutting down and abandoning module HTML5Networking (298)
[2019.05.11-03.33.24:106][481]LogModuleManager: Shutting down and abandoning module GeometryCollectionExampleCore (296)
[2019.05.11-03.33.24:106][481]LogModuleManager: Shutting down and abandoning module GeometryCacheTracks (294)
[2019.05.11-03.33.24:106][481]LogModuleManager: Shutting down and abandoning module GeometryCacheSequencer (293)
[2019.05.11-03.33.24:106][481]LogModuleManager: Shutting down and abandoning module GeometryCache (290)
[2019.05.11-03.33.24:106][481]LogModuleManager: Shutting down and abandoning module GeometryCacheEd (289)
[2019.05.11-03.33.24:106][481]LogModuleManager: Shutting down and abandoning module BackChannel (286)
[2019.05.11-03.33.24:106][481]LogModuleManager: Shutting down and abandoning module AppleVision (284)
[2019.05.11-03.33.24:106][481]LogModuleManager: Shutting down and abandoning module AppleImageUtilsBlueprintSupport (282)
[2019.05.11-03.33.24:106][481]LogModuleManager: Shutting down and abandoning module AppleImageUtils (280)
[2019.05.11-03.33.24:106][481]LogModuleManager: Shutting down and abandoning module VariantManagerContent (278)
[2019.05.11-03.33.24:106][481]LogModuleManager: Shutting down and abandoning module CryptoKeysOpenSSL (276)
[2019.05.11-03.33.24:107][481]LogModuleManager: Shutting down and abandoning module CryptoKeys (274)
[2019.05.11-03.33.24:107][481]LogModuleManager: Shutting down and abandoning module VisualStudioSourceCodeAccess (272)
[2019.05.11-03.33.24:107][481]LogModuleManager: Shutting down and abandoning module HotReload (271)
[2019.05.11-03.33.24:107][481]LogModuleManager: Shutting down and abandoning module DirectoryWatcher (270)
[2019.05.11-03.33.24:107][481]LogModuleManager: Shutting down and abandoning module VisualStudioCodeSourceCodeAccess (266)
[2019.05.11-03.33.24:107][481]LogModuleManager: Shutting down and abandoning module UObjectPlugin (264)
[2019.05.11-03.33.24:107][481]LogModuleManager: Shutting down and abandoning module SubversionSourceControl (262)
[2019.05.11-03.33.24:107][481]LogModuleManager: Shutting down and abandoning module PerforceSourceControl (260)
[2019.05.11-03.33.24:107][481]LogModuleManager: Shutting down and abandoning module SourceControl (259)
[2019.05.11-03.33.24:107][481]LogModuleManager: Shutting down and abandoning module CLionSourceCodeAccess (256)
[2019.05.11-03.33.24:107][481]LogModuleManager: Shutting down and abandoning module ActorLayerUtilities (254)
[2019.05.11-03.33.24:107][481]LogModuleManager: Shutting down and abandoning module SignificanceManager (252)
[2019.05.11-03.33.24:107][481]LogModuleManager: Shutting down and abandoning module RuntimePhysXCooking (250)
[2019.05.11-03.33.24:107][481]LogModuleManager: Shutting down and abandoning module PhysXVehiclesEditor (248)
[2019.05.11-03.33.24:107][481]LogModuleManager: Shutting down and abandoning module PhysXVehicles (246)
[2019.05.11-03.33.24:107][481]LogModuleManager: Shutting down and abandoning module LocationServicesBPLibrary (244)
[2019.05.11-03.33.24:107][481]LogModuleManager: Shutting down and abandoning module ActorSequence (242)
[2019.05.11-03.33.24:107][481]LogModuleManager: Shutting down and abandoning module UdpMessaging (240)
[2019.05.11-03.33.24:208][481]LogModuleManager: Shutting down and abandoning module TcpMessaging (238)
[2019.05.11-03.33.24:892][481]LogModuleManager: Shutting down and abandoning module MagicLeapIdentity (236)
[2019.05.11-03.33.24:892][481]LogModuleManager: Shutting down and abandoning module MagicLeapSecureStorage (234)
[2019.05.11-03.33.24:892][481]LogModuleManager: Shutting down and abandoning module MagicLeapHandTracking (232)
[2019.05.11-03.33.24:892][481]LogModuleManager: Shutting down and abandoning module MagicLeapEyeTracker (230)
[2019.05.11-03.33.24:892][481]LogModuleManager: Shutting down and abandoning module MagicLeapController (228)
[2019.05.11-03.33.24:892][481]LogSlate: Slate User Destroyed.  User Index 0, Is Virtual User: 0
[2019.05.11-03.33.24:892][481]LogModuleManager: Shutting down and abandoning module MagicLeapAR (226)
[2019.05.11-03.33.24:892][481]LogModuleManager: Shutting down and abandoning module AugmentedReality (225)
[2019.05.11-03.33.24:892][481]LogModuleManager: Shutting down and abandoning module GameplayTagsEditor (222)
[2019.05.11-03.33.24:892][481]LogModuleManager: Shutting down and abandoning module FacialAnimation (220)
[2019.05.11-03.33.24:892][481]LogModuleManager: Shutting down and abandoning module DataValidation (218)
[2019.05.11-03.33.24:892][481]LogModuleManager: Shutting down and abandoning module AssetManagerEditor (216)
[2019.05.11-03.33.24:892][481]LogModuleManager: Shutting down and abandoning module TreeMap (215)
[2019.05.11-03.33.24:892][481]LogModuleManager: Shutting down and abandoning module AnimationSharing (212)
[2019.05.11-03.33.24:892][481]LogModuleManager: Shutting down and abandoning module LightPropagationVolumeRuntime (210)
[2019.05.11-03.33.24:892][481]LogModuleManager: Shutting down and abandoning module AISupportModule (208)
[2019.05.11-03.33.24:892][481]LogModuleManager: Shutting down and abandoning module Paper2D (206)
[2019.05.11-03.33.24:892][481]LogModuleManager: Shutting down and abandoning module WindowsMoviePlayer (204)
[2019.05.11-03.33.24:892][481]LogModuleManager: Shutting down and abandoning module WebMMoviePlayer (202)
[2019.05.11-03.33.24:893][481]LogModuleManager: Shutting down and abandoning module PacketHandler (200)
[2019.05.11-03.33.24:893][481]LogModuleManager: Shutting down and abandoning module ClothingSystemEditor (198)
[2019.05.11-03.33.24:893][481]LogModuleManager: Shutting down and abandoning module ClothingSystemRuntime (196)
[2019.05.11-03.33.24:893][481]LogModuleManager: Shutting down and abandoning module MediaAssets (194)
[2019.05.11-03.33.24:893][481]LogModuleManager: Shutting down and abandoning module Overlay (192)
[2019.05.11-03.33.24:893][481]LogModuleManager: Shutting down and abandoning module OverlayEditor (191)
[2019.05.11-03.33.24:893][481]LogModuleManager: Shutting down and abandoning module VREditor (188)
[2019.05.11-03.33.24:893][481]LogModuleManager: Shutting down and abandoning module StringTableEditor (186)
[2019.05.11-03.33.24:893][481]LogModuleManager: Shutting down and abandoning module GameplayTasksEditor (184)
[2019.05.11-03.33.24:893][481]LogModuleManager: Shutting down and abandoning module BehaviorTreeEditor (182)
[2019.05.11-03.33.24:893][481]LogModuleManager: Shutting down and abandoning module FunctionalTesting (180)
[2019.05.11-03.33.24:893][481]LogModuleManager: Shutting down and abandoning module CollisionAnalyzer (178)
[2019.05.11-03.33.24:893][481]LogModuleManager: Shutting down and abandoning module WorkspaceMenuStructure (177)
[2019.05.11-03.33.24:893][481]LogModuleManager: Shutting down and abandoning module UMG (174)
[2019.05.11-03.33.24:893][481]LogModuleManager: Shutting down and abandoning module UMGEditor (173)
[2019.05.11-03.33.24:893][481]LogModuleManager: Shutting down and abandoning module Sequencer (172)
[2019.05.11-03.33.24:893][481]LogModuleManager: Shutting down and abandoning module MessageLog (169)
[2019.05.11-03.33.24:893][481]LogModuleManager: Shutting down and abandoning module SlateReflector (164)
[2019.05.11-03.33.24:893][481]LogModuleManager: Shutting down and abandoning module Slate (162)
[2019.05.11-03.33.24:893][481]LogModuleManager: Shutting down and abandoning module EditorStyle (160)
[2019.05.11-03.33.24:894][481]LogModuleManager: Shutting down and abandoning module UnrealEd (158)
[2019.05.11-03.33.24:894][481]LogModuleManager: Shutting down and abandoning module MRMesh (156)
[2019.05.11-03.33.24:894][481]LogModuleManager: Shutting down and abandoning module Messaging (154)
[2019.05.11-03.33.24:894][481]LogModuleManager: Shutting down and abandoning module SourceCodeAccess (152)
[2019.05.11-03.33.24:894][481]LogModuleManager: Shutting down and abandoning module HeadMountedDisplay (150)
[2019.05.11-03.33.24:894][481]LogModuleManager: Shutting down and abandoning module XAudio2 (148)
[2019.05.11-03.33.24:894][481]LogModuleManager: Shutting down and abandoning module Networking (146)
[2019.05.11-03.33.24:894][481]LogModuleManager: Shutting down and abandoning module Core (144)
[2019.05.11-03.33.24:894][481]LogModuleManager: Shutting down and abandoning module KismetCompiler (142)
[2019.05.11-03.33.24:894][481]LogModuleManager: Shutting down and abandoning module MeshUtilities (140)
[2019.05.11-03.33.24:894][481]LogModuleManager: Shutting down and abandoning module MeshMergeUtilities (139)
[2019.05.11-03.33.24:894][481]LogModuleManager: Shutting down and abandoning module MeshReductionInterface (138)
[2019.05.11-03.33.24:894][481]LogModuleManager: Shutting down and abandoning module SkeletalMeshReduction (137)
[2019.05.11-03.33.24:894][481]LogModuleManager: Shutting down and abandoning module ProxyLODMeshReduction (135)
[2019.05.11-03.33.24:894][481]LogModuleManager: Shutting down and abandoning module QuadricMeshReduction (133)
[2019.05.11-03.33.24:894][481]LogModuleManager: Shutting down and abandoning module MaterialBaking (129)
[2019.05.11-03.33.24:894][481]LogModuleManager: Shutting down and abandoning module PIEPreviewDeviceProfileSelector (124)
[2019.05.11-03.33.24:894][481]LogModuleManager: Shutting down and abandoning module DerivedDataCache (122)
[2019.05.11-03.33.24:902][481]LogDerivedDataCache: Shutdown
[2019.05.11-03.33.24:902][481]LogModuleManager: Shutting down and abandoning module XGEController (120)
[2019.05.11-03.33.24:902][481]LogModuleManager: Shutting down and abandoning module TargetPlatform (118)
[2019.05.11-03.33.24:902][481]LogModuleManager: Shutting down and abandoning module VulkanShaderFormat (117)
[2019.05.11-03.33.24:902][481]LogModuleManager: Shutting down and abandoning module ShaderFormatVectorVM (115)
[2019.05.11-03.33.24:902][481]LogModuleManager: Shutting down and abandoning module ShaderFormatOpenGL (113)
[2019.05.11-03.33.24:902][481]LogModuleManager: Shutting down and abandoning module ShaderFormatD3D (111)
[2019.05.11-03.33.24:902][481]LogModuleManager: Shutting down and abandoning module MetalShaderFormat (109)
[2019.05.11-03.33.24:902][481]LogModuleManager: Shutting down and abandoning module TextureFormatUncompressed (107)
[2019.05.11-03.33.24:902][481]LogModuleManager: Shutting down and abandoning module TextureFormatPVR (105)
[2019.05.11-03.33.24:902][481]LogModuleManager: Shutting down and abandoning module TextureFormatDXT (103)
[2019.05.11-03.33.24:902][481]LogModuleManager: Shutting down and abandoning module TextureFormatIntelISPCTexComp (101)
[2019.05.11-03.33.24:902][481]LogModuleManager: Shutting down and abandoning module TextureFormatASTC (99)
[2019.05.11-03.33.24:902][481]LogModuleManager: Shutting down and abandoning module ImageWrapper (98)
[2019.05.11-03.33.24:902][481]LogModuleManager: Shutting down and abandoning module TextureFormatAndroid (95)
[2019.05.11-03.33.24:902][481]LogModuleManager: Shutting down and abandoning module AudioFormatOpus (93)
[2019.05.11-03.33.24:902][481]LogModuleManager: Shutting down and abandoning module AudioFormatOgg (91)
[2019.05.11-03.33.24:902][481]LogModuleManager: Shutting down and abandoning module AudioFormatADPCM (89)
[2019.05.11-03.33.24:902][481]LogModuleManager: Shutting down and abandoning module WindowsTargetPlatform (87)
[2019.05.11-03.33.24:902][481]LogModuleManager: Shutting down and abandoning module WindowsServerTargetPlatform (85)
[2019.05.11-03.33.24:902][481]LogModuleManager: Shutting down and abandoning module WindowsNoEditorTargetPlatform (83)
[2019.05.11-03.33.24:903][481]LogModuleManager: Shutting down and abandoning module WindowsClientTargetPlatform (81)
[2019.05.11-03.33.24:903][481]LogModuleManager: Shutting down and abandoning module InputCore (78)
[2019.05.11-03.33.24:903][481]LogModuleManager: Shutting down and abandoning module Settings (76)
[2019.05.11-03.33.24:903][481]LogModuleManager: Shutting down and abandoning module PhysXCooking (74)
[2019.05.11-03.33.24:903][481]LogModuleManager: Shutting down and abandoning module SteamVR (72)
[2019.05.11-03.33.24:903][481]LogHMD: Freeing OpenVRDLLHandle.
[2019.05.11-03.33.24:903][481]LogModuleManager: Shutting down and abandoning module OculusHMD (70)
[2019.05.11-03.33.24:903][481]LogModuleManager: Shutting down and abandoning module ExampleDeviceProfileSelector (68)
[2019.05.11-03.33.24:903][481]LogModuleManager: Shutting down and abandoning module LauncherChunkInstaller (66)
[2019.05.11-03.33.24:903][481]LogModuleManager: Shutting down and abandoning module OnlineBlueprintSupport (64)
[2019.05.11-03.33.24:903][481]LogModuleManager: Shutting down and abandoning module OnlineSubsystem (60)
[2019.05.11-03.33.24:903][481]LogModuleManager: Shutting down and abandoning module XMPP (55)
[2019.05.11-03.33.24:903][481]LogModuleManager: Shutting down and abandoning module WebSockets (54)
[2019.05.11-03.33.24:932][481]LogModuleManager: Shutting down and abandoning module HTTP (51)
[2019.05.11-03.33.24:944][481]LogModuleManager: Shutting down and abandoning module SSL (50)
[2019.05.11-03.33.24:945][481]LogModuleManager: Shutting down and abandoning module WmfMedia (46)
[2019.05.11-03.33.24:946][481]LogModuleManager: Shutting down and abandoning module Media (45)
[2019.05.11-03.33.24:952][481]LogModuleManager: Shutting down and abandoning module MagicLeap (42)
[2019.05.11-03.33.24:952][481]LogModuleManager: Shutting down and abandoning module DatasmithContent (40)
[2019.05.11-03.33.24:952][481]LogModuleManager: Shutting down and abandoning module AnimationModifiers (38)
[2019.05.11-03.33.24:952][481]LogModuleManager: Shutting down and abandoning module PropertyEditor (37)
[2019.05.11-03.33.24:952][481]LogModuleManager: Shutting down and abandoning module AudioEditor (34)
[2019.05.11-03.33.24:952][481]LogModuleManager: Shutting down and abandoning module TextureCompressor (32)
[2019.05.11-03.33.24:953][481]LogModuleManager: Shutting down and abandoning module RenderCore (30)
[2019.05.11-03.33.24:953][481]LogModuleManager: Shutting down and abandoning module Landscape (28)
[2019.05.11-03.33.24:953][481]LogModuleManager: Shutting down and abandoning module SlateRHIRenderer (26)
[2019.05.11-03.33.24:953][481]LogModuleManager: Shutting down and abandoning module OpenGLDrv (24)
[2019.05.11-03.33.24:953][481]LogModuleManager: Shutting down and abandoning module D3D11RHI (22)
[2019.05.11-03.33.24:953][481]LogModuleManager: Shutting down and abandoning module AnimGraphRuntime (20)
[2019.05.11-03.33.24:953][481]LogModuleManager: Shutting down and abandoning module Renderer (18)
[2019.05.11-03.33.24:953][481]LogModuleManager: Shutting down and abandoning module Engine (16)
[2019.05.11-03.33.24:953][481]LogModuleManager: Shutting down and abandoning module CoreUObject (14)
[2019.05.11-03.33.24:953][481]LogModuleManager: Shutting down and abandoning module NetworkFile (12)
[2019.05.11-03.33.24:953][481]LogModuleManager: Shutting down and abandoning module CookedIterativeFile (10)
[2019.05.11-03.33.24:953][481]LogModuleManager: Shutting down and abandoning module StreamingFile (8)
[2019.05.11-03.33.24:953][481]LogModuleManager: Shutting down and abandoning module SandboxFile (6)
[2019.05.11-03.33.24:953][481]LogModuleManager: Shutting down and abandoning module PakFile (4)
[2019.05.11-03.33.24:953][481]LogModuleManager: Shutting down and abandoning module RSA (3)
[2019.05.11-03.33.24:957][481]LogExit: Exiting.
[2019.05.11-03.33.24:969][481]Log file closed, 05/11/19 04:33:24
