Log file open, 05/10/19 23:12:12
LogWindows: Failed to load 'aqProf.dll' (GetLastError=126)
LogWindows: File 'aqProf.dll' does not exist
LogWindows: Failed to load 'VtuneApi.dll' (GetLastError=126)
LogWindows: File 'VtuneApi.dll' does not exist
LogWindows: Failed to load 'VtuneApi32e.dll' (GetLastError=126)
LogWindows: File 'VtuneApi32e.dll' does not exist
LogConsoleResponse: Display: Failed to find resolution value strings in scalability ini. Falling back to default.
LogInit: Display: Running engine for game: GameJam2_2
LogPakFile: Registered encryption key '00000000000000000000000000000000': 0 pak files mounted, 0 remain pending
LogPlatformFile: Not using cached read wrapper
LogTaskGraph: Started task graph with 5 named threads and 23 total threads with 3 sets of task threads.
LogStats: Stats thread started at 0.262934
LogD3D11RHI: Loaded GFSDK_Aftermath_Lib.x64.dll
LogICUInternationalization: ICU TimeZone Detection - Raw Offset: +0:00, Platform Override: ''
LogPluginManager: Mounting plugin Paper2D
LogPluginManager: Mounting plugin AISupport
LogPluginManager: Mounting plugin LightPropagationVolume
LogPluginManager: Mounting plugin ActorLayerUtilities
LogPluginManager: Mounting plugin AnimationSharing
LogPluginManager: Mounting plugin CLionSourceCodeAccess
LogPluginManager: Mounting plugin CodeLiteSourceCodeAccess
LogPluginManager: Mounting plugin GitSourceControl
LogPluginManager: Mounting plugin KDevelopSourceCodeAccess
LogPluginManager: Mounting plugin NullSourceCodeAccess
LogPluginManager: Mounting plugin PerforceSourceControl
LogPluginManager: Mounting plugin SubversionSourceControl
LogPluginManager: Mounting plugin UObjectPlugin
LogPluginManager: Mounting plugin VisualStudioCodeSourceCodeAccess
LogPluginManager: Mounting plugin VisualStudioSourceCodeAccess
LogPluginManager: Mounting plugin XCodeSourceCodeAccess
LogPluginManager: Mounting plugin AssetManagerEditor
LogPluginManager: Mounting plugin CryptoKeys
LogPluginManager: Mounting plugin DataValidation
LogPluginManager: Mounting plugin EditorScriptingUtilities
LogPluginManager: Mounting plugin FacialAnimation
LogPluginManager: Mounting plugin GameplayTagsEditor
LogPluginManager: Mounting plugin GLTFImporter
LogPluginManager: Mounting plugin MacGraphicsSwitching
LogPluginManager: Mounting plugin MaterialAnalyzer
LogPluginManager: Mounting plugin MeshEditor
LogPluginManager: Mounting plugin MobileLauncherProfileWizard
LogPluginManager: Mounting plugin PluginBrowser
LogPluginManager: Mounting plugin SpeedTreeImporter
LogPluginManager: Mounting plugin DatasmithContent
LogPluginManager: Mounting plugin VariantManagerContent
LogPluginManager: Mounting plugin AlembicImporter
LogPluginManager: Mounting plugin AppleImageUtils
LogPluginManager: Mounting plugin AppleVision
LogPluginManager: Mounting plugin BackChannel
LogPluginManager: Mounting plugin BlastPlugin
LogPluginManager: Mounting plugin ChaosSolverPlugin
LogPluginManager: Mounting plugin CharacterAI
LogPluginManager: Mounting plugin GeometryCache
LogPluginManager: Mounting plugin GeometryCollectionPlugin
LogPluginManager: Mounting plugin HTML5Networking
LogPluginManager: Mounting plugin ProxyLODPlugin
LogPluginManager: Mounting plugin SkeletalReduction
LogPluginManager: Mounting plugin MagicLeap
LogPluginManager: Mounting plugin MagicLeapMedia
LogPluginManager: Mounting plugin AndroidMedia
LogPluginManager: Mounting plugin AvfMedia
LogPluginManager: Mounting plugin ImgMedia
LogPluginManager: Mounting plugin LinearTimecode
LogPluginManager: Mounting plugin MediaCompositing
LogPluginManager: Mounting plugin MediaPlayerEditor
LogPluginManager: Mounting plugin WebMMedia
LogPluginManager: Mounting plugin WmfMedia
LogPluginManager: Mounting plugin TcpMessaging
LogPluginManager: Mounting plugin UdpMessaging
LogPluginManager: Mounting plugin ActorSequence
LogPluginManager: Mounting plugin LevelSequenceEditor
LogPluginManager: Mounting plugin MatineeToLevelSequence
LogPluginManager: Mounting plugin NetcodeUnitTest
LogPluginManager: Mounting plugin NUTUnrealEngine4
LogPluginManager: Mounting plugin OnlineSubsystemGooglePlay
LogPluginManager: Mounting plugin OnlineSubsystemIOS
LogPluginManager: Mounting plugin OnlineSubsystem
LogPluginManager: Mounting plugin OnlineSubsystemNull
LogPluginManager: Mounting plugin OnlineSubsystemUtils
LogPluginManager: Mounting plugin LauncherChunkInstaller
LogPluginManager: Mounting plugin AndroidDeviceProfileSelector
LogPluginManager: Mounting plugin AndroidMoviePlayer
LogPluginManager: Mounting plugin AndroidPermission
LogPluginManager: Mounting plugin AppleMoviePlayer
LogPluginManager: Mounting plugin ArchVisCharacter
LogPluginManager: Mounting plugin AudioCapture
LogPluginManager: Mounting plugin CableComponent
LogPluginManager: Mounting plugin CustomMeshComponent
LogPluginManager: Mounting plugin EditableMesh
LogPluginManager: Mounting plugin ExampleDeviceProfileSelector
LogPluginManager: Mounting plugin Firebase
LogPluginManager: Mounting plugin GoogleCloudMessaging
LogPluginManager: Mounting plugin IOSDeviceProfileSelector
LogPluginManager: Mounting plugin LinuxDeviceProfileSelector
LogPluginManager: Mounting plugin LocationServicesBPLibrary
LogPluginManager: Mounting plugin MobilePatchingUtils
LogPluginManager: Mounting plugin OculusVR
LogPluginManager: Mounting plugin PhysXVehicles
LogPluginManager: Mounting plugin ProceduralMeshComponent
LogPluginManager: Mounting plugin RuntimePhysXCooking
LogPluginManager: Mounting plugin SignificanceManager
LogPluginManager: Mounting plugin SteamVR
LogPluginManager: Mounting plugin WebMMoviePlayer
LogPluginManager: Mounting plugin WindowsMoviePlayer
LogPluginManager: Mounting plugin DatasmithCADImporter
LogPluginManager: Mounting plugin DatasmithDataPrepEditor
LogPluginManager: Mounting plugin DatasmithFBXImporter
LogPluginManager: Mounting plugin DatasmithGLTFImporter
LogPluginManager: Mounting plugin DatasmithImporter
LogPluginManager: Mounting plugin MDLImporter
LogPluginManager: Mounting plugin StaticMeshEditorExtension
LogPluginManager: Mounting plugin VariantManager
LogInit: Using libcurl 7.55.1-DEV
LogInit:  - built for x86_64-pc-win32
LogInit:  - supports SSL with OpenSSL/1.1.1
LogInit:  - supports HTTP deflate (compression) using libz 1.2.8
LogInit:  - other features:
LogInit:      CURL_VERSION_SSL
LogInit:      CURL_VERSION_LIBZ
LogInit:      CURL_VERSION_IPV6
LogInit:      CURL_VERSION_ASYNCHDNS
LogInit:      CURL_VERSION_LARGEFILE
LogInit:      CURL_VERSION_IDN
LogInit:  CurlRequestOptions (configurable via config and command line):
LogInit:  - bVerifyPeer = true  - Libcurl will verify peer certificate
LogInit:  - bUseHttpProxy = false  - Libcurl will NOT use HTTP proxy
LogInit:  - bDontReuseConnections = false  - Libcurl will reuse connections
LogInit:  - MaxHostConnections = 16  - Libcurl will limit the number of connections to a host
LogInit:  - LocalHostAddr = Default
LogInit:  - BufferSize = 65536
LogInit: WinSock: version 1.1 (2.2), MaxSocks=32767, MaxUdp=65467
LogInit: Build: ++UE4+Release-4.22-CL-6063286
LogInit: Engine Version: 4.22.1-6063286+++UE4+Release-4.22
LogInit: Compatible Engine Version: 4.22.0-5660361+++UE4+Release-4.22
LogInit: Net CL: 5660361
LogInit: OS: Windows 10 (Release 1809) (), CPU: Intel(R) Core(TM) i7-6700K CPU @ 4.00GHz, GPU: NVIDIA GeForce GTX 1080
LogInit: Compiled (64-bit): Apr 24 2019 04:36:48
LogInit: Compiled with Visual C++: 19.16.27025.01
LogInit: Build Configuration: Development
LogInit: Branch Name: ++UE4+Release-4.22
LogInit: Command Line:  -EpicPortal -epicusername=Yggahs -epicuserid=21475b03444f4d25a6be0bef5d24da06 -epiclocale=en-GB
LogInit: Base Directory: C:/Program Files/Epic Games/UE_4.22/Engine/Binaries/Win64/
LogInit: Installed Engine Build: 1
LogDevObjectVersion: Number of dev versions registered: 23
LogDevObjectVersion:   Dev-Blueprints (B0D832E4-1F89-4F0D-ACCF-7EB736FD4AA2): 10
LogDevObjectVersion:   Dev-Build (E1C64328-A22C-4D53-A36C-8E866417BD8C): 0
LogDevObjectVersion:   Dev-Core (375EC13C-06E4-48FB-B500-84F0262A717E): 3
LogDevObjectVersion:   Dev-Editor (E4B068ED-F494-42E9-A231-DA0B2E46BB41): 30
LogDevObjectVersion:   Dev-Framework (CFFC743F-43B0-4480-9391-14DF171D2073): 35
LogDevObjectVersion:   Dev-Mobile (B02B49B5-BB20-44E9-A304-32B752E40360): 2
LogDevObjectVersion:   Dev-Networking (A4E4105C-59A1-49B5-A7C5-40C4547EDFEE): 0
LogDevObjectVersion:   Dev-Online (39C831C9-5AE6-47DC-9A44-9C173E1C8E7C): 0
LogDevObjectVersion:   Dev-Physics (78F01B33-EBEA-4F98-B9B4-84EACCB95AA2): 0
LogDevObjectVersion:   Dev-Platform (6631380F-2D4D-43E0-8009-CF276956A95A): 0
LogDevObjectVersion:   Dev-Rendering (12F88B9F-8875-4AFC-A67C-D90C383ABD29): 28
LogDevObjectVersion:   Dev-Sequencer (7B5AE74C-D270-4C10-A958-57980B212A5A): 11
LogDevObjectVersion:   Dev-VR (D7296918-1DD6-4BDD-9DE2-64A83CC13884): 2
LogDevObjectVersion:   Dev-LoadTimes (C2A15278-BFE7-4AFE-6C17-90FF531DF755): 1
LogDevObjectVersion:   Private-Geometry (6EACA3D4-40EC-4CC1-B786-8BED09428FC5): 3
LogDevObjectVersion:   Dev-AnimPhys (29E575DD-E0A3-4627-9D10-D276232CDCEA): 17
LogDevObjectVersion:   Dev-Anim (AF43A65D-7FD3-4947-9873-3E8ED9C1BB05): 2
LogDevObjectVersion:   Dev-ReflectionCapture (6B266CEC-1EC7-4B8F-A30B-E4D90942FC07): 1
LogDevObjectVersion:   Dev-Automation (0DF73D61-A23F-47EA-B727-89E90C41499A): 1
LogDevObjectVersion:   FortniteMain (601D1886-AC64-4F84-AA16-D3DE0DEAC7D6): 25
LogDevObjectVersion:   Dev-Enterprise (9DFFBCD6-494F-0158-E221-12823C92A888): 6
LogDevObjectVersion:   Dev-Niagara (F2AED0AC-9AFE-416F-8664-AA7FFA26D6FC): 1
LogDevObjectVersion:   Dev-Destruction (174F1F0B-B4C6-45A5-B13F-2EE8D0FB917D): 2
LogInit: Presizing for max 16777216 objects, including 0 objects not considered by GC, pre-allocating 0 bytes for permanent pool.
LogInit: Object subsystem initialized
LogConfig: Setting CVar [[con.DebugEarlyDefault:1]]
LogConfig: Setting CVar [[r.setres:1280x720]]
[2019.05.10-22.12.12:585][  0]LogConfig: Setting CVar [[r.VSync:0]]
[2019.05.10-22.12.12:585][  0]LogConfig: Setting CVar [[r.RHICmdBypass:0]]
[2019.05.10-22.12.12:585][  0]LogConfig: Applying CVar settings from Section [/Script/Engine.RendererSettings] File [C:/Users/localuser/Documents/GitHub/GameJam10_5_19/Saved/Config/Windows/Engine.ini]
[2019.05.10-22.12.12:585][  0]LogConfig: Setting CVar [[r.GPUCrashDebugging:0]]
[2019.05.10-22.12.12:585][  0]LogConfig: Applying CVar settings from Section [/Script/Engine.RendererOverrideSettings] File [C:/Users/localuser/Documents/GitHub/GameJam10_5_19/Saved/Config/Windows/Engine.ini]
[2019.05.10-22.12.12:585][  0]LogConfig: Applying CVar settings from Section [/Script/Engine.StreamingSettings] File [C:/Users/localuser/Documents/GitHub/GameJam10_5_19/Saved/Config/Windows/Engine.ini]
[2019.05.10-22.12.12:585][  0]LogConfig: Setting CVar [[s.MinBulkDataSizeForAsyncLoading:131072]]
[2019.05.10-22.12.12:585][  0]LogConfig: Setting CVar [[s.AsyncLoadingThreadEnabled:0]]
[2019.05.10-22.12.12:585][  0]LogConfig: Setting CVar [[s.EventDrivenLoaderEnabled:1]]
[2019.05.10-22.12.12:585][  0]LogConfig: Setting CVar [[s.WarnIfTimeLimitExceeded:0]]
[2019.05.10-22.12.12:585][  0]LogConfig: Setting CVar [[s.TimeLimitExceededMultiplier:1.5]]
[2019.05.10-22.12.12:585][  0]LogConfig: Setting CVar [[s.TimeLimitExceededMinTime:0.005]]
[2019.05.10-22.12.12:585][  0]LogConfig: Setting CVar [[s.UseBackgroundLevelStreaming:1]]
[2019.05.10-22.12.12:585][  0]LogConfig: Setting CVar [[s.PriorityAsyncLoadingExtraTime:15.0]]
[2019.05.10-22.12.12:585][  0]LogConfig: Setting CVar [[s.LevelStreamingActorsUpdateTimeLimit:5.0]]
[2019.05.10-22.12.12:585][  0]LogConfig: Setting CVar [[s.PriorityLevelStreamingActorsUpdateExtraTime:5.0]]
[2019.05.10-22.12.12:586][  0]LogConfig: Setting CVar [[s.LevelStreamingComponentsRegistrationGranularity:10]]
[2019.05.10-22.12.12:586][  0]LogConfig: Setting CVar [[s.UnregisterComponentsTimeLimit:1.0]]
[2019.05.10-22.12.12:586][  0]LogConfig: Setting CVar [[s.LevelStreamingComponentsUnregistrationGranularity:5]]
[2019.05.10-22.12.12:586][  0]LogConfig: Applying CVar settings from Section [/Script/Engine.GarbageCollectionSettings] File [C:/Users/localuser/Documents/GitHub/GameJam10_5_19/Saved/Config/Windows/Engine.ini]
[2019.05.10-22.12.12:586][  0]LogConfig: Setting CVar [[gc.MaxObjectsNotConsideredByGC:1]]
[2019.05.10-22.12.12:586][  0]LogConfig: Setting CVar [[gc.SizeOfPermanentObjectPool:0]]
[2019.05.10-22.12.12:586][  0]LogConfig: Setting CVar [[gc.FlushStreamingOnGC:0]]
[2019.05.10-22.12.12:586][  0]LogConfig: Setting CVar [[gc.NumRetriesBeforeForcingGC:10]]
[2019.05.10-22.12.12:586][  0]LogConfig: Setting CVar [[gc.AllowParallelGC:1]]
[2019.05.10-22.12.12:586][  0]LogConfig: Setting CVar [[gc.TimeBetweenPurgingPendingKillObjects:61.1]]
[2019.05.10-22.12.12:586][  0]LogConfig: Setting CVar [[gc.MaxObjectsInEditor:16777216]]
[2019.05.10-22.12.12:586][  0]LogConfig: Setting CVar [[gc.IncrementalBeginDestroyEnabled:1]]
[2019.05.10-22.12.12:586][  0]LogConfig: Setting CVar [[gc.CreateGCClusters:1]]
[2019.05.10-22.12.12:586][  0]LogConfig: Setting CVar [[gc.MinGCClusterSize:5]]
[2019.05.10-22.12.12:586][  0]LogConfig: Setting CVar [[gc.ActorClusteringEnabled:0]]
[2019.05.10-22.12.12:586][  0]LogConfig: Setting CVar [[gc.BlueprintClusteringEnabled:0]]
[2019.05.10-22.12.12:586][  0]LogConfig: Setting CVar [[gc.UseDisregardForGCOnDedicatedServers:0]]
[2019.05.10-22.12.12:586][  0]LogConfig: Applying CVar settings from Section [/Script/Engine.NetworkSettings] File [C:/Users/localuser/Documents/GitHub/GameJam10_5_19/Saved/Config/Windows/Engine.ini]
[2019.05.10-22.12.12:586][  0]LogConfig: Applying CVar settings from Section [/Script/UnrealEd.CookerSettings] File [C:/Users/localuser/Documents/GitHub/GameJam10_5_19/Saved/Config/Windows/Engine.ini]
[2019.05.10-22.12.12:587][  0]LogConfig: Applying CVar settings from Section [ViewDistanceQuality@3] File [C:/Users/localuser/Documents/GitHub/GameJam10_5_19/Saved/Config/Windows/Scalability.ini]
[2019.05.10-22.12.12:588][  0]LogConfig: Setting CVar [[r.SkeletalMeshLODBias:0]]
[2019.05.10-22.12.12:588][  0]LogConfig: Setting CVar [[r.ViewDistanceScale:1.0]]
[2019.05.10-22.12.12:588][  0]LogConfig: Applying CVar settings from Section [AntiAliasingQuality@3] File [C:/Users/localuser/Documents/GitHub/GameJam10_5_19/Saved/Config/Windows/Scalability.ini]
[2019.05.10-22.12.12:588][  0]LogConfig: Setting CVar [[r.PostProcessAAQuality:4]]
[2019.05.10-22.12.12:588][  0]LogConfig: Applying CVar settings from Section [ShadowQuality@3] File [C:/Users/localuser/Documents/GitHub/GameJam10_5_19/Saved/Config/Windows/Scalability.ini]
[2019.05.10-22.12.12:588][  0]LogConfig: Setting CVar [[r.LightFunctionQuality:1]]
[2019.05.10-22.12.12:588][  0]LogConfig: Setting CVar [[r.ShadowQuality:5]]
[2019.05.10-22.12.12:588][  0]LogConfig: Setting CVar [[r.Shadow.CSM.MaxCascades:10]]
[2019.05.10-22.12.12:588][  0]LogConfig: Setting CVar [[r.Shadow.MaxResolution:2048]]
[2019.05.10-22.12.12:588][  0]LogConfig: Setting CVar [[r.Shadow.MaxCSMResolution:2048]]
[2019.05.10-22.12.12:588][  0]LogConfig: Setting CVar [[r.Shadow.RadiusThreshold:0.01]]
[2019.05.10-22.12.12:588][  0]LogConfig: Setting CVar [[r.Shadow.DistanceScale:1.0]]
[2019.05.10-22.12.12:588][  0]LogConfig: Setting CVar [[r.Shadow.CSM.TransitionScale:1.0]]
[2019.05.10-22.12.12:588][  0]LogConfig: Setting CVar [[r.Shadow.PreShadowResolutionFactor:1.0]]
[2019.05.10-22.12.12:588][  0]LogConfig: Setting CVar [[r.DistanceFieldShadowing:1]]
[2019.05.10-22.12.12:588][  0]LogConfig: Setting CVar [[r.DistanceFieldAO:1]]
[2019.05.10-22.12.12:588][  0]LogConfig: Setting CVar [[r.AOQuality:2]]
[2019.05.10-22.12.12:588][  0]LogConfig: Setting CVar [[r.VolumetricFog:1]]
[2019.05.10-22.12.12:588][  0]LogConfig: Setting CVar [[r.VolumetricFog.GridPixelSize:8]]
[2019.05.10-22.12.12:588][  0]LogConfig: Setting CVar [[r.VolumetricFog.GridSizeZ:128]]
[2019.05.10-22.12.12:588][  0]LogConfig: Setting CVar [[r.VolumetricFog.HistoryMissSupersampleCount:4]]
[2019.05.10-22.12.12:588][  0]LogConfig: Setting CVar [[r.LightMaxDrawDistanceScale:1]]
[2019.05.10-22.12.12:588][  0]LogConfig: Setting CVar [[r.CapsuleShadows:1]]
[2019.05.10-22.12.12:588][  0]LogConfig: Applying CVar settings from Section [PostProcessQuality@3] File [C:/Users/localuser/Documents/GitHub/GameJam10_5_19/Saved/Config/Windows/Scalability.ini]
[2019.05.10-22.12.12:588][  0]LogConfig: Setting CVar [[r.MotionBlurQuality:4]]
[2019.05.10-22.12.12:588][  0]LogConfig: Setting CVar [[r.AmbientOcclusionMipLevelFactor:0.4]]
[2019.05.10-22.12.12:588][  0]LogConfig: Setting CVar [[r.AmbientOcclusionMaxQuality:100]]
[2019.05.10-22.12.12:588][  0]LogConfig: Setting CVar [[r.AmbientOcclusionLevels:-1]]
[2019.05.10-22.12.12:588][  0]LogConfig: Setting CVar [[r.AmbientOcclusionRadiusScale:1.0]]
[2019.05.10-22.12.12:588][  0]LogConfig: Setting CVar [[r.DepthOfFieldQuality:2]]
[2019.05.10-22.12.12:588][  0]LogConfig: Setting CVar [[r.RenderTargetPoolMin:400]]
[2019.05.10-22.12.12:588][  0]LogConfig: Setting CVar [[r.LensFlareQuality:2]]
[2019.05.10-22.12.12:588][  0]LogConfig: Setting CVar [[r.SceneColorFringeQuality:1]]
[2019.05.10-22.12.12:588][  0]LogConfig: Setting CVar [[r.EyeAdaptationQuality:2]]
[2019.05.10-22.12.12:588][  0]LogConfig: Setting CVar [[r.BloomQuality:5]]
[2019.05.10-22.12.12:588][  0]LogConfig: Setting CVar [[r.FastBlurThreshold:100]]
[2019.05.10-22.12.12:588][  0]LogConfig: Setting CVar [[r.Upscale.Quality:3]]
[2019.05.10-22.12.12:588][  0]LogConfig: Setting CVar [[r.Tonemapper.GrainQuantization:1]]
[2019.05.10-22.12.12:588][  0]LogConfig: Setting CVar [[r.LightShaftQuality:1]]
[2019.05.10-22.12.12:588][  0]LogConfig: Setting CVar [[r.Filter.SizeScale:1]]
[2019.05.10-22.12.12:588][  0]LogConfig: Setting CVar [[r.Tonemapper.Quality:5]]
[2019.05.10-22.12.12:588][  0]LogConfig: Setting CVar [[r.DOF.Gather.AccumulatorQuality:1        ; higher gathering accumulator quality]]
[2019.05.10-22.12.12:588][  0]LogConfig: Setting CVar [[r.DOF.Gather.PostfilterMethod:1          ; Median3x3 postfilering method]]
[2019.05.10-22.12.12:588][  0]LogConfig: Setting CVar [[r.DOF.Gather.EnableBokehSettings:0       ; no bokeh simulation when gathering]]
[2019.05.10-22.12.12:588][  0]LogConfig: Setting CVar [[r.DOF.Gather.RingCount:4                 ; medium number of samples when gathering]]
[2019.05.10-22.12.12:588][  0]LogConfig: Setting CVar [[r.DOF.Scatter.ForegroundCompositing:1    ; additive foreground scattering]]
[2019.05.10-22.12.12:588][  0]LogConfig: Setting CVar [[r.DOF.Scatter.BackgroundCompositing:2    ; additive background scattering]]
[2019.05.10-22.12.12:588][  0]LogConfig: Setting CVar [[r.DOF.Scatter.EnableBokehSettings:1      ; bokeh simulation when scattering]]
[2019.05.10-22.12.12:588][  0]LogConfig: Setting CVar [[r.DOF.Scatter.MaxSpriteRatio:0.1         ; only a maximum of 10% of scattered bokeh]]
[2019.05.10-22.12.12:588][  0]LogConfig: Setting CVar [[r.DOF.Recombine.Quality:1                ; cheap slight out of focus]]
[2019.05.10-22.12.12:588][  0]LogConfig: Setting CVar [[r.DOF.Recombine.EnableBokehSettings:0    ; no bokeh simulation on slight out of focus]]
[2019.05.10-22.12.12:588][  0]LogConfig: Setting CVar [[r.DOF.TemporalAAQuality:1                ; more stable temporal accumulation]]
[2019.05.10-22.12.12:588][  0]LogConfig: Setting CVar [[r.DOF.Kernel.MaxForegroundRadius:0.025]]
[2019.05.10-22.12.12:588][  0]LogConfig: Setting CVar [[r.DOF.Kernel.MaxBackgroundRadius:0.025]]
[2019.05.10-22.12.12:588][  0]LogConfig: Applying CVar settings from Section [TextureQuality@3] File [C:/Users/localuser/Documents/GitHub/GameJam10_5_19/Saved/Config/Windows/Scalability.ini]
[2019.05.10-22.12.12:588][  0]LogConfig: Setting CVar [[r.Streaming.MipBias:0]]
[2019.05.10-22.12.12:588][  0]LogConfig: Setting CVar [[r.Streaming.AmortizeCPUToGPUCopy:0]]
[2019.05.10-22.12.12:588][  0]LogConfig: Setting CVar [[r.Streaming.MaxNumTexturesToStreamPerFrame:0]]
[2019.05.10-22.12.12:588][  0]LogConfig: Setting CVar [[r.Streaming.Boost:1]]
[2019.05.10-22.12.12:588][  0]LogConfig: Setting CVar [[r.MaxAnisotropy:8]]
[2019.05.10-22.12.12:588][  0]LogConfig: Setting CVar [[r.Streaming.LimitPoolSizeToVRAM:0]]
[2019.05.10-22.12.12:588][  0]LogConfig: Setting CVar [[r.Streaming.PoolSize:1000]]
[2019.05.10-22.12.12:588][  0]LogConfig: Setting CVar [[r.Streaming.MaxEffectiveScreenSize:0]]
[2019.05.10-22.12.12:588][  0]LogConfig: Applying CVar settings from Section [EffectsQuality@3] File [C:/Users/localuser/Documents/GitHub/GameJam10_5_19/Saved/Config/Windows/Scalability.ini]
[2019.05.10-22.12.12:588][  0]LogConfig: Setting CVar [[r.TranslucencyLightingVolumeDim:64]]
[2019.05.10-22.12.12:588][  0]LogConfig: Setting CVar [[r.RefractionQuality:2]]
[2019.05.10-22.12.12:588][  0]LogConfig: Setting CVar [[r.SSR.Quality:3]]
[2019.05.10-22.12.12:588][  0]LogConfig: Setting CVar [[r.SceneColorFormat:4]]
[2019.05.10-22.12.12:588][  0]LogConfig: Setting CVar [[r.DetailMode:2]]
[2019.05.10-22.12.12:588][  0]LogConfig: Setting CVar [[r.TranslucencyVolumeBlur:1]]
[2019.05.10-22.12.12:588][  0]LogConfig: Setting CVar [[r.MaterialQualityLevel:1 ; High quality]]
[2019.05.10-22.12.12:588][  0]LogConfig: Setting CVar [[r.SSS.Scale:1]]
[2019.05.10-22.12.12:588][  0]LogConfig: Setting CVar [[r.SSS.SampleSet:2]]
[2019.05.10-22.12.12:588][  0]LogConfig: Setting CVar [[r.SSS.Quality:1]]
[2019.05.10-22.12.12:588][  0]LogConfig: Setting CVar [[r.SSS.HalfRes:1]]
[2019.05.10-22.12.12:589][  0]LogConfig: Setting CVar [[r.EmitterSpawnRateScale:1.0]]
[2019.05.10-22.12.12:589][  0]LogConfig: Setting CVar [[r.ParticleLightQuality:2]]
[2019.05.10-22.12.12:589][  0]LogConfig: Applying CVar settings from Section [FoliageQuality@3] File [C:/Users/localuser/Documents/GitHub/GameJam10_5_19/Saved/Config/Windows/Scalability.ini]
[2019.05.10-22.12.12:589][  0]LogConfig: Setting CVar [[foliage.DensityScale:1.0]]
[2019.05.10-22.12.12:589][  0]LogConfig: Setting CVar [[grass.DensityScale:1.0]]
[2019.05.10-22.12.12:589][  0]LogInit: Selected Device Profile: [Windows]
[2019.05.10-22.12.12:589][  0]LogInit: Applying CVar settings loaded from the selected device profile: [Windows]
[2019.05.10-22.12.12:598][  0]LogHAL: Display: Platform has ~ 16 GB [17125031936 / 17179869184 / 16], which maps to Larger [LargestMinGB=32, LargerMinGB=12, DefaultMinGB=8, SmallerMinGB=6, SmallestMinGB=0)
[2019.05.10-22.12.12:598][  0]LogConfig: Setting CVar [[r.Vulkan.UseRealUBs:0		; Required until we fix HLR fall-out]]
[2019.05.10-22.12.12:598][  0]LogInit: Going up to parent DeviceProfile []
[2019.05.10-22.12.12:599][  0]LogConfig: Applying CVar settings from Section [ViewDistanceQuality@3] File [C:/Users/localuser/Documents/GitHub/GameJam10_5_19/Saved/Config/Windows/Scalability.ini]
[2019.05.10-22.12.12:599][  0]LogConfig: Setting CVar [[r.SkeletalMeshLODBias:0]]
[2019.05.10-22.12.12:599][  0]LogConfig: Setting CVar [[r.ViewDistanceScale:1.0]]
[2019.05.10-22.12.12:599][  0]LogConfig: Applying CVar settings from Section [AntiAliasingQuality@3] File [C:/Users/localuser/Documents/GitHub/GameJam10_5_19/Saved/Config/Windows/Scalability.ini]
[2019.05.10-22.12.12:599][  0]LogConfig: Setting CVar [[r.PostProcessAAQuality:4]]
[2019.05.10-22.12.12:599][  0]LogConfig: Applying CVar settings from Section [ShadowQuality@3] File [C:/Users/localuser/Documents/GitHub/GameJam10_5_19/Saved/Config/Windows/Scalability.ini]
[2019.05.10-22.12.12:599][  0]LogConfig: Setting CVar [[r.LightFunctionQuality:1]]
[2019.05.10-22.12.12:599][  0]LogConfig: Setting CVar [[r.ShadowQuality:5]]
[2019.05.10-22.12.12:599][  0]LogConfig: Setting CVar [[r.Shadow.CSM.MaxCascades:10]]
[2019.05.10-22.12.12:599][  0]LogConfig: Setting CVar [[r.Shadow.MaxResolution:2048]]
[2019.05.10-22.12.12:599][  0]LogConfig: Setting CVar [[r.Shadow.MaxCSMResolution:2048]]
[2019.05.10-22.12.12:599][  0]LogConfig: Setting CVar [[r.Shadow.RadiusThreshold:0.01]]
[2019.05.10-22.12.12:599][  0]LogConfig: Setting CVar [[r.Shadow.DistanceScale:1.0]]
[2019.05.10-22.12.12:599][  0]LogConfig: Setting CVar [[r.Shadow.CSM.TransitionScale:1.0]]
[2019.05.10-22.12.12:599][  0]LogConfig: Setting CVar [[r.Shadow.PreShadowResolutionFactor:1.0]]
[2019.05.10-22.12.12:599][  0]LogConfig: Setting CVar [[r.DistanceFieldShadowing:1]]
[2019.05.10-22.12.12:599][  0]LogConfig: Setting CVar [[r.DistanceFieldAO:1]]
[2019.05.10-22.12.12:599][  0]LogConfig: Setting CVar [[r.AOQuality:2]]
[2019.05.10-22.12.12:599][  0]LogConfig: Setting CVar [[r.VolumetricFog:1]]
[2019.05.10-22.12.12:599][  0]LogConfig: Setting CVar [[r.VolumetricFog.GridPixelSize:8]]
[2019.05.10-22.12.12:599][  0]LogConfig: Setting CVar [[r.VolumetricFog.GridSizeZ:128]]
[2019.05.10-22.12.12:599][  0]LogConfig: Setting CVar [[r.VolumetricFog.HistoryMissSupersampleCount:4]]
[2019.05.10-22.12.12:599][  0]LogConfig: Setting CVar [[r.LightMaxDrawDistanceScale:1]]
[2019.05.10-22.12.12:599][  0]LogConfig: Setting CVar [[r.CapsuleShadows:1]]
[2019.05.10-22.12.12:599][  0]LogConfig: Applying CVar settings from Section [PostProcessQuality@3] File [C:/Users/localuser/Documents/GitHub/GameJam10_5_19/Saved/Config/Windows/Scalability.ini]
[2019.05.10-22.12.12:599][  0]LogConfig: Setting CVar [[r.MotionBlurQuality:4]]
[2019.05.10-22.12.12:599][  0]LogConfig: Setting CVar [[r.AmbientOcclusionMipLevelFactor:0.4]]
[2019.05.10-22.12.12:599][  0]LogConfig: Setting CVar [[r.AmbientOcclusionMaxQuality:100]]
[2019.05.10-22.12.12:599][  0]LogConfig: Setting CVar [[r.AmbientOcclusionLevels:-1]]
[2019.05.10-22.12.12:599][  0]LogConfig: Setting CVar [[r.AmbientOcclusionRadiusScale:1.0]]
[2019.05.10-22.12.12:599][  0]LogConfig: Setting CVar [[r.DepthOfFieldQuality:2]]
[2019.05.10-22.12.12:599][  0]LogConfig: Setting CVar [[r.RenderTargetPoolMin:400]]
[2019.05.10-22.12.12:599][  0]LogConfig: Setting CVar [[r.LensFlareQuality:2]]
[2019.05.10-22.12.12:599][  0]LogConfig: Setting CVar [[r.SceneColorFringeQuality:1]]
[2019.05.10-22.12.12:599][  0]LogConfig: Setting CVar [[r.EyeAdaptationQuality:2]]
[2019.05.10-22.12.12:599][  0]LogConfig: Setting CVar [[r.BloomQuality:5]]
[2019.05.10-22.12.12:599][  0]LogConfig: Setting CVar [[r.FastBlurThreshold:100]]
[2019.05.10-22.12.12:599][  0]LogConfig: Setting CVar [[r.Upscale.Quality:3]]
[2019.05.10-22.12.12:599][  0]LogConfig: Setting CVar [[r.Tonemapper.GrainQuantization:1]]
[2019.05.10-22.12.12:599][  0]LogConfig: Setting CVar [[r.LightShaftQuality:1]]
[2019.05.10-22.12.12:599][  0]LogConfig: Setting CVar [[r.Filter.SizeScale:1]]
[2019.05.10-22.12.12:599][  0]LogConfig: Setting CVar [[r.Tonemapper.Quality:5]]
[2019.05.10-22.12.12:599][  0]LogConfig: Setting CVar [[r.DOF.Gather.AccumulatorQuality:1        ; higher gathering accumulator quality]]
[2019.05.10-22.12.12:599][  0]LogConfig: Setting CVar [[r.DOF.Gather.PostfilterMethod:1          ; Median3x3 postfilering method]]
[2019.05.10-22.12.12:599][  0]LogConfig: Setting CVar [[r.DOF.Gather.EnableBokehSettings:0       ; no bokeh simulation when gathering]]
[2019.05.10-22.12.12:599][  0]LogConfig: Setting CVar [[r.DOF.Gather.RingCount:4                 ; medium number of samples when gathering]]
[2019.05.10-22.12.12:599][  0]LogConfig: Setting CVar [[r.DOF.Scatter.ForegroundCompositing:1    ; additive foreground scattering]]
[2019.05.10-22.12.12:599][  0]LogConfig: Setting CVar [[r.DOF.Scatter.BackgroundCompositing:2    ; additive background scattering]]
[2019.05.10-22.12.12:599][  0]LogConfig: Setting CVar [[r.DOF.Scatter.EnableBokehSettings:1      ; bokeh simulation when scattering]]
[2019.05.10-22.12.12:599][  0]LogConfig: Setting CVar [[r.DOF.Scatter.MaxSpriteRatio:0.1         ; only a maximum of 10% of scattered bokeh]]
[2019.05.10-22.12.12:599][  0]LogConfig: Setting CVar [[r.DOF.Recombine.Quality:1                ; cheap slight out of focus]]
[2019.05.10-22.12.12:599][  0]LogConfig: Setting CVar [[r.DOF.Recombine.EnableBokehSettings:0    ; no bokeh simulation on slight out of focus]]
[2019.05.10-22.12.12:599][  0]LogConfig: Setting CVar [[r.DOF.TemporalAAQuality:1                ; more stable temporal accumulation]]
[2019.05.10-22.12.12:599][  0]LogConfig: Setting CVar [[r.DOF.Kernel.MaxForegroundRadius:0.025]]
[2019.05.10-22.12.12:599][  0]LogConfig: Setting CVar [[r.DOF.Kernel.MaxBackgroundRadius:0.025]]
[2019.05.10-22.12.12:599][  0]LogConfig: Applying CVar settings from Section [TextureQuality@3] File [C:/Users/localuser/Documents/GitHub/GameJam10_5_19/Saved/Config/Windows/Scalability.ini]
[2019.05.10-22.12.12:599][  0]LogConfig: Setting CVar [[r.Streaming.MipBias:0]]
[2019.05.10-22.12.12:599][  0]LogConfig: Setting CVar [[r.Streaming.AmortizeCPUToGPUCopy:0]]
[2019.05.10-22.12.12:599][  0]LogConfig: Setting CVar [[r.Streaming.MaxNumTexturesToStreamPerFrame:0]]
[2019.05.10-22.12.12:599][  0]LogConfig: Setting CVar [[r.Streaming.Boost:1]]
[2019.05.10-22.12.12:599][  0]LogConfig: Setting CVar [[r.MaxAnisotropy:8]]
[2019.05.10-22.12.12:599][  0]LogConfig: Setting CVar [[r.Streaming.LimitPoolSizeToVRAM:0]]
[2019.05.10-22.12.12:599][  0]LogConfig: Setting CVar [[r.Streaming.PoolSize:1000]]
[2019.05.10-22.12.12:599][  0]LogConfig: Setting CVar [[r.Streaming.MaxEffectiveScreenSize:0]]
[2019.05.10-22.12.12:599][  0]LogConfig: Applying CVar settings from Section [EffectsQuality@3] File [C:/Users/localuser/Documents/GitHub/GameJam10_5_19/Saved/Config/Windows/Scalability.ini]
[2019.05.10-22.12.12:599][  0]LogConfig: Setting CVar [[r.TranslucencyLightingVolumeDim:64]]
[2019.05.10-22.12.12:599][  0]LogConfig: Setting CVar [[r.RefractionQuality:2]]
[2019.05.10-22.12.12:599][  0]LogConfig: Setting CVar [[r.SSR.Quality:3]]
[2019.05.10-22.12.12:599][  0]LogConfig: Setting CVar [[r.SceneColorFormat:4]]
[2019.05.10-22.12.12:599][  0]LogConfig: Setting CVar [[r.DetailMode:2]]
[2019.05.10-22.12.12:599][  0]LogConfig: Setting CVar [[r.TranslucencyVolumeBlur:1]]
[2019.05.10-22.12.12:599][  0]LogConfig: Setting CVar [[r.MaterialQualityLevel:1 ; High quality]]
[2019.05.10-22.12.12:599][  0]LogConfig: Setting CVar [[r.SSS.Scale:1]]
[2019.05.10-22.12.12:599][  0]LogConfig: Setting CVar [[r.SSS.SampleSet:2]]
[2019.05.10-22.12.12:599][  0]LogConfig: Setting CVar [[r.SSS.Quality:1]]
[2019.05.10-22.12.12:599][  0]LogConfig: Setting CVar [[r.SSS.HalfRes:1]]
[2019.05.10-22.12.12:599][  0]LogConfig: Setting CVar [[r.EmitterSpawnRateScale:1.0]]
[2019.05.10-22.12.12:599][  0]LogConfig: Setting CVar [[r.ParticleLightQuality:2]]
[2019.05.10-22.12.12:599][  0]LogConfig: Applying CVar settings from Section [FoliageQuality@3] File [C:/Users/localuser/Documents/GitHub/GameJam10_5_19/Saved/Config/Windows/Scalability.ini]
[2019.05.10-22.12.12:599][  0]LogConfig: Setting CVar [[foliage.DensityScale:1.0]]
[2019.05.10-22.12.12:599][  0]LogConfig: Setting CVar [[grass.DensityScale:1.0]]
[2019.05.10-22.12.12:599][  0]LogConfig: Applying CVar settings from Section [Startup] File [../../../Engine/Config/ConsoleVariables.ini]
[2019.05.10-22.12.12:600][  0]LogConfig: Setting CVar [[net.UseAdaptiveNetUpdateFrequency:0]]
[2019.05.10-22.12.12:600][  0]LogConfig: Setting CVar [[p.chaos.AllowCreatePhysxBodies:1]]
[2019.05.10-22.12.12:600][  0]LogConfig: Applying CVar settings from Section [ConsoleVariables] File [C:/Users/localuser/Documents/GitHub/GameJam10_5_19/Saved/Config/Windows/Engine.ini]
[2019.05.10-22.12.12:600][  0]LogInit: Computer: DESKTOP-MLQVHSS
[2019.05.10-22.12.12:600][  0]LogInit: User: localuser
[2019.05.10-22.12.12:600][  0]LogInit: CPU Page size=4096, Cores=4
[2019.05.10-22.12.12:600][  0]LogInit: High frequency timer resolution =10.000000 MHz
[2019.05.10-22.12.12:600][  0]LogMemory: Memory total: Physical=15.9GB (16GB approx)
[2019.05.10-22.12.12:600][  0]LogMemory: Platform Memory Stats for Windows
[2019.05.10-22.12.12:600][  0]LogMemory: Process Physical Memory: 97.94 MB used, 97.95 MB peak
[2019.05.10-22.12.12:600][  0]LogMemory: Process Virtual Memory: 88.71 MB used, 88.71 MB peak
[2019.05.10-22.12.12:600][  0]LogMemory: Physical Memory: 5573.89 MB used,  10757.81 MB free, 16331.70 MB total
[2019.05.10-22.12.12:600][  0]LogMemory: Virtual Memory: 4656.36 MB used,  134213072.00 MB free, 134217728.00 MB total
[2019.05.10-22.12.12:614][  0]LogInit: Using OS detected language (en-GB).
[2019.05.10-22.12.12:614][  0]LogInit: Using OS detected locale (en-GB).
[2019.05.10-22.12.12:614][  0]LogTextLocalizationManager: No specific localization for 'en-GB' exists, so the 'en' localization will be used.
[2019.05.10-22.12.12:749][  0]LogInit: Setting process to per monitor DPI aware
[2019.05.10-22.12.12:777][  0]LogSlate: New Slate User Created.  User Index 0, Is Virtual User: 0
[2019.05.10-22.12.12:777][  0]LogSlate: Slate User Registered.  User Index 0, Is Virtual User: 0
[2019.05.10-22.12.12:920][  0]LogHMD: Failed to initialize OpenVR with code 110
[2019.05.10-22.12.12:920][  0]LogD3D11RHI: D3D11 adapters:
[2019.05.10-22.12.12:971][  0]LogD3D11RHI:    0. 'NVIDIA GeForce GTX 1080' (Feature Level 11_0)
[2019.05.10-22.12.12:971][  0]LogD3D11RHI:       8079/0/8165 MB DedicatedVideo/DedicatedSystem/SharedSystem, Outputs:1, VendorId:0x10de
[2019.05.10-22.12.12:973][  0]LogD3D11RHI:    1. 'Microsoft Basic Render Driver' (Feature Level 11_0)
[2019.05.10-22.12.12:973][  0]LogD3D11RHI:       0/0/8165 MB DedicatedVideo/DedicatedSystem/SharedSystem, Outputs:0, VendorId:0x1414
[2019.05.10-22.12.12:973][  0]LogD3D11RHI: Chosen D3D11 Adapter: 0
[2019.05.10-22.12.12:979][  0]LogD3D11RHI: Creating new Direct3DDevice
[2019.05.10-22.12.12:979][  0]LogD3D11RHI:     GPU DeviceId: 0x1b80 (for the marketing name, search the web for "GPU Device Id")
[2019.05.10-22.12.12:979][  0]LogWindows: EnumDisplayDevices:
[2019.05.10-22.12.12:979][  0]LogWindows:    0. 'NVIDIA GeForce GTX 1080' (P:1 D:1)
[2019.05.10-22.12.12:979][  0]LogWindows:    1. 'NVIDIA GeForce GTX 1080' (P:0 D:0)
[2019.05.10-22.12.12:979][  0]LogWindows:    2. 'NVIDIA GeForce GTX 1080' (P:0 D:0)
[2019.05.10-22.12.12:979][  0]LogWindows:    3. 'NVIDIA GeForce GTX 1080' (P:0 D:0)
[2019.05.10-22.12.12:980][  0]LogWindows: DebugString: FoundDriverCount:4 
[2019.05.10-22.12.12:980][  0]LogD3D11RHI:     Adapter Name: NVIDIA GeForce GTX 1080
[2019.05.10-22.12.12:980][  0]LogD3D11RHI:   Driver Version: 416.34 (internal:25.21.14.1634, unified:416.34)
[2019.05.10-22.12.12:980][  0]LogD3D11RHI:      Driver Date: 10-10-2018
[2019.05.10-22.12.12:980][  0]LogRHI: Texture pool is 5655 MB (70% of 8079 MB)
[2019.05.10-22.12.13:015][  0]LogD3D11RHI: Async texture creation enabled
[2019.05.10-22.12.13:018][  0]LogRendererCore: FGlobalReadBuffer::InitRHI
[2019.05.10-22.12.13:018][  0]LogRendererCore: FGlobalReadBuffer::InitRHI
[2019.05.10-22.12.13:018][  0]LogRendererCore: FGlobalReadBuffer::InitRHI
[2019.05.10-22.12.13:031][  0]LogD3D11RHI: GPU Timing Frequency: 1000.000000 (Debug: 2 2)
[2019.05.10-22.12.13:342][  0]LogTemp: Display: Module 'AllDesktopTargetPlatform' loaded TargetPlatform 'AllDesktop'
[2019.05.10-22.12.13:354][  0]LogTemp: Display: Module 'MacClientTargetPlatform' loaded TargetPlatform 'MacClient'
[2019.05.10-22.12.13:367][  0]LogTemp: Display: Module 'MacNoEditorTargetPlatform' loaded TargetPlatform 'MacNoEditor'
[2019.05.10-22.12.13:379][  0]LogTemp: Display: Module 'MacServerTargetPlatform' loaded TargetPlatform 'MacServer'
[2019.05.10-22.12.13:393][  0]LogTemp: Display: Module 'MacTargetPlatform' loaded TargetPlatform 'Mac'
[2019.05.10-22.12.13:405][  0]LogTemp: Display: Module 'WindowsClientTargetPlatform' loaded TargetPlatform 'WindowsClient'
[2019.05.10-22.12.13:417][  0]LogTemp: Display: Module 'WindowsNoEditorTargetPlatform' loaded TargetPlatform 'WindowsNoEditor'
[2019.05.10-22.12.13:430][  0]LogTemp: Display: Module 'WindowsServerTargetPlatform' loaded TargetPlatform 'WindowsServer'
[2019.05.10-22.12.13:435][  0]LogTemp: Display: Module 'WindowsTargetPlatform' loaded TargetPlatform 'Windows'
[2019.05.10-22.12.13:510][  0]LogTemp: Display: Module 'AndroidTargetPlatform' loaded TargetPlatform 'Android'
[2019.05.10-22.12.13:510][  0]LogTemp: Display: Module 'AndroidTargetPlatform' loaded TargetPlatform 'Android_ASTC'
[2019.05.10-22.12.13:510][  0]LogTemp: Display: Module 'AndroidTargetPlatform' loaded TargetPlatform 'Android_ATC'
[2019.05.10-22.12.13:510][  0]LogTemp: Display: Module 'AndroidTargetPlatform' loaded TargetPlatform 'Android_DXT'
[2019.05.10-22.12.13:510][  0]LogTemp: Display: Module 'AndroidTargetPlatform' loaded TargetPlatform 'Android_ETC1'
[2019.05.10-22.12.13:510][  0]LogTemp: Display: Module 'AndroidTargetPlatform' loaded TargetPlatform 'Android_ETC1a'
[2019.05.10-22.12.13:510][  0]LogTemp: Display: Module 'AndroidTargetPlatform' loaded TargetPlatform 'Android_ETC2'
[2019.05.10-22.12.13:510][  0]LogTemp: Display: Module 'AndroidTargetPlatform' loaded TargetPlatform 'Android_PVRTC'
[2019.05.10-22.12.13:510][  0]LogTemp: Display: Module 'AndroidTargetPlatform' loaded TargetPlatform 'AndroidClient'
[2019.05.10-22.12.13:510][  0]LogTemp: Display: Module 'AndroidTargetPlatform' loaded TargetPlatform 'Android_ASTCClient'
[2019.05.10-22.12.13:510][  0]LogTemp: Display: Module 'AndroidTargetPlatform' loaded TargetPlatform 'Android_ATCClient'
[2019.05.10-22.12.13:510][  0]LogTemp: Display: Module 'AndroidTargetPlatform' loaded TargetPlatform 'Android_DXTClient'
[2019.05.10-22.12.13:510][  0]LogTemp: Display: Module 'AndroidTargetPlatform' loaded TargetPlatform 'Android_ETC1Client'
[2019.05.10-22.12.13:510][  0]LogTemp: Display: Module 'AndroidTargetPlatform' loaded TargetPlatform 'Android_ETC1aClient'
[2019.05.10-22.12.13:510][  0]LogTemp: Display: Module 'AndroidTargetPlatform' loaded TargetPlatform 'Android_ETC2Client'
[2019.05.10-22.12.13:510][  0]LogTemp: Display: Module 'AndroidTargetPlatform' loaded TargetPlatform 'Android_PVRTCClient'
[2019.05.10-22.12.13:510][  0]LogTemp: Display: Module 'AndroidTargetPlatform' loaded TargetPlatform 'Android_Multi'
[2019.05.10-22.12.13:510][  0]LogTemp: Display: Module 'AndroidTargetPlatform' loaded TargetPlatform 'Android_MultiClient'
[2019.05.10-22.12.13:512][  0]LogTemp: Display: Module 'HTML5TargetPlatform' loaded TargetPlatform 'HTML5'
[2019.05.10-22.12.13:558][  0]LogTemp: Display: Module 'IOSTargetPlatform' loaded TargetPlatform 'IOSClient'
[2019.05.10-22.12.13:558][  0]LogTemp: Display: Module 'IOSTargetPlatform' loaded TargetPlatform 'IOS'
[2019.05.10-22.12.13:579][  0]LogTemp: Display: Module 'TVOSTargetPlatform' loaded TargetPlatform 'TVOSClient'
[2019.05.10-22.12.13:579][  0]LogTemp: Display: Module 'TVOSTargetPlatform' loaded TargetPlatform 'TVOS'
[2019.05.10-22.12.13:589][  0]LogTemp: Display: Module 'LinuxClientTargetPlatform' loaded TargetPlatform 'LinuxClient'
[2019.05.10-22.12.13:599][  0]LogTemp: Display: Module 'LinuxNoEditorTargetPlatform' loaded TargetPlatform 'LinuxNoEditor'
[2019.05.10-22.12.13:610][  0]LogTemp: Display: Module 'LinuxServerTargetPlatform' loaded TargetPlatform 'LinuxServer'
[2019.05.10-22.12.13:620][  0]LogTemp: Display: Module 'LinuxTargetPlatform' loaded TargetPlatform 'Linux'
[2019.05.10-22.12.13:656][  0]LogTemp: Display: Module 'LuminTargetPlatform' loaded TargetPlatform 'Lumin'
[2019.05.10-22.12.13:656][  0]LogTemp: Display: Module 'LuminTargetPlatform' loaded TargetPlatform 'LuminClient'
[2019.05.10-22.12.13:656][  0]LogTargetPlatformManager: Display: Building Assets For Windows
[2019.05.10-22.12.13:663][  0]LogAudioDebug: Display: Lib vorbis DLL was dynamically loaded.
[2019.05.10-22.12.13:703][  0]LogShaderCompilers: Guid format shader working directory is -16 characters bigger than the processId version (../../../../../../Users/localuser/Documents/GitHub/GameJam10_5_19/Intermediate/Shaders/WorkingDirectory/10964/).
[2019.05.10-22.12.13:703][  0]LogShaderCompilers: Cleaned the shader compiler working directory 'C:/Users/localuser/AppData/Local/Temp/UnrealShaderWorkingDir/79DD540D4FD4511262CD1895423A6C0C/'.
[2019.05.10-22.12.13:705][  0]LogXGEController: Cleaning working directory: C:/Users/localuser/AppData/Local/Temp/UnrealXGEWorkingDir/
[2019.05.10-22.12.13:705][  0]LogXGEController: Cannot use XGE Controller as Incredibuild is not installed on this machine.
[2019.05.10-22.12.13:705][  0]LogShaderCompilers: Cannot use XGE Shader Compiler as Incredibuild is not installed on this machine.
[2019.05.10-22.12.13:705][  0]LogShaderCompilers: Display: Using Local Shader Compiler.
[2019.05.10-22.12.14:166][  0]LogDerivedDataCache: Display: Max Cache Size: 512 MB
[2019.05.10-22.12.14:207][  0]LogDerivedDataCache: Loaded boot cache 0.04s 72MB C:/Users/localuser/AppData/Local/UnrealEngine/4.22/DerivedDataCache/Boot.ddc.
[2019.05.10-22.12.14:207][  0]LogDerivedDataCache: Display: Loaded Boot cache: C:/Users/localuser/AppData/Local/UnrealEngine/4.22/DerivedDataCache/Boot.ddc
[2019.05.10-22.12.14:207][  0]LogDerivedDataCache: FDerivedDataBackendGraph:  Pak pak cache file ../../../../../../Users/localuser/Documents/GitHub/GameJam10_5_19/DerivedDataCache/DDC.ddp not found, will not use a pak cache.
[2019.05.10-22.12.14:207][  0]LogDerivedDataCache: Unable to find inner node Pak for hierarchical cache Hierarchy.
[2019.05.10-22.12.14:207][  0]LogDerivedDataCache: FDerivedDataBackendGraph:  CompressedPak pak cache file ../../../../../../Users/localuser/Documents/GitHub/GameJam10_5_19/DerivedDataCache/Compressed.ddp not found, will not use a pak cache.
[2019.05.10-22.12.14:207][  0]LogDerivedDataCache: Unable to find inner node CompressedPak for hierarchical cache Hierarchy.
[2019.05.10-22.12.14:218][  0]LogDerivedDataCache: Display: Pak cache opened for reading ../../../Engine/DerivedDataCache/Compressed.ddp.
[2019.05.10-22.12.14:221][  0]LogDerivedDataCache: Display: Pak cache opened for reading ../../../Enterprise/DerivedDataCache/Compressed.ddp.
[2019.05.10-22.12.14:233][  0]LogDerivedDataCache: Using Local data cache path C:/Users/localuser/AppData/Local/UnrealEngine/Common/DerivedDataCache: Writable
[2019.05.10-22.12.14:233][  0]LogDerivedDataCache: Shared data cache path not found in *engine.ini, will not use an Shared cache.
[2019.05.10-22.12.14:233][  0]LogDerivedDataCache: Unable to find inner node Shared for hierarchical cache Hierarchy.
[2019.05.10-22.12.14:254][  0]LogMaterial: Verifying Global Shaders for PCD3D_SM5
[2019.05.10-22.12.14:255][  0]LogSlate: Using FreeType 2.6.0
[2019.05.10-22.12.14:255][  0]LogSlate: SlateFontServices - WITH_FREETYPE: 1, WITH_HARFBUZZ: 1
[2019.05.10-22.12.14:331][  0]LogAssetRegistry: FAssetRegistry took 0.0315 seconds to start up
[2019.05.10-22.12.14:585][  0]LogInit: Selected Device Profile: [Windows]
[2019.05.10-22.12.14:689][  0]LogMeshReduction: Using QuadricMeshReduction for automatic static mesh reduction
[2019.05.10-22.12.14:689][  0]LogMeshReduction: Using SimplygonMeshReduction for automatic skeletal mesh reduction
[2019.05.10-22.12.14:689][  0]LogMeshReduction: Using ProxyLODMeshReduction for automatic mesh merging
[2019.05.10-22.12.14:689][  0]LogMeshReduction: No distributed automatic mesh merging module available
[2019.05.10-22.12.14:689][  0]LogMeshMerging: No distributed automatic mesh merging module available
[2019.05.10-22.12.14:702][  0]LogNetVersion: GameJam2_2 1.0.0, NetCL: 5660361, EngineNetVer: 10, GameNetVer: 0 (Checksum: 3900611970)
[2019.05.10-22.12.15:034][  0]LogPackageLocalizationCache: Processed 16 localized package path(s) for 1 prioritized culture(s) in 0.050656 seconds
[2019.05.10-22.12.15:039][  0]LogUObjectArray: 42205 objects as part of root set at end of initial load.
[2019.05.10-22.12.15:039][  0]LogUObjectAllocator: 7325032 out of 0 bytes used by permanent object pool.
[2019.05.10-22.12.15:039][  0]LogUObjectArray: CloseDisregardForGC: 0/0 objects in disregard for GC pool
[2019.05.10-22.12.15:674][  0]LogTcpMessaging: Initializing TcpMessaging bridge
[2019.05.10-22.12.15:687][  0]LogUdpMessaging: Initializing bridge on interface 0.0.0.0:0 to multicast group 230.0.0.1:6666.
[2019.05.10-22.12.15:779][  0]SourceControl: Source control is disabled
[2019.05.10-22.12.15:779][  0]SourceControl: Source control is disabled
[2019.05.10-22.12.15:780][  0]SourceControl: Source control is disabled
[2019.05.10-22.12.15:781][  0]SourceControl: Source control is disabled
[2019.05.10-22.12.15:867][  0]LogAndroidPermission: UAndroidPermissionCallbackProxy::GetInstance
[2019.05.10-22.12.15:926][  0]LogOcInput: OculusInput pre-init called
[2019.05.10-22.12.17:730][  0]LogEngine: Initializing Engine...
[2019.05.10-22.12.17:730][  0]LogHMD: Failed to initialize OpenVR with code 110
[2019.05.10-22.12.17:731][  0]LogStats: UGameplayTagsManager::InitializeManager -  0.000 s
[2019.05.10-22.12.17:895][  0]LogInit: Initializing FReadOnlyCVARCache
[2019.05.10-22.12.17:906][  0]LogAIModule: Creating AISystem for world Untitled
[2019.05.10-22.12.17:918][  0]LogInit: XAudio2 using 'Speakers (Realtek High Definition Audio)' : 2 channels at 48 kHz using 32 bits per sample (channel mask 0x3)
[2019.05.10-22.12.17:949][  0]LogInit: FAudioDevice initialized.
[2019.05.10-22.12.17:949][  0]LogNetVersion: Set ProjectVersion to 1.0.0.0. Version Checksum will be recalculated on next use.
[2019.05.10-22.12.18:021][  0]LogDerivedDataCache: Saved boot cache 0.07s 72MB C:/Users/localuser/AppData/Local/UnrealEngine/4.22/DerivedDataCache/Boot.ddc.
[2019.05.10-22.12.18:030][  0]LogInit: Texture streaming: Enabled
[2019.05.10-22.12.18:044][  0]LogEngineSessionManager: EngineSessionManager initialized
[2019.05.10-22.12.18:044][  0]LogEngineSessionManager: EngineSessionManager sent abnormal shutdown report. Type=Crashed, SessionId={9D974DB1-446F-8E12-8AF4-BDB3A0390E02}
[2019.05.10-22.12.18:059][  0]LogInit: Transaction tracking system initialized
[2019.05.10-22.12.18:078][  0]BlueprintLog: New page: Editor Load
[2019.05.10-22.12.18:140][  0]LocalizationService: Localization service is disabled
[2019.05.10-22.12.18:387][  0]LogFileCache: Scanning file cache for directory 'C:/Users/localuser/Documents/GitHub/GameJam10_5_19/Content/' took 0.01s
[2019.05.10-22.12.18:387][  0]LogCook: Display: Max memory allowance for cook 16384mb min free memory 0mb
[2019.05.10-22.12.18:387][  0]LogCook: Display: Mobile HDR setting 1
[2019.05.10-22.12.19:422][  0]SourceControl: Source control is disabled
[2019.05.10-22.12.19:422][  0]Cmd: MAP LOAD FILE="../../../../../../Users/localuser/Documents/GitHub/GameJam10_5_19/Content/ThirdPersonBP/Maps/ProceduralLevels.umap" TEMPLATE=0 SHOWPROGRESS=1 FEATURELEVEL=3
[2019.05.10-22.12.19:422][  0]LightingResults: New page: Lighting Build
[2019.05.10-22.12.19:424][  0]MapCheck: New page: Map Check
[2019.05.10-22.12.19:424][  0]LightingResults: New page: Lighting Build
[2019.05.10-22.12.19:445][  0]LogUObjectHash: Compacting FUObjectHashTables data took   1.33ms
[2019.05.10-22.12.19:638][  0]LogAIModule: Creating AISystem for world ProceduralLevels
[2019.05.10-22.12.19:640][  0]LogStreaming: Display: ULevelStreaming::RequestLevel(/Game/ThirdPersonBP/Maps/ProceduralLevels/Procedural01) is flushing async loading
[2019.05.10-22.12.19:640][  0]LogStreaming: Display: Flushing async loaders.
[2019.05.10-22.12.19:665][  0]LogStreaming: Display: ULevelStreaming::RequestLevel(/Game/ThirdPersonBP/Maps/ProceduralLevels/Procedural02) is flushing async loading
[2019.05.10-22.12.19:683][  0]LogStreaming: Display: ULevelStreaming::RequestLevel(/Game/ThirdPersonBP/Maps/ProceduralLevels/Procedural03) is flushing async loading
[2019.05.10-22.12.19:713][  0]LogEditorServer: Finished looking for orphan Actors (0.000 secs)
[2019.05.10-22.12.19:736][  0]LogUObjectHash: Compacting FUObjectHashTables data took   1.79ms
[2019.05.10-22.12.19:736][  0]Cmd: MAP CHECKDEP NOCLEARLOG
[2019.05.10-22.12.19:736][  0]MapCheck: Map check complete: 0 Error(s), 0 Warning(s), took 0.264ms to complete.
[2019.05.10-22.12.19:736][  0]LogFileHelpers: Loading map 'ProceduralLevels' took 0.315
[2019.05.10-22.12.19:834][  0]LogSlate: Updating window title bar state: overlay mode, drag disabled, window buttons hidden, title bar hidden
[2019.05.10-22.12.19:840][  0]LogSlate: Updating window title bar state: overlay mode, drag disabled, window buttons hidden, title bar hidden
[2019.05.10-22.12.19:846][  0]LogSlate: Updating window title bar state: overlay mode, drag disabled, window buttons hidden, title bar hidden
[2019.05.10-22.12.19:852][  0]LogSlate: Updating window title bar state: overlay mode, drag disabled, window buttons hidden, title bar hidden
[2019.05.10-22.12.19:857][  0]LogCollectionManager: Loaded 0 collections in 0.001453 seconds
[2019.05.10-22.12.19:876][  0]LogFileCache: Scanning file cache for directory 'C:/Users/localuser/Documents/GitHub/GameJam10_5_19/Saved/Collections/' took 0.01s
[2019.05.10-22.12.19:876][  0]LogFileCache: Scanning file cache for directory 'C:/Users/localuser/Documents/GitHub/GameJam10_5_19/Content/Developers/localuser/Collections/' took 0.00s
[2019.05.10-22.12.19:876][  0]LogFileCache: Scanning file cache for directory 'C:/Users/localuser/Documents/GitHub/GameJam10_5_19/Content/Collections/' took 0.00s
[2019.05.10-22.12.19:876][  0]LogCollectionManager: Rebuilt the GUID cache for 0 collections in 0.000000 seconds
[2019.05.10-22.12.19:887][  0]LogContentBrowser: Native class hierarchy populated in 0.0108 seconds. Added 2864 classes and 726 folders.
[2019.05.10-22.12.19:893][  0]LogContentBrowser: Native class hierarchy updated for 'WidgetCarousel' in 0.0002 seconds. Added 0 classes and 0 folders.
[2019.05.10-22.12.19:894][  0]LogPakFile: Registered encryption key '00000000000000000000000000000000': 0 pak files mounted, 0 remain pending
[2019.05.10-22.12.19:895][  0]LogPakFile: Registered encryption key '00000000000000000000000000000000': 0 pak files mounted, 0 remain pending
[2019.05.10-22.12.19:895][  0]LogPakFile: Registered encryption key '00000000000000000000000000000000': 0 pak files mounted, 0 remain pending
[2019.05.10-22.12.19:895][  0]LogPakFile: Registered encryption key '00000000000000000000000000000000': 0 pak files mounted, 0 remain pending
[2019.05.10-22.12.19:895][  0]LogPakFile: Registered encryption key '00000000000000000000000000000000': 0 pak files mounted, 0 remain pending
[2019.05.10-22.12.19:896][  0]LogPakFile: Registered encryption key '00000000000000000000000000000000': 0 pak files mounted, 0 remain pending
[2019.05.10-22.12.19:896][  0]LogPakFile: Registered encryption key '00000000000000000000000000000000': 0 pak files mounted, 0 remain pending
[2019.05.10-22.12.19:896][  0]LogPakFile: Registered encryption key '00000000000000000000000000000000': 0 pak files mounted, 0 remain pending
[2019.05.10-22.12.19:897][  0]LogPakFile: Registered encryption key '00000000000000000000000000000000': 0 pak files mounted, 0 remain pending
[2019.05.10-22.12.19:897][  0]LogPakFile: Registered encryption key '00000000000000000000000000000000': 0 pak files mounted, 0 remain pending
[2019.05.10-22.12.19:897][  0]LogPakFile: Registered encryption key '00000000000000000000000000000000': 0 pak files mounted, 0 remain pending
[2019.05.10-22.12.19:898][  0]LogPakFile: Registered encryption key '00000000000000000000000000000000': 0 pak files mounted, 0 remain pending
[2019.05.10-22.12.19:898][  0]LogPakFile: Registered encryption key '00000000000000000000000000000000': 0 pak files mounted, 0 remain pending
[2019.05.10-22.12.19:898][  0]LogPakFile: Registered encryption key '00000000000000000000000000000000': 0 pak files mounted, 0 remain pending
[2019.05.10-22.12.19:899][  0]LogPakFile: Registered encryption key '00000000000000000000000000000000': 0 pak files mounted, 0 remain pending
[2019.05.10-22.12.19:899][  0]LogPakFile: Registered encryption key '00000000000000000000000000000000': 0 pak files mounted, 0 remain pending
[2019.05.10-22.12.19:900][  0]LogPakFile: Registered encryption key '00000000000000000000000000000000': 0 pak files mounted, 0 remain pending
[2019.05.10-22.12.19:900][  0]LogPakFile: Registered encryption key '00000000000000000000000000000000': 0 pak files mounted, 0 remain pending
[2019.05.10-22.12.19:900][  0]LogPakFile: Registered encryption key '00000000000000000000000000000000': 0 pak files mounted, 0 remain pending
[2019.05.10-22.12.19:901][  0]LogPakFile: Registered encryption key '00000000000000000000000000000000': 0 pak files mounted, 0 remain pending
[2019.05.10-22.12.19:901][  0]LogPakFile: Registered encryption key '00000000000000000000000000000000': 0 pak files mounted, 0 remain pending
[2019.05.10-22.12.19:901][  0]LogPakFile: Registered encryption key '00000000000000000000000000000000': 0 pak files mounted, 0 remain pending
[2019.05.10-22.12.19:902][  0]LogPakFile: Registered encryption key '00000000000000000000000000000000': 0 pak files mounted, 0 remain pending
[2019.05.10-22.12.19:902][  0]LogPakFile: Registered encryption key '00000000000000000000000000000000': 0 pak files mounted, 0 remain pending
[2019.05.10-22.12.19:902][  0]LogPakFile: Registered encryption key '00000000000000000000000000000000': 0 pak files mounted, 0 remain pending
[2019.05.10-22.12.19:903][  0]LogPakFile: Registered encryption key '00000000000000000000000000000000': 0 pak files mounted, 0 remain pending
[2019.05.10-22.12.19:903][  0]LogPakFile: Registered encryption key '00000000000000000000000000000000': 0 pak files mounted, 0 remain pending
[2019.05.10-22.12.19:903][  0]LogPakFile: Registered encryption key '00000000000000000000000000000000': 0 pak files mounted, 0 remain pending
[2019.05.10-22.12.19:926][  0]LogContentBrowser: Native class hierarchy updated for 'AddContentDialog' in 0.0002 seconds. Added 0 classes and 0 folders.
[2019.05.10-22.12.19:928][  0]LogContentBrowser: Native class hierarchy updated for 'SceneOutliner' in 0.0002 seconds. Added 1 classes and 0 folders.
[2019.05.10-22.12.19:935][  0]LogContentBrowser: Native class hierarchy updated for 'WorldBrowser' in 0.0002 seconds. Added 2 classes and 3 folders.
[2019.05.10-22.12.19:981][  0]LogContentBrowser: Native class hierarchy updated for 'HierarchicalLODOutliner' in 0.0005 seconds. Added 0 classes and 0 folders.
[2019.05.10-22.12.19:982][  0]LogLoad: (Engine Initialization) Total time: 8.84 seconds
[2019.05.10-22.12.19:982][  0]LogLoad: (Engine Initialization) Total Blueprint compile time: 0.00 seconds
[2019.05.10-22.12.20:019][  0]LogAssetRegistry: Asset discovery search completed in 5.7105 seconds
[2019.05.10-22.12.20:020][  0]LogCollectionManager: Rebuilt the object cache for 0 collections in 0.000000 seconds (found 0 objects)
[2019.05.10-22.12.20:021][  0]LogCollectionManager: Fixed up redirectors for 0 collections in 0.000047 seconds (updated 0 objects)
[2019.05.10-22.12.20:021][  0]LogContentStreaming: Texture pool size now 1000 MB
[2019.05.10-22.12.20:029][  0]LogSlate: Took 0.000103 seconds to synchronously load lazily loaded font '../../../Engine/Content/Slate/Fonts/Roboto-Regular.ttf' (155K)
[2019.05.10-22.12.20:030][  0]LogSlate: Took 0.000087 seconds to synchronously load lazily loaded font '../../../Engine/Content/Slate/Fonts/Roboto-Bold.ttf' (160K)
[2019.05.10-22.12.20:033][  0]LogSlate: Took 0.000103 seconds to synchronously load lazily loaded font '../../../Engine/Content/Editor/Slate/Fonts/FontAwesome.ttf' (139K)
[2019.05.10-22.12.20:098][  0]LogSlate: Took 0.000132 seconds to synchronously load lazily loaded font '../../../Engine/Content/Slate/Fonts/Roboto-Light.ttf' (167K)
[2019.05.10-22.12.20:113][  1]LogRenderer: Reallocating scene render targets to support 804x360 Format 10 NumSamples 1 (Frame:1).
[2019.05.10-22.12.21:006][ 86]LogSlate: Took 0.000157 seconds to synchronously load lazily loaded font '../../../Engine/Content/Slate/Fonts/Roboto-Light.ttf' (167K)
[2019.05.10-22.12.26:820][783]LogSlate: FSceneViewport::OnFocusLost() reason 0
[2019.05.10-22.12.29:300][ 76]LogRenderer: Reallocating scene render targets to support 1208x572 Format 10 NumSamples 1 (Frame:1056).
[2019.05.10-22.12.30:952][269]LogUObjectHash: Compacting FUObjectHashTables data took   0.55ms
[2019.05.10-22.12.35:451][808]LogAssetEditorManager: Opening Asset editor for Blueprint /Game/ThirdPersonBP/Blueprints/MyPlayerController.MyPlayerController
[2019.05.10-22.12.35:641][808]LogContentBrowser: Native class hierarchy updated for 'BlueprintGraph' in 0.0005 seconds. Added 121 classes and 0 folders.
[2019.05.10-22.12.36:282][808]LogSlate: Took 0.000139 seconds to synchronously load lazily loaded font '../../../Engine/Content/Slate/Fonts/Roboto-BoldCondensed.ttf' (158K)
[2019.05.10-22.12.36:320][809]LogSlate: Took 0.000140 seconds to synchronously load lazily loaded font '../../../Engine/Content/Slate/Fonts/Roboto-Italic.ttf' (157K)
[2019.05.10-22.12.43:761][696]LogAssetEditorManager: Opening Asset editor for WidgetBlueprint /Game/ThirdPersonBP/Blueprints/Inventory_Window.Inventory_Window
[2019.05.10-22.12.43:981][696]LogBlueprintActionDatabase: Requesting refresh due to module change: SequencerWidgets (loaded)
[2019.05.10-22.13.33:373][673]LogTemp: Repeating last play command: New Editor Window (PIE)
[2019.05.10-22.13.33:391][673]LogBlueprintUserMessages: Early PlayInEditor Detection: Level '/Game/ThirdPersonBP/Maps/ProceduralLevels.ProceduralLevels:PersistentLevel' has LevelScriptBlueprint '/Game/ThirdPersonBP/Maps/ProceduralLevels.ProceduralLevels:PersistentLevel.ProceduralLevels' with GeneratedClass '/Game/ThirdPersonBP/Maps/ProceduralLevels.ProceduralLevels_C' with ClassGeneratedBy '/Game/ThirdPersonBP/Maps/ProceduralLevels.ProceduralLevels:PersistentLevel.ProceduralLevels'
[2019.05.10-22.13.33:391][673]LogBlueprintUserMessages: Early PlayInEditor Detection: Level '/Game/ThirdPersonBP/Maps/ProceduralLevels/Procedural01.Procedural01:PersistentLevel' has LevelScriptBlueprint '/Game/ThirdPersonBP/Maps/ProceduralLevels/Procedural01.Procedural01:PersistentLevel.Procedural01' with GeneratedClass '/Game/ThirdPersonBP/Maps/ProceduralLevels/Procedural01.Procedural01_C' with ClassGeneratedBy '/Game/ThirdPersonBP/Maps/ProceduralLevels/Procedural01.Procedural01:PersistentLevel.Procedural01'
[2019.05.10-22.13.33:391][673]LogBlueprintUserMessages: Early PlayInEditor Detection: Level '/Game/ThirdPersonBP/Maps/ProceduralLevels/Procedural02.Procedural02:PersistentLevel' has LevelScriptBlueprint '/Game/ThirdPersonBP/Maps/ProceduralLevels/Procedural02.Procedural02:PersistentLevel.Procedural02' with GeneratedClass '/Game/ThirdPersonBP/Maps/ProceduralLevels/Procedural02.Procedural02_C' with ClassGeneratedBy '/Game/ThirdPersonBP/Maps/ProceduralLevels/Procedural02.Procedural02:PersistentLevel.Procedural02'
[2019.05.10-22.13.33:391][673]LogBlueprintUserMessages: Early PlayInEditor Detection: Level '/Game/ThirdPersonBP/Maps/ProceduralLevels/Procedural03.Procedural03:PersistentLevel' has LevelScriptBlueprint '/Game/ThirdPersonBP/Maps/ProceduralLevels/Procedural03.Procedural03:PersistentLevel.Procedural03' with GeneratedClass '/Game/ThirdPersonBP/Maps/ProceduralLevels/Procedural03.Procedural03_C' with ClassGeneratedBy '/Game/ThirdPersonBP/Maps/ProceduralLevels/Procedural03.Procedural03:PersistentLevel.Procedural03'
[2019.05.10-22.13.33:391][673]LogPlayLevel: PlayLevel: No blueprints needed recompiling
[2019.05.10-22.13.33:392][673]PIE: New page: PIE session: ProceduralLevels (11 May 2019 00:13:33)
[2019.05.10-22.13.33:404][673]LogPlayLevel: Creating play world package: /Game/ThirdPersonBP/Maps/UEDPIE_0_ProceduralLevels
[2019.05.10-22.13.33:406][673]LogPlayLevel: PIE: StaticDuplicateObject took: (0.002302s)
[2019.05.10-22.13.33:413][673]LogAIModule: Creating AISystem for world ProceduralLevels
[2019.05.10-22.13.33:413][673]LogPlayLevel: PIE: World Init took: (0.006471s)
[2019.05.10-22.13.33:413][673]LogPlayLevel: PIE: Created PIE world by copying editor world from /Game/ThirdPersonBP/Maps/ProceduralLevels.ProceduralLevels to /Game/ThirdPersonBP/Maps/UEDPIE_0_ProceduralLevels.ProceduralLevels (0.008994s)
[2019.05.10-22.13.33:466][673]LogUObjectHash: Compacting FUObjectHashTables data took   4.83ms
[2019.05.10-22.13.33:475][673]LogInit: XAudio2 using 'Speakers (Realtek High Definition Audio)' : 2 channels at 48 kHz using 32 bits per sample (channel mask 0x3)
[2019.05.10-22.13.33:487][673]LogInit: FAudioDevice initialized.
[2019.05.10-22.13.33:492][673]LogSlate: Updating window title bar state: overlay mode, drag disabled, window buttons hidden, title bar hidden
[2019.05.10-22.13.33:546][673]LogLoad: Game class is 'ThirdPersonGameMode_C'
[2019.05.10-22.13.33:548][673]LogWorld: Bringing World /Game/ThirdPersonBP/Maps/UEDPIE_0_ProceduralLevels.ProceduralLevels up for play (max tick rate 0) at 2019.05.10-23.13.33
[2019.05.10-22.13.33:548][673]LogWorld: Bringing up level for play took: 0.000677
[2019.05.10-22.13.33:565][673]LogBlueprintActionDatabase: Requesting refresh due to module change: Voice (loaded)
[2019.05.10-22.13.33:568][673]LogBlueprintActionDatabase: Requesting refresh due to module change: MovieSceneCapture (loaded)
[2019.05.10-22.13.33:568][673]LogContentBrowser: Native class hierarchy updated for 'MovieSceneCapture' in 0.0004 seconds. Added 20 classes and 0 folders.
[2019.05.10-22.13.33:576][673]PIE: Play in editor start time for /Game/ThirdPersonBP/Maps/UEDPIE_0_ProceduralLevels 0.299
[2019.05.10-22.13.33:576][673]LogBlueprintUserMessages: Late PlayInEditor Detection: Level '/Game/ThirdPersonBP/Maps/ProceduralLevels.ProceduralLevels:PersistentLevel' has LevelScriptBlueprint '/Game/ThirdPersonBP/Maps/ProceduralLevels.ProceduralLevels:PersistentLevel.ProceduralLevels' with GeneratedClass '/Game/ThirdPersonBP/Maps/ProceduralLevels.ProceduralLevels_C' with ClassGeneratedBy '/Game/ThirdPersonBP/Maps/ProceduralLevels.ProceduralLevels:PersistentLevel.ProceduralLevels'
[2019.05.10-22.13.33:576][673]LogBlueprintUserMessages: Late PlayInEditor Detection: Level '/Game/ThirdPersonBP/Maps/ProceduralLevels/Procedural01.Procedural01:PersistentLevel' has LevelScriptBlueprint '/Game/ThirdPersonBP/Maps/ProceduralLevels/Procedural01.Procedural01:PersistentLevel.Procedural01' with GeneratedClass '/Game/ThirdPersonBP/Maps/ProceduralLevels/Procedural01.Procedural01_C' with ClassGeneratedBy '/Game/ThirdPersonBP/Maps/ProceduralLevels/Procedural01.Procedural01:PersistentLevel.Procedural01'
[2019.05.10-22.13.33:576][673]LogBlueprintUserMessages: Late PlayInEditor Detection: Level '/Game/ThirdPersonBP/Maps/ProceduralLevels/Procedural02.Procedural02:PersistentLevel' has LevelScriptBlueprint '/Game/ThirdPersonBP/Maps/ProceduralLevels/Procedural02.Procedural02:PersistentLevel.Procedural02' with GeneratedClass '/Game/ThirdPersonBP/Maps/ProceduralLevels/Procedural02.Procedural02_C' with ClassGeneratedBy '/Game/ThirdPersonBP/Maps/ProceduralLevels/Procedural02.Procedural02:PersistentLevel.Procedural02'
[2019.05.10-22.13.33:576][673]LogBlueprintUserMessages: Late PlayInEditor Detection: Level '/Game/ThirdPersonBP/Maps/ProceduralLevels/Procedural03.Procedural03:PersistentLevel' has LevelScriptBlueprint '/Game/ThirdPersonBP/Maps/ProceduralLevels/Procedural03.Procedural03:PersistentLevel.Procedural03' with GeneratedClass '/Game/ThirdPersonBP/Maps/ProceduralLevels/Procedural03.Procedural03_C' with ClassGeneratedBy '/Game/ThirdPersonBP/Maps/ProceduralLevels/Procedural03.Procedural03:PersistentLevel.Procedural03'
[2019.05.10-22.13.33:616][674]LogRenderer: Reallocating scene render targets to support 1272x688 Format 10 NumSamples 1 (Frame:1).
[2019.05.10-22.13.42:422][501]LogBlueprintUserMessages: Early EndPlayMap Detection: Level '/Game/ThirdPersonBP/Maps/ProceduralLevels.ProceduralLevels:PersistentLevel' has LevelScriptBlueprint '/Game/ThirdPersonBP/Maps/ProceduralLevels.ProceduralLevels:PersistentLevel.ProceduralLevels' with GeneratedClass '/Game/ThirdPersonBP/Maps/ProceduralLevels.ProceduralLevels_C' with ClassGeneratedBy '/Game/ThirdPersonBP/Maps/ProceduralLevels.ProceduralLevels:PersistentLevel.ProceduralLevels'
[2019.05.10-22.13.42:422][501]LogBlueprintUserMessages: Early EndPlayMap Detection: Level '/Game/ThirdPersonBP/Maps/ProceduralLevels/Procedural01.Procedural01:PersistentLevel' has LevelScriptBlueprint '/Game/ThirdPersonBP/Maps/ProceduralLevels/Procedural01.Procedural01:PersistentLevel.Procedural01' with GeneratedClass '/Game/ThirdPersonBP/Maps/ProceduralLevels/Procedural01.Procedural01_C' with ClassGeneratedBy '/Game/ThirdPersonBP/Maps/ProceduralLevels/Procedural01.Procedural01:PersistentLevel.Procedural01'
[2019.05.10-22.13.42:422][501]LogBlueprintUserMessages: Early EndPlayMap Detection: Level '/Game/ThirdPersonBP/Maps/ProceduralLevels/Procedural02.Procedural02:PersistentLevel' has LevelScriptBlueprint '/Game/ThirdPersonBP/Maps/ProceduralLevels/Procedural02.Procedural02:PersistentLevel.Procedural02' with GeneratedClass '/Game/ThirdPersonBP/Maps/ProceduralLevels/Procedural02.Procedural02_C' with ClassGeneratedBy '/Game/ThirdPersonBP/Maps/ProceduralLevels/Procedural02.Procedural02:PersistentLevel.Procedural02'
[2019.05.10-22.13.42:422][501]LogBlueprintUserMessages: Early EndPlayMap Detection: Level '/Game/ThirdPersonBP/Maps/ProceduralLevels/Procedural03.Procedural03:PersistentLevel' has LevelScriptBlueprint '/Game/ThirdPersonBP/Maps/ProceduralLevels/Procedural03.Procedural03:PersistentLevel.Procedural03' with GeneratedClass '/Game/ThirdPersonBP/Maps/ProceduralLevels/Procedural03.Procedural03_C' with ClassGeneratedBy '/Game/ThirdPersonBP/Maps/ProceduralLevels/Procedural03.Procedural03:PersistentLevel.Procedural03'
[2019.05.10-22.13.42:422][501]LogSlate: Updating window title bar state: overlay mode, drag disabled, window buttons hidden, title bar hidden
[2019.05.10-22.13.42:435][501]LogSlate: Window 'GameJam2_2 Game Preview Standalone (64-bit/PCD3D_SM5)' being destroyed
[2019.05.10-22.13.42:474][501]LogPlayLevel: Display: Shutting down PIE online subsystems
[2019.05.10-22.13.42:474][501]LogBlueprintUserMessages: Late EndPlayMap Detection: Level '/Game/ThirdPersonBP/Maps/ProceduralLevels.ProceduralLevels:PersistentLevel' has LevelScriptBlueprint '/Game/ThirdPersonBP/Maps/ProceduralLevels.ProceduralLevels:PersistentLevel.ProceduralLevels' with GeneratedClass '/Game/ThirdPersonBP/Maps/ProceduralLevels.ProceduralLevels_C' with ClassGeneratedBy '/Game/ThirdPersonBP/Maps/ProceduralLevels.ProceduralLevels:PersistentLevel.ProceduralLevels'
[2019.05.10-22.13.42:474][501]LogBlueprintUserMessages: Late EndPlayMap Detection: Level '/Game/ThirdPersonBP/Maps/ProceduralLevels/Procedural01.Procedural01:PersistentLevel' has LevelScriptBlueprint '/Game/ThirdPersonBP/Maps/ProceduralLevels/Procedural01.Procedural01:PersistentLevel.Procedural01' with GeneratedClass '/Game/ThirdPersonBP/Maps/ProceduralLevels/Procedural01.Procedural01_C' with ClassGeneratedBy '/Game/ThirdPersonBP/Maps/ProceduralLevels/Procedural01.Procedural01:PersistentLevel.Procedural01'
[2019.05.10-22.13.42:474][501]LogBlueprintUserMessages: Late EndPlayMap Detection: Level '/Game/ThirdPersonBP/Maps/ProceduralLevels/Procedural02.Procedural02:PersistentLevel' has LevelScriptBlueprint '/Game/ThirdPersonBP/Maps/ProceduralLevels/Procedural02.Procedural02:PersistentLevel.Procedural02' with GeneratedClass '/Game/ThirdPersonBP/Maps/ProceduralLevels/Procedural02.Procedural02_C' with ClassGeneratedBy '/Game/ThirdPersonBP/Maps/ProceduralLevels/Procedural02.Procedural02:PersistentLevel.Procedural02'
[2019.05.10-22.13.42:474][501]LogBlueprintUserMessages: Late EndPlayMap Detection: Level '/Game/ThirdPersonBP/Maps/ProceduralLevels/Procedural03.Procedural03:PersistentLevel' has LevelScriptBlueprint '/Game/ThirdPersonBP/Maps/ProceduralLevels/Procedural03.Procedural03:PersistentLevel.Procedural03' with GeneratedClass '/Game/ThirdPersonBP/Maps/ProceduralLevels/Procedural03.Procedural03_C' with ClassGeneratedBy '/Game/ThirdPersonBP/Maps/ProceduralLevels/Procedural03.Procedural03:PersistentLevel.Procedural03'
[2019.05.10-22.13.42:556][501]LogUObjectHash: Compacting FUObjectHashTables data took   4.72ms
[2019.05.10-22.13.42:578][502]LogPlayLevel: Display: Destroying online subsystem :Context_6
[2019.05.10-22.13.42:626][502]LogUObjectHash: Compacting FUObjectHashTables data took   2.51ms
[2019.05.10-22.13.54:053][869]LogAssetEditorManager: Opening Asset editor for Blueprint /Game/ThirdPersonBP/Blueprints/ThirdPersonCharacter.ThirdPersonCharacter
[2019.05.10-22.14.04:865][ 76]LogAssetEditorManager: Opening Asset editor for WidgetBlueprint /Game/ThirdPersonBP/Blueprints/Inventory_Slot.Inventory_Slot
[2019.05.10-22.14.05:131][ 76]LogAssetEditorManager: Opening Asset editor for Blueprint /Game/ThirdPersonBP/Blueprints/Inventory/InventoryComponent.InventoryComponent
[2019.05.10-22.14.05:386][ 76]LogLinker: Warning: Can't resolve asset name
[2019.05.10-22.14.05:389][ 76]LogAssetEditorManager: Opening Asset editor for WidgetBlueprint /Game/ThirdPersonBP/Blueprints/HUD_Widget.HUD_Widget
[2019.05.10-22.14.32:908][248]LogBlueprintActionDatabase: Requesting refresh due to module change: ExternalImagePicker (loaded)
[2019.05.10-22.14.33:614][248]LogSlate: Only BGRA pngs, bmps or icos are supported in by External Image Picker
[2019.05.10-22.15.32:933][219]BlueprintLog: New page: Compile ThirdPersonCharacter
[2019.05.10-22.15.33:176][219]LogUObjectHash: Compacting FUObjectHashTables data took   4.87ms
[2019.05.10-22.15.33:697][266]LogSavePackage: Moving '../../../../../../Users/localuser/Documents/GitHub/GameJam10_5_19/Saved/ThirdPersonCharacterEE78CD6944F2DA2330972BA6601CC7A0.tmp' to '../../../../../../Users/localuser/Documents/GitHub/GameJam10_5_19/Content/ThirdPersonBP/Blueprints/ThirdPersonCharacter.uasset'
[2019.05.10-22.15.35:249][443]LogUObjectHash: Compacting FUObjectHashTables data took   4.18ms
[2019.05.10-22.15.35:839][513]LogTemp: Repeating last play command: New Editor Window (PIE)
[2019.05.10-22.15.35:880][513]LogBlueprintUserMessages: Early PlayInEditor Detection: Level '/Game/ThirdPersonBP/Maps/ProceduralLevels.ProceduralLevels:PersistentLevel' has LevelScriptBlueprint '/Game/ThirdPersonBP/Maps/ProceduralLevels.ProceduralLevels:PersistentLevel.ProceduralLevels' with GeneratedClass '/Game/ThirdPersonBP/Maps/ProceduralLevels.ProceduralLevels_C' with ClassGeneratedBy '/Game/ThirdPersonBP/Maps/ProceduralLevels.ProceduralLevels:PersistentLevel.ProceduralLevels'
[2019.05.10-22.15.35:880][513]LogBlueprintUserMessages: Early PlayInEditor Detection: Level '/Game/ThirdPersonBP/Maps/ProceduralLevels/Procedural01.Procedural01:PersistentLevel' has LevelScriptBlueprint '/Game/ThirdPersonBP/Maps/ProceduralLevels/Procedural01.Procedural01:PersistentLevel.Procedural01' with GeneratedClass '/Game/ThirdPersonBP/Maps/ProceduralLevels/Procedural01.Procedural01_C' with ClassGeneratedBy '/Game/ThirdPersonBP/Maps/ProceduralLevels/Procedural01.Procedural01:PersistentLevel.Procedural01'
[2019.05.10-22.15.35:880][513]LogBlueprintUserMessages: Early PlayInEditor Detection: Level '/Game/ThirdPersonBP/Maps/ProceduralLevels/Procedural02.Procedural02:PersistentLevel' has LevelScriptBlueprint '/Game/ThirdPersonBP/Maps/ProceduralLevels/Procedural02.Procedural02:PersistentLevel.Procedural02' with GeneratedClass '/Game/ThirdPersonBP/Maps/ProceduralLevels/Procedural02.Procedural02_C' with ClassGeneratedBy '/Game/ThirdPersonBP/Maps/ProceduralLevels/Procedural02.Procedural02:PersistentLevel.Procedural02'
[2019.05.10-22.15.35:880][513]LogBlueprintUserMessages: Early PlayInEditor Detection: Level '/Game/ThirdPersonBP/Maps/ProceduralLevels/Procedural03.Procedural03:PersistentLevel' has LevelScriptBlueprint '/Game/ThirdPersonBP/Maps/ProceduralLevels/Procedural03.Procedural03:PersistentLevel.Procedural03' with GeneratedClass '/Game/ThirdPersonBP/Maps/ProceduralLevels/Procedural03.Procedural03_C' with ClassGeneratedBy '/Game/ThirdPersonBP/Maps/ProceduralLevels/Procedural03.Procedural03:PersistentLevel.Procedural03'
[2019.05.10-22.15.35:880][513]LogPlayLevel: PlayLevel: No blueprints needed recompiling
[2019.05.10-22.15.35:880][513]PIE: New page: PIE session: ProceduralLevels (11 May 2019 00:15:35)
[2019.05.10-22.15.35:880][513]LogPlayLevel: Creating play world package: /Game/ThirdPersonBP/Maps/UEDPIE_0_ProceduralLevels
[2019.05.10-22.15.35:883][513]LogPlayLevel: PIE: StaticDuplicateObject took: (0.002148s)
[2019.05.10-22.15.35:883][513]LogAIModule: Creating AISystem for world ProceduralLevels
[2019.05.10-22.15.35:883][513]LogPlayLevel: PIE: World Init took: (0.000409s)
[2019.05.10-22.15.35:883][513]LogPlayLevel: PIE: Created PIE world by copying editor world from /Game/ThirdPersonBP/Maps/ProceduralLevels.ProceduralLevels to /Game/ThirdPersonBP/Maps/UEDPIE_0_ProceduralLevels.ProceduralLevels (0.002645s)
[2019.05.10-22.15.35:926][513]LogUObjectHash: Compacting FUObjectHashTables data took   2.32ms
[2019.05.10-22.15.35:934][513]LogInit: XAudio2 using 'Speakers (Realtek High Definition Audio)' : 2 channels at 48 kHz using 32 bits per sample (channel mask 0x3)
[2019.05.10-22.15.35:946][513]LogInit: FAudioDevice initialized.
[2019.05.10-22.15.35:950][513]LogSlate: Updating window title bar state: overlay mode, drag disabled, window buttons hidden, title bar hidden
[2019.05.10-22.15.35:985][513]LogLoad: Game class is 'ThirdPersonGameMode_C'
[2019.05.10-22.15.35:988][513]LogWorld: Bringing World /Game/ThirdPersonBP/Maps/UEDPIE_0_ProceduralLevels.ProceduralLevels up for play (max tick rate 0) at 2019.05.10-23.15.35
[2019.05.10-22.15.35:988][513]LogWorld: Bringing up level for play took: 0.001008
[2019.05.10-22.15.36:017][513]PIE: Play in editor start time for /Game/ThirdPersonBP/Maps/UEDPIE_0_ProceduralLevels 0.74
[2019.05.10-22.15.36:017][513]LogBlueprintUserMessages: Late PlayInEditor Detection: Level '/Game/ThirdPersonBP/Maps/ProceduralLevels.ProceduralLevels:PersistentLevel' has LevelScriptBlueprint '/Game/ThirdPersonBP/Maps/ProceduralLevels.ProceduralLevels:PersistentLevel.ProceduralLevels' with GeneratedClass '/Game/ThirdPersonBP/Maps/ProceduralLevels.ProceduralLevels_C' with ClassGeneratedBy '/Game/ThirdPersonBP/Maps/ProceduralLevels.ProceduralLevels:PersistentLevel.ProceduralLevels'
[2019.05.10-22.15.36:017][513]LogBlueprintUserMessages: Late PlayInEditor Detection: Level '/Game/ThirdPersonBP/Maps/ProceduralLevels/Procedural01.Procedural01:PersistentLevel' has LevelScriptBlueprint '/Game/ThirdPersonBP/Maps/ProceduralLevels/Procedural01.Procedural01:PersistentLevel.Procedural01' with GeneratedClass '/Game/ThirdPersonBP/Maps/ProceduralLevels/Procedural01.Procedural01_C' with ClassGeneratedBy '/Game/ThirdPersonBP/Maps/ProceduralLevels/Procedural01.Procedural01:PersistentLevel.Procedural01'
[2019.05.10-22.15.36:017][513]LogBlueprintUserMessages: Late PlayInEditor Detection: Level '/Game/ThirdPersonBP/Maps/ProceduralLevels/Procedural02.Procedural02:PersistentLevel' has LevelScriptBlueprint '/Game/ThirdPersonBP/Maps/ProceduralLevels/Procedural02.Procedural02:PersistentLevel.Procedural02' with GeneratedClass '/Game/ThirdPersonBP/Maps/ProceduralLevels/Procedural02.Procedural02_C' with ClassGeneratedBy '/Game/ThirdPersonBP/Maps/ProceduralLevels/Procedural02.Procedural02:PersistentLevel.Procedural02'
[2019.05.10-22.15.36:017][513]LogBlueprintUserMessages: Late PlayInEditor Detection: Level '/Game/ThirdPersonBP/Maps/ProceduralLevels/Procedural03.Procedural03:PersistentLevel' has LevelScriptBlueprint '/Game/ThirdPersonBP/Maps/ProceduralLevels/Procedural03.Procedural03:PersistentLevel.Procedural03' with GeneratedClass '/Game/ThirdPersonBP/Maps/ProceduralLevels/Procedural03.Procedural03_C' with ClassGeneratedBy '/Game/ThirdPersonBP/Maps/ProceduralLevels/Procedural03.Procedural03:PersistentLevel.Procedural03'
[2019.05.10-22.15.37:284][585]LogScript: Warning: Attempted to access index 0 from array Inventory of length 0!
	Inventory_Window_C /Engine/Transient.UnrealEdEngine_0:GameInstance_1.Inventory_Window_C_0
	Function /Game/ThirdPersonBP/Blueprints/Inventory_Window.Inventory_Window_C:ExecuteUbergraph_Inventory_Window:00E6
[2019.05.10-22.15.37:285][585]PIE: Error: Blueprint Runtime Error: "Attempted to access index 0 from array Inventory of length 0!". Blueprint:  Inventory_Window Function:  Execute Ubergraph Inventory Window Graph:  EventGraph Node:  Create Widget
[2019.05.10-22.15.37:285][585]LogOutputDevice: Warning: 

Script Stack (5 frames):
Inventory_Window_C.ExecuteUbergraph_Inventory_Window
Inventory_Window_C.Construct
InventoryComponent_C.ToggleInventory
ThirdPersonCharacter_C.ExecuteUbergraph_ThirdPersonCharacter
ThirdPersonCharacter_C.InpActEvt_Inventory_K2Node_InputActionEvent_0

[2019.05.10-22.15.37:285][585]LogWindows: Windows GetLastError: The operation completed successfully. (0)
[2019.05.10-22.15.38:421][585]LogWindows: Error: === Critical error: ===
[2019.05.10-22.15.38:421][585]LogWindows: Error: 
[2019.05.10-22.15.38:421][585]LogWindows: Error: Assertion failed: Src [File:D:\Build\++UE4\Sync\Engine\Source\Runtime\CoreUObject\Private\UObject\Class.cpp] [Line: 2444] 
[2019.05.10-22.15.38:421][585]LogWindows: Error: 
[2019.05.10-22.15.38:421][585]LogWindows: Error: 
[2019.05.10-22.15.38:421][585]LogWindows: Error: 
[2019.05.10-22.15.38:421][585]LogWindows: Error: [Callstack] 0x00007ffc88c69129 KERNELBASE.dll!UnknownFunction []
[2019.05.10-22.15.38:421][585]LogWindows: Error: [Callstack] 0x00007ffc4a171f07 UE4Editor-Core.dll!UnknownFunction []
[2019.05.10-22.15.38:421][585]LogWindows: Error: [Callstack] 0x00007ffc4a1746b7 UE4Editor-Core.dll!UnknownFunction []
[2019.05.10-22.15.38:421][585]LogWindows: Error: [Callstack] 0x00007ffc49f87cea UE4Editor-Core.dll!UnknownFunction []
[2019.05.10-22.15.38:421][585]LogWindows: Error: [Callstack] 0x00007ffc49f0fe07 UE4Editor-Core.dll!UnknownFunction []
[2019.05.10-22.15.38:421][585]LogWindows: Error: [Callstack] 0x00007ffc49f10499 UE4Editor-Core.dll!UnknownFunction []
[2019.05.10-22.15.38:421][585]LogWindows: Error: [Callstack] 0x00007ffc3a755527 UE4Editor-CoreUObject.dll!UnknownFunction []
[2019.05.10-22.15.38:421][585]LogWindows: Error: [Callstack] 0x00007ffc38616a3a UE4Editor-Engine.dll!UnknownFunction []
[2019.05.10-22.15.38:421][585]LogWindows: Error: [Callstack] 0x00007ffc37ee8916 UE4Editor-Engine.dll!UnknownFunction []
[2019.05.10-22.15.38:422][585]LogWindows: Error: [Callstack] 0x00007ffc3a76bac8 UE4Editor-CoreUObject.dll!UnknownFunction []
[2019.05.10-22.15.38:422][585]LogWindows: Error: [Callstack] 0x00007ffc3a9600e2 UE4Editor-CoreUObject.dll!UnknownFunction []
[2019.05.10-22.15.38:422][585]LogWindows: Error: [Callstack] 0x00007ffc3a97cbc1 UE4Editor-CoreUObject.dll!UnknownFunction []
[2019.05.10-22.15.38:422][585]LogWindows: Error: [Callstack] 0x00007ffc3a97e98d UE4Editor-CoreUObject.dll!UnknownFunction []
[2019.05.10-22.15.38:422][585]LogWindows: Error: [Callstack] 0x00007ffc3a955efb UE4Editor-CoreUObject.dll!UnknownFunction []
[2019.05.10-22.15.38:422][585]LogWindows: Error: [Callstack] 0x00007ffc3a97e6a9 UE4Editor-CoreUObject.dll!UnknownFunction []
[2019.05.10-22.15.38:422][585]LogWindows: Error: [Callstack] 0x00007ffc3a97e98d UE4Editor-CoreUObject.dll!UnknownFunction []
[2019.05.10-22.15.38:422][585]LogWindows: Error: [Callstack] 0x00007ffc3a97e378 UE4Editor-CoreUObject.dll!UnknownFunction []
[2019.05.10-22.15.38:422][585]LogWindows: Error: [Callstack] 0x00007ffc3a76bac8 UE4Editor-CoreUObject.dll!UnknownFunction []
[2019.05.10-22.15.38:422][585]LogWindows: Error: [Callstack] 0x00007ffc3a97df07 UE4Editor-CoreUObject.dll!UnknownFunction []
[2019.05.10-22.15.38:422][585]LogWindows: Error: [Callstack] 0x00007ffc32ea329e UE4Editor-UMG.dll!UnknownFunction []
[2019.05.10-22.15.38:422][585]LogWindows: Error: [Callstack] 0x00007ffc32eff8a1 UE4Editor-UMG.dll!UnknownFunction []
[2019.05.10-22.15.38:422][585]LogWindows: Error: [Callstack] 0x00007ffc32e4f4d7 UE4Editor-UMG.dll!UnknownFunction []
[2019.05.10-22.15.38:422][585]LogWindows: Error: [Callstack] 0x00007ffc32eb6045 UE4Editor-UMG.dll!UnknownFunction []
[2019.05.10-22.15.38:422][585]LogWindows: Error: [Callstack] 0x00007ffc32e45fca UE4Editor-UMG.dll!UnknownFunction []
[2019.05.10-22.15.38:422][585]LogWindows: Error: [Callstack] 0x00007ffc32f10aa9 UE4Editor-UMG.dll!UnknownFunction []
[2019.05.10-22.15.38:422][585]LogWindows: Error: [Callstack] 0x00007ffc3a76bac8 UE4Editor-CoreUObject.dll!UnknownFunction []
[2019.05.10-22.15.38:422][585]LogWindows: Error: [Callstack] 0x00007ffc3a9600e2 UE4Editor-CoreUObject.dll!UnknownFunction []
[2019.05.10-22.15.38:422][585]LogWindows: Error: [Callstack] 0x00007ffc3a97cbc1 UE4Editor-CoreUObject.dll!UnknownFunction []
[2019.05.10-22.15.38:422][585]LogWindows: Error: [Callstack] 0x00007ffc3a994be6 UE4Editor-CoreUObject.dll!UnknownFunction []
[2019.05.10-22.15.38:422][585]LogWindows: Error: [Callstack] 0x00007ffc3a97e98d UE4Editor-CoreUObject.dll!UnknownFunction []
[2019.05.10-22.15.38:422][585]LogWindows: Error: [Callstack] 0x00007ffc3a955efb UE4Editor-CoreUObject.dll!UnknownFunction []
[2019.05.10-22.15.38:422][585]LogWindows: Error: [Callstack] 0x00007ffc3a97e6a9 UE4Editor-CoreUObject.dll!UnknownFunction []
[2019.05.10-22.15.38:422][585]LogWindows: Error: [Callstack] 0x00007ffc3a97cbc1 UE4Editor-CoreUObject.dll!UnknownFunction []
[2019.05.10-22.15.38:422][585]LogWindows: Error: [Callstack] 0x00007ffc3a97e98d UE4Editor-CoreUObject.dll!UnknownFunction []
[2019.05.10-22.15.38:422][585]LogWindows: Error: [Callstack] 0x00007ffc3a955efb UE4Editor-CoreUObject.dll!UnknownFunction []
[2019.05.10-22.15.38:422][585]LogWindows: Error: [Callstack] 0x00007ffc3a97e6a9 UE4Editor-CoreUObject.dll!UnknownFunction []
[2019.05.10-22.15.38:422][585]LogWindows: Error: [Callstack] 0x00007ffc3a97e98d UE4Editor-CoreUObject.dll!UnknownFunction []
[2019.05.10-22.15.38:422][585]LogWindows: Error: [Callstack] 0x00007ffc3a97e378 UE4Editor-CoreUObject.dll!UnknownFunction []
[2019.05.10-22.15.38:422][585]LogWindows: Error: [Callstack] 0x00007ffc3a76bac8 UE4Editor-CoreUObject.dll!UnknownFunction []
[2019.05.10-22.15.38:422][585]LogWindows: Error: [Callstack] 0x00007ffc3a97df07 UE4Editor-CoreUObject.dll!UnknownFunction []
[2019.05.10-22.15.38:422][585]LogWindows: Error: [Callstack] 0x00007ffc37ea9ff3 UE4Editor-Engine.dll!UnknownFunction []
[2019.05.10-22.15.38:422][585]LogWindows: Error: [Callstack] 0x00007ffc38ef6424 UE4Editor-Engine.dll!UnknownFunction []
[2019.05.10-22.15.38:422][585]LogWindows: Error: [Callstack] 0x00007ffc38f20961 UE4Editor-Engine.dll!UnknownFunction []
[2019.05.10-22.15.38:422][585]LogWindows: Error: [Callstack] 0x00007ffc38a90b64 UE4Editor-Engine.dll!UnknownFunction []
[2019.05.10-22.15.38:422][585]LogWindows: Error: [Callstack] 0x00007ffc38aa3a28 UE4Editor-Engine.dll!UnknownFunction []
[2019.05.10-22.15.38:422][585]LogWindows: Error: [Callstack] 0x00007ffc38a8ef6b UE4Editor-Engine.dll!UnknownFunction []
[2019.05.10-22.15.38:422][585]LogWindows: Error: [Callstack] 0x00007ffc38aa2437 UE4Editor-Engine.dll!UnknownFunction []
[2019.05.10-22.15.38:422][585]LogWindows: Error: [Callstack] 0x00007ffc37e8aeed UE4Editor-Engine.dll!UnknownFunction []
[2019.05.10-22.15.38:422][585]LogWindows: Error: [Callstack] 0x00007ffc38e46dcc UE4Editor-Engine.dll!UnknownFunction []
[2019.05.10-22.15.38:422][585]LogWindows: Error: [Callstack] 0x00007ffc49d922d8 UE4Editor-Core.dll!UnknownFunction []
[2019.05.10-22.15.38:422][585]LogWindows: Error: [Callstack] 0x00007ffc49d92563 UE4Editor-Core.dll!UnknownFunction []
[2019.05.10-22.15.38:422][585]LogWindows: Error: [Callstack] 0x00007ffc49da2309 UE4Editor-Core.dll!UnknownFunction []
[2019.05.10-22.15.38:422][585]LogWindows: Error: [Callstack] 0x00007ffc38e8f4f3 UE4Editor-Engine.dll!UnknownFunction []
[2019.05.10-22.15.38:422][585]LogWindows: Error: [Callstack] 0x00007ffc38e9b782 UE4Editor-Engine.dll!UnknownFunction []
[2019.05.10-22.15.38:422][585]LogWindows: Error: [Callstack] 0x00007ffc386bd9bf UE4Editor-Engine.dll!UnknownFunction []
[2019.05.10-22.15.38:422][585]LogWindows: Error: [Callstack] 0x00007ffc386c7b98 UE4Editor-Engine.dll!UnknownFunction []
[2019.05.10-22.15.38:422][585]LogWindows: Error: [Callstack] 0x00007ffc36a102f7 UE4Editor-UnrealEd.dll!UnknownFunction []
[2019.05.10-22.15.38:422][585]LogWindows: Error: [Callstack] 0x00007ffc3722c836 UE4Editor-UnrealEd.dll!UnknownFunction []
[2019.05.10-22.15.38:422][585]LogWindows: Error: [Callstack] 0x00007ff64cc36bb1 UE4Editor.exe!UnknownFunction []
[2019.05.10-22.15.38:422][585]LogWindows: Error: [Callstack] 0x00007ff64cc4554c UE4Editor.exe!UnknownFunction []
[2019.05.10-22.15.38:422][585]LogWindows: Error: [Callstack] 0x00007ff64cc455ca UE4Editor.exe!UnknownFunction []
[2019.05.10-22.15.38:422][585]LogWindows: Error: [Callstack] 0x00007ff64cc5316c UE4Editor.exe!UnknownFunction []
[2019.05.10-22.15.38:422][585]LogWindows: Error: [Callstack] 0x00007ff64cc55b8e UE4Editor.exe!UnknownFunction []
[2019.05.10-22.15.38:422][585]LogWindows: Error: [Callstack] 0x00007ffc8ac87974 KERNEL32.DLL!UnknownFunction []
[2019.05.10-22.15.38:422][585]LogWindows: Error: [Callstack] 0x00007ffc8c00a271 ntdll.dll!UnknownFunction []
[2019.05.10-22.15.38:422][585]LogWindows: Error: 
[2019.05.10-22.15.38:433][585]LogExit: Executing StaticShutdownAfterError
[2019.05.10-22.15.38:437][585]LogWindows: FPlatformMisc::RequestExit(1)
[2019.05.10-22.15.38:440][585]Log file closed, 05/10/19 23:15:38
